[2024-03-28T10:21:08.662] [ERROR] gameLog - [rpcClient.ts] heartbeat timeout, close the rpc socket: login
[2024-03-28T10:21:08.670] [ERROR] gameLog - [rpcClient.ts] socket closed, reconnect the rpc server later: login
[2024-03-28T10:49:26.607] [ERROR] gameLog - [rpcClient.ts] heartbeat timeout, close the rpc socket: login
[2024-03-28T10:49:26.613] [ERROR] gameLog - [rpcClient.ts] socket closed, reconnect the rpc server later: login
[2024-05-03T10:41:12.275] [DEBUG] gameLog - getAssetInfo
[2024-05-03T10:41:12.277] [DEBUG] gameLog - getInviteRewardInfo
[2024-05-03T10:41:12.278] [DEBUG] gameLog - getRoomInfo
[2024-05-03T10:41:12.278] [DEBUG] gameLog - cmd:3,msg:{"roomId":0,"roomIp":""}
[2024-05-03T10:41:12.284] [DEBUG] gameLog - getRoomInfo
[2024-05-03T10:41:12.285] [DEBUG] gameLog - cmd:3,msg:{"roomId":0,"roomIp":""}
[2024-05-03T10:41:12.289] [DEBUG] gameLog - cmd:4,msg:{"items":{"1":{"num":2},"2":{"num":2}}}
[2024-05-03T10:41:12.295] [DEBUG] gameLog - cmd:6,msg:{"inviteUids":[],"getRewardIndexs":[]}
[2024-05-03T10:42:47.544] [ERROR] gameLog - [rpcClient.ts] socket closed, reconnect the rpc server later: login
[2024-05-03T10:42:47.545] [ERROR] gameLog - [rpcServer.ts] a rpc client disconnected: con-0, ::ffff:127.0.0.1
[2024-05-07T22:32:14.087] [DEBUG] gameLog - getAssetInfo
[2024-05-07T22:32:14.090] [DEBUG] gameLog - getInviteRewardInfo
[2024-05-07T22:32:14.091] [DEBUG] gameLog - getRoomInfo
[2024-05-07T22:32:14.091] [DEBUG] gameLog - cmd:3,msg:{"roomId":0,"roomIp":""}
[2024-05-07T22:32:14.093] [DEBUG] gameLog - getRoomInfo
[2024-05-07T22:32:14.093] [DEBUG] gameLog - cmd:3,msg:{"roomId":0,"roomIp":""}
[2024-05-07T22:32:14.125] [DEBUG] gameLog - cmd:6,msg:{"inviteUids":[],"getRewardIndexs":[]}
[2024-05-07T22:32:14.129] [DEBUG] gameLog - cmd:4,msg:{"items":{"1":{"num":2},"2":{"num":2}}}
