[2024-04-15T18:18:09.450] [ERROR] gameLog - [rpcClient.ts] heartbeat timeout, close the rpc socket: login
[2024-04-15T18:18:09.454] [ERROR] gameLog - [rpcClient.ts] socket closed, reconnect the rpc server later: login
[2024-04-15T18:20:55.081] [ERROR] gameLog - [rpcClient.ts] heartbeat timeout, close the rpc socket: login
[2024-04-15T18:20:55.089] [ERROR] gameLog - [rpcClient.ts] socket closed, reconnect the rpc server later: login
[2024-04-15T18:21:59.197] [ERROR] gameLog - [rpcClient.ts] heartbeat timeout, close the rpc socket: info-0
[2024-04-15T18:21:59.200] [ERROR] gameLog - [rpcClient.ts] socket closed, reconnect the rpc server later: info-0
[2024-04-15T18:33:08.467] [ERROR] gameLog - [rpcClient.ts] heartbeat timeout, close the rpc socket: login
[2024-04-15T18:33:08.475] [ERROR] gameLog - [rpcClient.ts] socket closed, reconnect the rpc server later: login
[2024-04-15T18:35:38.282] [ERROR] gameLog - [rpcClient.ts] heartbeat timeout, close the rpc socket: login
[2024-04-15T18:35:38.286] [ERROR] gameLog - [rpcClient.ts] socket closed, reconnect the rpc server later: login
[2024-04-15T18:37:18.645] [ERROR] gameLog - [rpcClient.ts] heartbeat timeout, close the rpc socket: login
[2024-04-15T18:37:18.649] [ERROR] gameLog - [rpcClient.ts] socket closed, reconnect the rpc server later: login
[2024-04-15T18:39:12.215] [ERROR] gameLog - [rpcClient.ts] heartbeat timeout, close the rpc socket: login
[2024-04-15T18:39:12.223] [ERROR] gameLog - [rpcClient.ts] socket closed, reconnect the rpc server later: login
[2024-04-15T18:40:34.168] [ERROR] gameLog - [rpcClient.ts] heartbeat timeout, close the rpc socket: login
[2024-04-15T18:40:34.171] [ERROR] gameLog - [rpcClient.ts] socket closed, reconnect the rpc server later: login
[2024-04-15T18:43:04.670] [ERROR] gameLog - [rpcClient.ts] heartbeat timeout, close the rpc socket: info-0
[2024-04-15T18:43:04.676] [ERROR] gameLog - [rpcClient.ts] socket closed, reconnect the rpc server later: info-0
[2024-04-15T18:48:59.365] [ERROR] gameLog - [rpcClient.ts] heartbeat timeout, close the rpc socket: login
[2024-04-15T18:48:59.374] [ERROR] gameLog - [rpcClient.ts] socket closed, reconnect the rpc server later: login
[2024-04-15T18:49:54.396] [ERROR] gameLog - [rpcClient.ts] socket closed, reconnect the rpc server later: login
[2024-04-15T19:18:42.728] [ERROR] gameLog - [rpcClient.ts] heartbeat timeout, close the rpc socket: login
[2024-04-15T19:18:42.731] [ERROR] gameLog - [rpcClient.ts] socket closed, reconnect the rpc server later: login
[2024-04-15T19:20:52.514] [ERROR] gameLog - [rpcClient.ts] heartbeat timeout, close the rpc socket: info-0
[2024-04-15T19:21:10.846] [ERROR] gameLog - [rpcClient.ts] socket closed, reconnect the rpc server later: info-0
[2024-04-15T19:21:10.847] [ERROR] gameLog - [rpcClient.ts] heartbeat timeout, close the rpc socket: login
[2024-04-15T19:21:10.847] [ERROR] gameLog - [rpcClient.ts] socket closed, reconnect the rpc server later: login
[2024-04-15T19:21:10.848] [ERROR] gameLog - [rpcClient.ts] heartbeat timeout, close the rpc socket: con-0
[2024-04-15T19:21:10.848] [ERROR] gameLog - [rpcClient.ts] socket closed, reconnect the rpc server later: con-0
