[2024-03-28T10:17:35.174] [DEBUG] gameLog - getAssetInfo
[2024-03-28T10:17:35.176] [ERROR] gameLog - 找不到玩家:16
[2024-03-28T10:17:35.177] [DEBUG] gameLog - getInviteRewardInfo
[2024-03-28T10:17:35.179] [ERROR] gameLog - 找不到玩家:16
[2024-03-28T10:17:35.181] [DEBUG] gameLog - getRoomInfo
[2024-03-28T10:17:35.181] [ERROR] gameLog - 找不到玩家:16
[2024-03-28T10:17:35.182] [DEBUG] gameLog - cmd:3,msg:{"roomId":0,"roomIp":""}
[2024-03-28T10:17:35.216] [DEBUG] gameLog - cmd:4,msg:{"items":{"1":{"num":2},"2":{"num":2}}}
[2024-03-28T10:17:35.221] [DEBUG] gameLog - cmd:6,msg:{"inviteUids":[],"getRewardIndexs":[]}
[2024-03-28T10:17:49.484] [DEBUG] gameLog - getAssetInfo
[2024-03-28T10:17:49.486] [ERROR] gameLog - 找不到玩家:16
[2024-03-28T10:17:49.488] [DEBUG] gameLog - getInviteRewardInfo
[2024-03-28T10:17:49.489] [ERROR] gameLog - 找不到玩家:16
[2024-03-28T10:17:49.491] [DEBUG] gameLog - getRoomInfo
[2024-03-28T10:17:49.494] [ERROR] gameLog - 找不到玩家:16
[2024-03-28T10:17:49.495] [DEBUG] gameLog - cmd:3,msg:{"roomId":0,"roomIp":""}
[2024-03-28T10:17:49.497] [DEBUG] gameLog - cmd:4,msg:{"items":{"1":{"num":2},"2":{"num":2}}}
[2024-03-28T10:17:49.498] [DEBUG] gameLog - cmd:6,msg:{"inviteUids":[],"getRewardIndexs":[]}
[2024-03-28T10:17:55.584] [DEBUG] gameLog - getAssetInfo
[2024-03-28T10:17:55.585] [ERROR] gameLog - 找不到玩家:16
[2024-03-28T10:17:55.585] [DEBUG] gameLog - getInviteRewardInfo
[2024-03-28T10:17:55.585] [ERROR] gameLog - 找不到玩家:16
[2024-03-28T10:17:55.586] [DEBUG] gameLog - getRoomInfo
[2024-03-28T10:17:55.586] [ERROR] gameLog - 找不到玩家:16
[2024-03-28T10:17:55.586] [DEBUG] gameLog - cmd:3,msg:{"roomId":0,"roomIp":""}
[2024-03-28T10:17:55.587] [DEBUG] gameLog - cmd:4,msg:{"items":{"1":{"num":2},"2":{"num":2}}}
[2024-03-28T10:17:55.588] [DEBUG] gameLog - cmd:6,msg:{"inviteUids":[],"getRewardIndexs":[]}
[2024-03-28T10:18:34.313] [DEBUG] gameLog - getAssetInfo
[2024-03-28T10:18:34.314] [ERROR] gameLog - 找不到玩家:16
[2024-03-28T10:18:34.315] [DEBUG] gameLog - getInviteRewardInfo
[2024-03-28T10:18:34.315] [ERROR] gameLog - 找不到玩家:16
[2024-03-28T10:18:34.316] [DEBUG] gameLog - getRoomInfo
[2024-03-28T10:18:34.316] [ERROR] gameLog - 找不到玩家:16
[2024-03-28T10:18:34.317] [DEBUG] gameLog - cmd:3,msg:{"roomId":0,"roomIp":""}
[2024-03-28T10:18:34.318] [DEBUG] gameLog - cmd:4,msg:{"items":{"1":{"num":2},"2":{"num":2}}}
[2024-03-28T10:18:34.319] [DEBUG] gameLog - cmd:6,msg:{"inviteUids":[],"getRewardIndexs":[]}
[2024-03-28T10:18:54.808] [DEBUG] gameLog - getAssetInfo
[2024-03-28T10:18:54.809] [ERROR] gameLog - 找不到玩家:16
[2024-03-28T10:18:54.811] [DEBUG] gameLog - getInviteRewardInfo
[2024-03-28T10:18:54.812] [ERROR] gameLog - 找不到玩家:16
[2024-03-28T10:18:54.814] [DEBUG] gameLog - getRoomInfo
[2024-03-28T10:18:54.815] [ERROR] gameLog - 找不到玩家:16
[2024-03-28T10:18:54.816] [DEBUG] gameLog - cmd:3,msg:{"roomId":0,"roomIp":""}
[2024-03-28T10:18:54.817] [DEBUG] gameLog - cmd:4,msg:{"items":{"1":{"num":2},"2":{"num":2}}}
[2024-03-28T10:18:54.819] [DEBUG] gameLog - cmd:6,msg:{"inviteUids":[],"getRewardIndexs":[]}
[2024-03-28T10:20:04.184] [DEBUG] gameLog - getAssetInfo
[2024-03-28T10:20:04.185] [ERROR] gameLog - 找不到玩家:16
[2024-03-28T10:20:04.186] [DEBUG] gameLog - getInviteRewardInfo
[2024-03-28T10:20:04.187] [ERROR] gameLog - 找不到玩家:16
[2024-03-28T10:20:04.188] [DEBUG] gameLog - getRoomInfo
[2024-03-28T10:20:04.189] [ERROR] gameLog - 找不到玩家:16
[2024-03-28T10:20:04.190] [DEBUG] gameLog - cmd:3,msg:{"roomId":0,"roomIp":""}
[2024-03-28T10:20:04.191] [DEBUG] gameLog - cmd:4,msg:{"items":{"1":{"num":2},"2":{"num":2}}}
[2024-03-28T10:20:04.193] [DEBUG] gameLog - cmd:6,msg:{"inviteUids":[],"getRewardIndexs":[]}
[2024-03-28T10:20:31.133] [DEBUG] gameLog - getAssetInfo
[2024-03-28T10:20:31.134] [ERROR] gameLog - 找不到玩家:16
[2024-03-28T10:20:31.134] [DEBUG] gameLog - getInviteRewardInfo
[2024-03-28T10:20:31.134] [ERROR] gameLog - 找不到玩家:16
[2024-03-28T10:20:31.134] [DEBUG] gameLog - getRoomInfo
[2024-03-28T10:20:31.134] [ERROR] gameLog - 找不到玩家:16
[2024-03-28T10:20:31.134] [DEBUG] gameLog - cmd:3,msg:{"roomId":0,"roomIp":""}
[2024-03-28T10:20:31.135] [DEBUG] gameLog - cmd:4,msg:{"items":{"1":{"num":2},"2":{"num":2}}}
[2024-03-28T10:20:31.135] [DEBUG] gameLog - cmd:6,msg:{"inviteUids":[],"getRewardIndexs":[]}
[2024-03-28T10:21:17.412] [ERROR] gameLog - [rpcClient.ts] heartbeat timeout, close the rpc socket: login
[2024-03-28T10:21:17.413] [ERROR] gameLog - [rpcClient.ts] socket closed, reconnect the rpc server later: login
[2024-03-28T10:27:42.398] [DEBUG] gameLog - getRoomInfo
[2024-03-28T10:27:42.504] [DEBUG] gameLog - cmd:3,msg:{"roomId":0,"roomIp":""}
[2024-03-28T10:27:47.401] [DEBUG] gameLog - getAssetInfo
[2024-03-28T10:27:47.403] [ERROR] gameLog - 找不到玩家:16
[2024-03-28T10:27:47.406] [DEBUG] gameLog - getInviteRewardInfo
[2024-03-28T10:27:47.407] [ERROR] gameLog - 找不到玩家:16
[2024-03-28T10:27:47.408] [DEBUG] gameLog - getRoomInfo
[2024-03-28T10:27:47.409] [ERROR] gameLog - 找不到玩家:16
[2024-03-28T10:27:47.409] [DEBUG] gameLog - cmd:3,msg:{"roomId":0,"roomIp":""}
[2024-03-28T10:27:47.410] [DEBUG] gameLog - cmd:4,msg:{"items":{"1":{"num":2},"2":{"num":2}}}
[2024-03-28T10:27:47.414] [DEBUG] gameLog - cmd:6,msg:{"inviteUids":[],"getRewardIndexs":[]}
[2024-03-28T10:27:47.430] [DEBUG] gameLog - getRoomInfo
[2024-03-28T10:27:47.430] [ERROR] gameLog - 找不到玩家:16
[2024-03-28T10:27:47.431] [DEBUG] gameLog - cmd:3,msg:{"roomId":0,"roomIp":""}
[2024-03-28T10:27:50.875] [DEBUG] gameLog - getAssetInfo
[2024-03-28T10:27:50.875] [ERROR] gameLog - 找不到玩家:16
[2024-03-28T10:27:50.876] [DEBUG] gameLog - getInviteRewardInfo
[2024-03-28T10:27:50.876] [ERROR] gameLog - 找不到玩家:16
[2024-03-28T10:27:50.876] [DEBUG] gameLog - getRoomInfo
[2024-03-28T10:27:50.876] [ERROR] gameLog - 找不到玩家:16
[2024-03-28T10:27:50.877] [DEBUG] gameLog - cmd:3,msg:{"roomId":0,"roomIp":""}
[2024-03-28T10:27:50.877] [DEBUG] gameLog - getRoomInfo
[2024-03-28T10:27:50.878] [ERROR] gameLog - 找不到玩家:16
[2024-03-28T10:27:50.878] [DEBUG] gameLog - cmd:3,msg:{"roomId":0,"roomIp":""}
[2024-03-28T10:27:50.879] [DEBUG] gameLog - cmd:4,msg:{"items":{"1":{"num":2},"2":{"num":2}}}
[2024-03-28T10:27:50.880] [DEBUG] gameLog - cmd:6,msg:{"inviteUids":[],"getRewardIndexs":[]}
[2024-03-28T10:28:09.202] [DEBUG] gameLog - getAssetInfo
[2024-03-28T10:28:09.204] [ERROR] gameLog - 找不到玩家:16
[2024-03-28T10:28:09.205] [DEBUG] gameLog - getInviteRewardInfo
[2024-03-28T10:28:09.206] [ERROR] gameLog - 找不到玩家:16
[2024-03-28T10:28:09.207] [DEBUG] gameLog - getRoomInfo
[2024-03-28T10:28:09.207] [ERROR] gameLog - 找不到玩家:16
[2024-03-28T10:28:09.208] [DEBUG] gameLog - cmd:3,msg:{"roomId":0,"roomIp":""}
[2024-03-28T10:28:09.209] [DEBUG] gameLog - cmd:4,msg:{"items":{"1":{"num":2},"2":{"num":2}}}
[2024-03-28T10:28:09.210] [DEBUG] gameLog - cmd:6,msg:{"inviteUids":[],"getRewardIndexs":[]}
[2024-03-28T10:28:14.646] [DEBUG] gameLog - getRoomInfo
[2024-03-28T10:28:14.646] [ERROR] gameLog - 找不到玩家:16
[2024-03-28T10:28:14.646] [DEBUG] gameLog - cmd:3,msg:{"roomId":0,"roomIp":""}
[2024-03-28T10:29:10.040] [DEBUG] gameLog - getAssetInfo
[2024-03-28T10:29:10.040] [ERROR] gameLog - 找不到玩家:16
[2024-03-28T10:29:10.041] [DEBUG] gameLog - getInviteRewardInfo
[2024-03-28T10:29:10.041] [ERROR] gameLog - 找不到玩家:16
[2024-03-28T10:29:10.041] [DEBUG] gameLog - getRoomInfo
[2024-03-28T10:29:10.042] [ERROR] gameLog - 找不到玩家:16
[2024-03-28T10:29:10.042] [DEBUG] gameLog - cmd:3,msg:{"roomId":0,"roomIp":""}
[2024-03-28T10:29:10.043] [DEBUG] gameLog - getRoomInfo
[2024-03-28T10:29:10.044] [ERROR] gameLog - 找不到玩家:16
[2024-03-28T10:29:10.045] [DEBUG] gameLog - cmd:3,msg:{"roomId":0,"roomIp":""}
[2024-03-28T10:29:10.047] [DEBUG] gameLog - cmd:4,msg:{"items":{"1":{"num":2},"2":{"num":2}}}
[2024-03-28T10:29:10.049] [DEBUG] gameLog - cmd:6,msg:{"inviteUids":[],"getRewardIndexs":[]}
[2024-03-28T10:31:54.908] [DEBUG] gameLog - getAssetInfo
[2024-03-28T10:31:54.909] [ERROR] gameLog - 找不到玩家:16
[2024-03-28T10:31:54.910] [DEBUG] gameLog - getInviteRewardInfo
[2024-03-28T10:31:54.910] [ERROR] gameLog - 找不到玩家:16
[2024-03-28T10:31:54.911] [DEBUG] gameLog - getRoomInfo
[2024-03-28T10:31:54.911] [ERROR] gameLog - 找不到玩家:16
[2024-03-28T10:31:54.912] [DEBUG] gameLog - cmd:3,msg:{"roomId":0,"roomIp":""}
[2024-03-28T10:31:54.913] [DEBUG] gameLog - getRoomInfo
[2024-03-28T10:31:54.913] [ERROR] gameLog - 找不到玩家:16
[2024-03-28T10:31:54.914] [DEBUG] gameLog - cmd:3,msg:{"roomId":0,"roomIp":""}
[2024-03-28T10:31:54.915] [DEBUG] gameLog - cmd:4,msg:{"items":{"1":{"num":2},"2":{"num":2}}}
[2024-03-28T10:31:54.915] [DEBUG] gameLog - cmd:6,msg:{"inviteUids":[],"getRewardIndexs":[]}
[2024-03-28T10:44:09.729] [DEBUG] gameLog - getAssetInfo
[2024-03-28T10:44:09.729] [ERROR] gameLog - 找不到玩家:16
[2024-03-28T10:44:09.730] [DEBUG] gameLog - getInviteRewardInfo
[2024-03-28T10:44:09.730] [ERROR] gameLog - 找不到玩家:16
[2024-03-28T10:44:09.730] [DEBUG] gameLog - getRoomInfo
[2024-03-28T10:44:09.731] [ERROR] gameLog - 找不到玩家:16
[2024-03-28T10:44:09.731] [DEBUG] gameLog - cmd:3,msg:{"roomId":0,"roomIp":""}
[2024-03-28T10:44:09.732] [DEBUG] gameLog - getRoomInfo
[2024-03-28T10:44:09.732] [ERROR] gameLog - 找不到玩家:16
[2024-03-28T10:44:09.732] [DEBUG] gameLog - cmd:3,msg:{"roomId":0,"roomIp":""}
[2024-03-28T10:44:09.732] [DEBUG] gameLog - cmd:4,msg:{"items":{"1":{"num":2},"2":{"num":2}}}
[2024-03-28T10:44:09.733] [DEBUG] gameLog - cmd:6,msg:{"inviteUids":[],"getRewardIndexs":[]}
[2024-03-28T10:44:17.943] [DEBUG] gameLog - getAssetInfo
[2024-03-28T10:44:17.944] [ERROR] gameLog - 找不到玩家:16
[2024-03-28T10:44:17.944] [DEBUG] gameLog - getInviteRewardInfo
[2024-03-28T10:44:17.945] [ERROR] gameLog - 找不到玩家:16
[2024-03-28T10:44:17.945] [DEBUG] gameLog - getRoomInfo
[2024-03-28T10:44:17.945] [ERROR] gameLog - 找不到玩家:16
[2024-03-28T10:44:17.946] [DEBUG] gameLog - cmd:3,msg:{"roomId":0,"roomIp":""}
[2024-03-28T10:44:17.946] [DEBUG] gameLog - getRoomInfo
[2024-03-28T10:44:17.946] [ERROR] gameLog - 找不到玩家:16
[2024-03-28T10:44:17.947] [DEBUG] gameLog - cmd:3,msg:{"roomId":0,"roomIp":""}
[2024-03-28T10:44:17.947] [DEBUG] gameLog - cmd:4,msg:{"items":{"1":{"num":2},"2":{"num":2}}}
[2024-03-28T10:44:17.948] [DEBUG] gameLog - cmd:6,msg:{"inviteUids":[],"getRewardIndexs":[]}
[2024-03-28T10:45:04.787] [DEBUG] gameLog - getAssetInfo
[2024-03-28T10:45:04.788] [ERROR] gameLog - 找不到玩家:16
[2024-03-28T10:45:04.788] [DEBUG] gameLog - getInviteRewardInfo
[2024-03-28T10:45:04.788] [ERROR] gameLog - 找不到玩家:16
[2024-03-28T10:45:04.789] [DEBUG] gameLog - getRoomInfo
[2024-03-28T10:45:04.789] [ERROR] gameLog - 找不到玩家:16
[2024-03-28T10:45:04.789] [DEBUG] gameLog - cmd:3,msg:{"roomId":0,"roomIp":""}
[2024-03-28T10:45:04.790] [DEBUG] gameLog - getRoomInfo
[2024-03-28T10:45:04.790] [ERROR] gameLog - 找不到玩家:16
[2024-03-28T10:45:04.790] [DEBUG] gameLog - cmd:3,msg:{"roomId":0,"roomIp":""}
[2024-03-28T10:45:04.791] [DEBUG] gameLog - cmd:4,msg:{"items":{"1":{"num":2},"2":{"num":2}}}
[2024-03-28T10:45:04.792] [DEBUG] gameLog - cmd:6,msg:{"inviteUids":[],"getRewardIndexs":[]}
[2024-03-28T10:45:19.935] [DEBUG] gameLog - getAssetInfo
[2024-03-28T10:45:19.936] [ERROR] gameLog - 找不到玩家:16
[2024-03-28T10:45:19.937] [DEBUG] gameLog - getInviteRewardInfo
[2024-03-28T10:45:19.937] [ERROR] gameLog - 找不到玩家:16
[2024-03-28T10:45:19.938] [DEBUG] gameLog - getRoomInfo
[2024-03-28T10:45:19.938] [ERROR] gameLog - 找不到玩家:16
[2024-03-28T10:45:19.939] [DEBUG] gameLog - cmd:3,msg:{"roomId":0,"roomIp":""}
[2024-03-28T10:45:19.939] [DEBUG] gameLog - getRoomInfo
[2024-03-28T10:45:19.940] [ERROR] gameLog - 找不到玩家:16
[2024-03-28T10:45:19.941] [DEBUG] gameLog - cmd:3,msg:{"roomId":0,"roomIp":""}
[2024-03-28T10:45:19.943] [DEBUG] gameLog - cmd:4,msg:{"items":{"1":{"num":2},"2":{"num":2}}}
[2024-03-28T10:45:19.944] [DEBUG] gameLog - cmd:6,msg:{"inviteUids":[],"getRewardIndexs":[]}
[2024-03-28T10:45:35.773] [DEBUG] gameLog - getAssetInfo
[2024-03-28T10:45:35.774] [ERROR] gameLog - 找不到玩家:16
[2024-03-28T10:45:35.774] [DEBUG] gameLog - getInviteRewardInfo
[2024-03-28T10:45:35.774] [ERROR] gameLog - 找不到玩家:16
[2024-03-28T10:45:35.775] [DEBUG] gameLog - getRoomInfo
[2024-03-28T10:45:35.775] [ERROR] gameLog - 找不到玩家:16
[2024-03-28T10:45:35.775] [DEBUG] gameLog - cmd:3,msg:{"roomId":0,"roomIp":""}
[2024-03-28T10:45:35.776] [DEBUG] gameLog - getRoomInfo
[2024-03-28T10:45:35.776] [ERROR] gameLog - 找不到玩家:16
[2024-03-28T10:45:35.776] [DEBUG] gameLog - cmd:3,msg:{"roomId":0,"roomIp":""}
[2024-03-28T10:45:35.776] [DEBUG] gameLog - cmd:4,msg:{"items":{"1":{"num":2},"2":{"num":2}}}
[2024-03-28T10:45:35.777] [DEBUG] gameLog - cmd:6,msg:{"inviteUids":[],"getRewardIndexs":[]}
[2024-03-28T10:48:23.861] [DEBUG] gameLog - getAssetInfo
[2024-03-28T10:48:23.865] [DEBUG] gameLog - getInviteRewardInfo
[2024-03-28T10:48:23.866] [DEBUG] gameLog - getRoomInfo
[2024-03-28T10:48:23.867] [DEBUG] gameLog - cmd:3,msg:{"roomId":0,"roomIp":""}
[2024-03-28T10:48:23.871] [DEBUG] gameLog - getRoomInfo
[2024-03-28T10:48:23.872] [DEBUG] gameLog - cmd:3,msg:{"roomId":0,"roomIp":""}
[2024-03-28T10:48:23.873] [DEBUG] gameLog - cmd:6,msg:{"inviteUids":[],"getRewardIndexs":[]}
[2024-03-28T10:48:23.876] [DEBUG] gameLog - cmd:4,msg:{"items":{"1":{"num":2},"2":{"num":2}}}
[2024-03-28T10:49:27.992] [ERROR] gameLog - [rpcClient.ts] heartbeat timeout, close the rpc socket: login
[2024-03-28T10:49:27.996] [ERROR] gameLog - [rpcClient.ts] socket closed, reconnect the rpc server later: login
[2024-03-28T10:50:02.454] [DEBUG] gameLog - getAssetInfo
[2024-03-28T10:50:13.799] [DEBUG] gameLog - getInviteRewardInfo
[2024-03-28T10:50:13.800] [DEBUG] gameLog - getRoomInfo
[2024-03-28T10:50:13.801] [DEBUG] gameLog - cmd:3,msg:{"roomId":0,"roomIp":""}
[2024-03-28T10:50:13.806] [DEBUG] gameLog - getRoomInfo
[2024-03-28T10:50:13.806] [DEBUG] gameLog - cmd:3,msg:{"roomId":0,"roomIp":""}
[2024-03-28T10:50:13.807] [DEBUG] gameLog - cmd:4,msg:{"items":{"1":{"num":2},"2":{"num":2}}}
[2024-03-28T10:50:13.810] [DEBUG] gameLog - cmd:6,msg:{"inviteUids":[],"getRewardIndexs":[]}
[2024-03-28T10:50:21.411] [DEBUG] gameLog - getAssetInfo
[2024-03-28T10:50:21.412] [DEBUG] gameLog - getInviteRewardInfo
[2024-03-28T10:50:21.412] [DEBUG] gameLog - getRoomInfo
[2024-03-28T10:50:21.412] [DEBUG] gameLog - cmd:3,msg:{"roomId":0,"roomIp":""}
[2024-03-28T10:50:21.412] [DEBUG] gameLog - getRoomInfo
[2024-03-28T10:50:21.413] [DEBUG] gameLog - cmd:3,msg:{"roomId":0,"roomIp":""}
[2024-03-28T10:50:21.413] [DEBUG] gameLog - cmd:4,msg:{"items":{"1":{"num":2},"2":{"num":2}}}
[2024-03-28T10:50:21.414] [DEBUG] gameLog - cmd:6,msg:{"inviteUids":[],"getRewardIndexs":[]}
[2024-03-28T10:51:33.432] [DEBUG] gameLog - getAssetInfo
[2024-03-28T10:51:33.433] [DEBUG] gameLog - getInviteRewardInfo
[2024-03-28T10:51:33.433] [DEBUG] gameLog - getRoomInfo
[2024-03-28T10:51:33.433] [DEBUG] gameLog - cmd:3,msg:{"roomId":0,"roomIp":""}
[2024-03-28T10:51:33.434] [DEBUG] gameLog - getRoomInfo
[2024-03-28T10:51:33.435] [DEBUG] gameLog - cmd:3,msg:{"roomId":0,"roomIp":""}
[2024-03-28T10:51:40.166] [DEBUG] gameLog - cmd:4,msg:{"items":{"1":{"num":2},"2":{"num":2}}}
[2024-03-28T10:51:43.533] [DEBUG] gameLog - cmd:6,msg:{"inviteUids":[],"getRewardIndexs":[]}
[2024-03-28T10:51:59.181] [DEBUG] gameLog - getAssetInfo
[2024-03-28T10:51:59.182] [DEBUG] gameLog - getInviteRewardInfo
[2024-03-28T10:51:59.182] [DEBUG] gameLog - getRoomInfo
[2024-03-28T10:51:59.182] [DEBUG] gameLog - cmd:3,msg:{"roomId":0,"roomIp":""}
[2024-03-28T10:51:59.182] [DEBUG] gameLog - getRoomInfo
[2024-03-28T10:51:59.183] [DEBUG] gameLog - cmd:3,msg:{"roomId":0,"roomIp":""}
[2024-03-28T10:52:10.757] [DEBUG] gameLog - cmd:4,msg:{"items":{"1":{"num":2},"2":{"num":2}}}
[2024-03-28T10:52:10.757] [DEBUG] gameLog - cmd:6,msg:{"inviteUids":[],"getRewardIndexs":[]}
[2024-03-28T10:53:46.936] [DEBUG] gameLog - getAssetInfo
[2024-03-28T10:53:46.937] [DEBUG] gameLog - cmd:4,msg:{"items":{"1":{"num":2},"2":{"num":2}}}
[2024-03-28T10:54:10.815] [DEBUG] gameLog - getAssetInfo
[2024-03-28T10:54:10.816] [DEBUG] gameLog - cmd:4,msg:{"items":{"1":{"num":2},"2":{"num":2}}}
[2024-03-28T10:56:55.368] [DEBUG] gameLog - getAssetInfo
[2024-03-28T10:56:55.369] [DEBUG] gameLog - getInviteRewardInfo
[2024-03-28T10:56:55.370] [DEBUG] gameLog - getRoomInfo
[2024-03-28T10:56:55.370] [DEBUG] gameLog - cmd:3,msg:{"roomId":0,"roomIp":""}
[2024-03-28T10:56:55.371] [DEBUG] gameLog - cmd:4,msg:{"items":{"1":{"num":2},"2":{"num":2}}}
[2024-03-28T10:56:55.371] [DEBUG] gameLog - cmd:6,msg:{"inviteUids":[],"getRewardIndexs":[]}
[2024-03-28T10:56:55.398] [DEBUG] gameLog - getRoomInfo
[2024-03-28T10:56:55.399] [DEBUG] gameLog - cmd:3,msg:{"roomId":0,"roomIp":""}
[2024-03-28T10:57:33.150] [DEBUG] gameLog - getAssetInfo
[2024-03-28T10:57:33.152] [DEBUG] gameLog - getInviteRewardInfo
[2024-03-28T10:57:33.153] [DEBUG] gameLog - getRoomInfo
[2024-03-28T10:57:33.154] [DEBUG] gameLog - cmd:3,msg:{"roomId":0,"roomIp":""}
[2024-03-28T10:57:33.154] [DEBUG] gameLog - getRoomInfo
[2024-03-28T10:57:33.155] [DEBUG] gameLog - cmd:3,msg:{"roomId":0,"roomIp":""}
[2024-03-28T10:57:33.155] [DEBUG] gameLog - cmd:4,msg:{"items":{"1":{"num":2},"2":{"num":2}}}
[2024-03-28T10:57:33.155] [DEBUG] gameLog - cmd:6,msg:{"inviteUids":[],"getRewardIndexs":[]}
[2024-03-28T11:09:03.101] [DEBUG] gameLog - getAssetInfo
[2024-03-28T11:09:03.102] [DEBUG] gameLog - getInviteRewardInfo
[2024-03-28T11:09:03.102] [DEBUG] gameLog - getRoomInfo
[2024-03-28T11:09:03.102] [DEBUG] gameLog - cmd:3,msg:{"roomId":0,"roomIp":""}
[2024-03-28T11:09:03.103] [DEBUG] gameLog - getRoomInfo
[2024-03-28T11:09:03.103] [DEBUG] gameLog - cmd:3,msg:{"roomId":0,"roomIp":""}
[2024-03-28T11:09:03.103] [DEBUG] gameLog - cmd:4,msg:{"items":{"1":{"num":2},"2":{"num":2}}}
[2024-03-28T11:09:03.104] [DEBUG] gameLog - cmd:6,msg:{"inviteUids":[],"getRewardIndexs":[]}
[2024-03-28T11:09:14.459] [DEBUG] gameLog - getAssetInfo
[2024-03-28T11:09:14.461] [DEBUG] gameLog - getInviteRewardInfo
[2024-03-28T11:09:14.463] [DEBUG] gameLog - getRoomInfo
[2024-03-28T11:09:14.463] [DEBUG] gameLog - cmd:3,msg:{"roomId":0,"roomIp":""}
[2024-03-28T11:09:14.464] [DEBUG] gameLog - getRoomInfo
[2024-03-28T11:09:14.465] [DEBUG] gameLog - cmd:3,msg:{"roomId":0,"roomIp":""}
[2024-03-28T11:09:14.466] [DEBUG] gameLog - cmd:4,msg:{"items":{"1":{"num":2},"2":{"num":2}}}
[2024-03-28T11:09:14.466] [DEBUG] gameLog - cmd:6,msg:{"inviteUids":[],"getRewardIndexs":[]}
