[2024-04-15T18:46:27.439] [ERROR] gameLog - [rpcServer.ts] a rpc client disconnected: con-0, ::ffff:127.0.0.1
[2024-04-15T18:46:27.442] [ERROR] gameLog - [rpcServer.ts] a rpc client disconnected: login, ::ffff:127.0.0.1
[2024-04-15T18:49:54.226] [ERROR] gameLog - [rpcServer.ts] heartBeat time out, close it: login
[2024-04-15T18:49:54.234] [ERROR] gameLog - [rpcServer.ts] a rpc client disconnected: login, ::ffff:127.0.0.1
[2024-04-15T18:50:11.330] [ERROR] gameLog - [rpcServer.ts] a rpc client disconnected: con-0, ::ffff:127.0.0.1
[2024-04-15T18:50:11.330] [ERROR] gameLog - [rpcServer.ts] a rpc client disconnected: con-1, ::ffff:127.0.0.1
[2024-04-15T19:21:10.859] [ERROR] gameLog - [rpcServer.ts] a rpc client disconnected: login, ::ffff:127.0.0.1
[2024-04-15T19:21:10.863] [ERROR] gameLog - [rpcServer.ts] a rpc client disconnected: con-0, ::ffff:127.0.0.1
[2024-04-15T19:50:36.005] [ERROR] gameLog - TypeError: this.msgHandler[cmdArr[1]].route is not a function
    at E:\fangyuan\gitWorkSpace\snake\server\node_modules\mydog\lib\components\backendServer.js:86:52
    at cbFunc (E:\fangyuan\gitWorkSpace\snake\server\node_modules\mydog\lib\components\filter.js:23:17)
    at Filter.beforeFilter (E:\fangyuan\gitWorkSpace\snake\server\node_modules\mydog\lib\components\filter.js:30:9)
    at BackendServer.handleMsg (E:\fangyuan\gitWorkSpace\snake\server\node_modules\mydog\lib\components\backendServer.js:78:25)
    at RpcServerSocket.onData (E:\fangyuan\gitWorkSpace\snake\server\node_modules\mydog\lib\components\rpcServer.js:103:44)
    at NetSocket.emit (node:events:513:28)
    at decode (E:\fangyuan\gitWorkSpace\snake\server\node_modules\mydog\lib\components\msgCoder.js:53:28)
    at NetSocket.onData (E:\fangyuan\gitWorkSpace\snake\server\node_modules\mydog\lib\components\tcpServer.js:75:31)
    at Socket.emit (node:events:513:28)
    at addChunk (node:internal/streams/readable:324:12)
[2024-04-15T19:50:36.008] [ERROR] gameLog - TypeError: this.msgHandler[cmdArr[1]].route is not a function
    at E:\fangyuan\gitWorkSpace\snake\server\node_modules\mydog\lib\components\backendServer.js:86:52
    at cbFunc (E:\fangyuan\gitWorkSpace\snake\server\node_modules\mydog\lib\components\filter.js:23:17)
    at Filter.beforeFilter (E:\fangyuan\gitWorkSpace\snake\server\node_modules\mydog\lib\components\filter.js:30:9)
    at BackendServer.handleMsg (E:\fangyuan\gitWorkSpace\snake\server\node_modules\mydog\lib\components\backendServer.js:78:25)
    at RpcServerSocket.onData (E:\fangyuan\gitWorkSpace\snake\server\node_modules\mydog\lib\components\rpcServer.js:103:44)
    at NetSocket.emit (node:events:513:28)
    at decode (E:\fangyuan\gitWorkSpace\snake\server\node_modules\mydog\lib\components\msgCoder.js:53:28)
    at NetSocket.onData (E:\fangyuan\gitWorkSpace\snake\server\node_modules\mydog\lib\components\tcpServer.js:75:31)
    at Socket.emit (node:events:513:28)
    at addChunk (node:internal/streams/readable:324:12)
[2024-04-15T19:51:25.503] [ERROR] gameLog - TypeError: this.msgHandler[cmdArr[1]].route is not a function
    at E:\fangyuan\gitWorkSpace\snake\server\node_modules\mydog\lib\components\backendServer.js:86:52
    at cbFunc (E:\fangyuan\gitWorkSpace\snake\server\node_modules\mydog\lib\components\filter.js:23:17)
    at Filter.beforeFilter (E:\fangyuan\gitWorkSpace\snake\server\node_modules\mydog\lib\components\filter.js:30:9)
    at BackendServer.handleMsg (E:\fangyuan\gitWorkSpace\snake\server\node_modules\mydog\lib\components\backendServer.js:78:25)
    at RpcServerSocket.onData (E:\fangyuan\gitWorkSpace\snake\server\node_modules\mydog\lib\components\rpcServer.js:103:44)
    at NetSocket.emit (node:events:513:28)
    at decode (E:\fangyuan\gitWorkSpace\snake\server\node_modules\mydog\lib\components\msgCoder.js:53:28)
    at NetSocket.onData (E:\fangyuan\gitWorkSpace\snake\server\node_modules\mydog\lib\components\tcpServer.js:75:31)
    at Socket.emit (node:events:513:28)
    at addChunk (node:internal/streams/readable:324:12)
[2024-04-15T19:52:30.731] [ERROR] gameLog - TypeError: this.msgHandler[cmdArr[1]].route is not a function
    at E:\fangyuan\gitWorkSpace\snake\server\node_modules\mydog\lib\components\backendServer.js:86:52
    at cbFunc (E:\fangyuan\gitWorkSpace\snake\server\node_modules\mydog\lib\components\filter.js:23:17)
    at Filter.beforeFilter (E:\fangyuan\gitWorkSpace\snake\server\node_modules\mydog\lib\components\filter.js:30:9)
    at BackendServer.handleMsg (E:\fangyuan\gitWorkSpace\snake\server\node_modules\mydog\lib\components\backendServer.js:78:25)
    at RpcServerSocket.onData (E:\fangyuan\gitWorkSpace\snake\server\node_modules\mydog\lib\components\rpcServer.js:103:44)
    at NetSocket.emit (node:events:513:28)
    at decode (E:\fangyuan\gitWorkSpace\snake\server\node_modules\mydog\lib\components\msgCoder.js:53:28)
    at NetSocket.onData (E:\fangyuan\gitWorkSpace\snake\server\node_modules\mydog\lib\components\tcpServer.js:75:31)
    at Socket.emit (node:events:513:28)
    at addChunk (node:internal/streams/readable:324:12)
[2024-04-15T19:52:42.271] [ERROR] gameLog - [rpcServer.ts] a rpc client disconnected: login, ::ffff:127.0.0.1
[2024-04-15T19:52:53.920] [ERROR] gameLog - [rpcServer.ts] a rpc client disconnected: con-1, ::ffff:127.0.0.1
[2024-04-15T19:52:56.343] [ERROR] gameLog - [rpcServer.ts] a rpc client disconnected: info-0, ::ffff:127.0.0.1
[2024-04-15T19:56:56.945] [DEBUG] gameLog - cmd:6,msg:{"roomId":0,"roomIp":""}
[2024-04-15T19:56:56.951] [DEBUG] gameLog - cmd:6,msg:{"roomId":0,"roomIp":""}
