[2024-03-28T10:17:10.284] [DEBUG] gameLog - udp server listening on port ${port}
[2024-03-28T10:21:14.129] [ERROR] gameLog - [rpcClient.ts] heartbeat timeout, close the rpc socket: login
[2024-03-28T10:21:14.133] [ERROR] gameLog - [rpcClient.ts] socket closed, reconnect the rpc server later: login
[2024-03-28T10:27:41.407] [DEBUG] gameLog - udp server listening on port ${port}
[2024-03-28T10:46:39.290] [ERROR] gameLog - [rpcClient.ts] heartbeat timeout, close the rpc socket: info-0
[2024-03-28T10:46:39.295] [ERROR] gameLog - [rpcClient.ts] socket closed, reconnect the rpc server later: info-0
[2024-03-28T10:48:18.040] [DEBUG] gameLog - udp server listening on port ${port}
[2024-03-28T10:49:23.399] [ERROR] gameLog - [rpcClient.ts] heartbeat timeout, close the rpc socket: login
[2024-03-28T10:49:23.403] [ERROR] gameLog - [rpcClient.ts] socket closed, reconnect the rpc server later: login
[2024-03-28T10:50:02.259] [DEBUG] gameLog - udp server listening on port ${port}
[2024-04-11T17:58:35.292] [DEBUG] gameLog - udp server listening on port ${port}
[2024-04-12T16:52:17.989] [DEBUG] gameLog - udp server listening on port ${port}
[2024-04-15T18:08:42.534] [DEBUG] gameLog - udp server listening on port ${port}
[2024-04-15T18:09:49.675] [DEBUG] gameLog - udp server listening on port ${port}
[2024-04-15T18:10:52.883] [DEBUG] gameLog - udp server listening on port ${port}
[2024-04-15T18:11:20.733] [DEBUG] gameLog - udp server listening on port ${port}
[2024-04-15T18:12:16.772] [DEBUG] gameLog - udp server listening on port ${port}
[2024-04-15T18:18:08.175] [ERROR] gameLog - [rpcClient.ts] heartbeat timeout, close the rpc socket: login
[2024-04-15T18:18:08.181] [ERROR] gameLog - [rpcClient.ts] socket closed, reconnect the rpc server later: login
[2024-04-15T18:18:58.094] [ERROR] gameLog - [rpcClient.ts] heartbeat timeout, close the rpc socket: info-0
[2024-04-15T18:18:58.097] [ERROR] gameLog - [rpcClient.ts] socket closed, reconnect the rpc server later: info-0
[2024-04-15T18:19:48.100] [DEBUG] gameLog - udp server listening on port ${port}
[2024-04-15T18:20:56.841] [ERROR] gameLog - [rpcClient.ts] heartbeat timeout, close the rpc socket: login
[2024-04-15T18:20:56.845] [ERROR] gameLog - [rpcClient.ts] socket closed, reconnect the rpc server later: login
[2024-04-15T18:22:01.811] [ERROR] gameLog - [rpcClient.ts] heartbeat timeout, close the rpc socket: info-0
[2024-04-15T18:22:01.813] [ERROR] gameLog - [rpcClient.ts] socket closed, reconnect the rpc server later: info-0
[2024-04-15T18:23:46.269] [ERROR] gameLog - [rpcClient.ts] socket closed, reconnect the rpc server later: login
[2024-04-15T18:23:46.271] [ERROR] gameLog - [rpcServer.ts] a rpc client disconnected: con-0, ::ffff:127.0.0.1
[2024-04-15T18:23:46.271] [ERROR] gameLog - [rpcServer.ts] a rpc client disconnected: con-1, ::ffff:127.0.0.1
[2024-04-15T18:23:46.282] [ERROR] gameLog - [rpcServer.ts] a rpc client disconnected: center-0, ::ffff:127.0.0.1
[2024-04-15T18:23:46.283] [ERROR] gameLog - [rpcServer.ts] a rpc client disconnected: center-1, ::ffff:127.0.0.1
[2024-04-15T18:23:53.422] [DEBUG] gameLog - udp server listening on port ${port}
[2024-04-15T18:29:53.846] [DEBUG] gameLog - udp server listening on port ${port}
[2024-04-15T18:31:29.471] [DEBUG] gameLog - udp server listening on port ${port}
[2024-04-15T18:32:03.207] [DEBUG] gameLog - udp server listening on port ${port}
[2024-04-15T18:33:08.650] [ERROR] gameLog - [rpcClient.ts] heartbeat timeout, close the rpc socket: login
[2024-04-15T18:33:08.655] [ERROR] gameLog - [rpcClient.ts] socket closed, reconnect the rpc server later: login
[2024-04-15T18:34:30.506] [DEBUG] gameLog - udp server listening on port ${port}
[2024-04-15T18:35:39.192] [ERROR] gameLog - [rpcClient.ts] heartbeat timeout, close the rpc socket: login
[2024-04-15T18:35:39.195] [ERROR] gameLog - [rpcClient.ts] socket closed, reconnect the rpc server later: login
[2024-04-15T18:37:16.874] [ERROR] gameLog - [rpcClient.ts] heartbeat timeout, close the rpc socket: login
[2024-04-15T18:37:16.877] [ERROR] gameLog - [rpcClient.ts] socket closed, reconnect the rpc server later: login
[2024-04-15T18:38:03.014] [DEBUG] gameLog - udp server listening on port ${port}
[2024-04-15T18:39:11.161] [ERROR] gameLog - [rpcClient.ts] heartbeat timeout, close the rpc socket: login
[2024-04-15T18:39:11.168] [ERROR] gameLog - [rpcClient.ts] socket closed, reconnect the rpc server later: login
[2024-04-15T18:40:31.832] [ERROR] gameLog - [rpcClient.ts] heartbeat timeout, close the rpc socket: login
[2024-04-15T18:40:31.835] [ERROR] gameLog - [rpcClient.ts] socket closed, reconnect the rpc server later: login
[2024-04-15T18:41:57.496] [DEBUG] gameLog - udp server listening on port ${port}
[2024-04-15T18:43:06.481] [ERROR] gameLog - [rpcClient.ts] heartbeat timeout, close the rpc socket: info-0
[2024-04-15T18:43:06.485] [ERROR] gameLog - [rpcClient.ts] socket closed, reconnect the rpc server later: info-0
[2024-04-15T18:44:59.931] [DEBUG] gameLog - udp server listening on port ${port}
[2024-04-15T18:46:04.765] [DEBUG] gameLog - udp server listening on port ${port}
[2024-04-15T18:46:27.440] [ERROR] gameLog - [rpcServer.ts] a rpc client disconnected: con-0, ::ffff:127.0.0.1
[2024-04-15T18:46:27.442] [ERROR] gameLog - [rpcClient.ts] socket closed, reconnect the rpc server later: login
[2024-04-15T18:46:27.448] [ERROR] gameLog - [rpcServer.ts] a rpc client disconnected: con-1, ::ffff:127.0.0.1
[2024-04-15T18:46:36.909] [DEBUG] gameLog - udp server listening on port ${port}
[2024-04-15T18:46:55.871] [DEBUG] gameLog - udp server listening on port ${port}
[2024-04-15T18:49:04.042] [ERROR] gameLog - [rpcClient.ts] heartbeat timeout, close the rpc socket: login
[2024-04-15T18:49:04.044] [ERROR] gameLog - [rpcClient.ts] socket closed, reconnect the rpc server later: login
[2024-04-15T18:49:54.397] [ERROR] gameLog - [rpcClient.ts] socket closed, reconnect the rpc server later: login
[2024-04-15T18:50:11.334] [ERROR] gameLog - [rpcServer.ts] a rpc client disconnected: con-0, ::ffff:127.0.0.1
[2024-04-15T18:52:58.700] [DEBUG] gameLog - udp server listening on port ${port}
[2024-04-15T18:54:29.857] [DEBUG] gameLog - udp server listening on port ${port}
[2024-04-15T19:19:45.188] [DEBUG] gameLog - udp server listening on port ${port}
[2024-04-15T19:20:51.853] [ERROR] gameLog - [rpcClient.ts] heartbeat timeout, close the rpc socket: info-0
[2024-04-15T19:21:10.857] [ERROR] gameLog - [rpcClient.ts] socket closed, reconnect the rpc server later: info-0
[2024-04-15T19:21:10.859] [ERROR] gameLog - [rpcClient.ts] socket closed, reconnect the rpc server later: login
[2024-04-15T19:21:10.860] [ERROR] gameLog - [rpcServer.ts] a rpc client disconnected: con-0, ::ffff:127.0.0.1
[2024-04-15T19:21:10.862] [ERROR] gameLog - [rpcServer.ts] a rpc client disconnected: con-1, ::ffff:127.0.0.1
[2024-04-15T19:21:10.863] [ERROR] gameLog - [rpcServer.ts] a rpc client disconnected: center-0, ::ffff:127.0.0.1
[2024-04-15T19:21:38.432] [DEBUG] gameLog - udp server listening on port ${port}
[2024-04-15T19:23:39.497] [DEBUG] gameLog - udp server listening on port ${port}
[2024-04-15T19:26:57.094] [DEBUG] gameLog - udp server listening on port ${port}
[2024-04-15T19:32:42.904] [DEBUG] gameLog - udp server listening on port ${port}
[2024-04-15T19:48:06.002] [DEBUG] gameLog - udp server listening on port ${port}
[2024-04-15T19:50:20.220] [ERROR] gameLog - [rpcServer.ts] a rpc client disconnected: con-0, ::ffff:127.0.0.1
[2024-04-15T19:50:35.668] [DEBUG] gameLog - udp server listening on port ${port}
[2024-04-15T19:53:09.338] [DEBUG] gameLog - udp server listening on port ${port}
[2024-04-15T19:53:21.974] [ERROR] gameLog - [rpcClient.ts] socket closed, reconnect the rpc server later: login
[2024-04-15T19:56:56.365] [DEBUG] gameLog - udp server listening on port ${port}
