[2024-01-21T22:07:42.233] [ERROR] gameLog - [rpcClient.ts] socket closed, reconnect the rpc server later: login
[2024-01-23T17:00:59.230] [ERROR] gameLog - [rpcClient.ts] socket closed, reconnect the rpc server later: login
[2024-01-23T18:22:17.871] [ERROR] gameLog - [rpcClient.ts] socket closed, reconnect the rpc server later: login
[2024-01-23T18:22:17.901] [ERROR] gameLog - [rpcServer.ts] a rpc client disconnected: con-0, ::ffff:127.0.0.1
[2024-01-23T22:44:35.632] [ERROR] gameLog - [rpcClient.ts] heartbeat timeout, close the rpc socket: info-0
[2024-01-23T22:44:35.635] [ERROR] gameLog - [rpcClient.ts] socket closed, reconnect the rpc server later: info-0
[2024-01-23T22:49:13.543] [ERROR] gameLog - [rpcClient.ts] heartbeat timeout, close the rpc socket: info-0
[2024-01-23T22:49:13.546] [ERROR] gameLog - [rpcClient.ts] socket closed, reconnect the rpc server later: info-0
[2024-01-23T22:51:17.256] [ERROR] gameLog - [rpcClient.ts] heartbeat timeout, close the rpc socket: info-0
[2024-01-23T22:51:17.257] [ERROR] gameLog - [rpcClient.ts] socket closed, reconnect the rpc server later: info-0
[2024-01-23T22:56:17.476] [ERROR] gameLog - [rpcClient.ts] heartbeat timeout, close the rpc socket: info-0
[2024-01-23T22:56:17.479] [ERROR] gameLog - [rpcClient.ts] socket closed, reconnect the rpc server later: info-0
[2024-01-23T22:59:39.864] [ERROR] gameLog - [rpcClient.ts] heartbeat timeout, close the rpc socket: info-0
[2024-01-23T22:59:39.867] [ERROR] gameLog - [rpcClient.ts] socket closed, reconnect the rpc server later: info-0
[2024-01-23T23:01:28.187] [ERROR] gameLog - [rpcClient.ts] socket closed, reconnect the rpc server later: info-0
[2024-01-23T23:04:26.002] [ERROR] gameLog - [rpcClient.ts] heartbeat timeout, close the rpc socket: info-0
[2024-01-23T23:04:26.005] [ERROR] gameLog - [rpcClient.ts] socket closed, reconnect the rpc server later: info-0
[2024-01-23T23:11:01.265] [ERROR] gameLog - [rpcClient.ts] heartbeat timeout, close the rpc socket: info-0
[2024-01-23T23:11:01.268] [ERROR] gameLog - [rpcClient.ts] socket closed, reconnect the rpc server later: info-0
[2024-01-24T22:03:39.198] [ERROR] gameLog - [rpcClient.ts] heartbeat timeout, close the rpc socket: info-0
[2024-01-24T22:03:39.201] [ERROR] gameLog - [rpcClient.ts] socket closed, reconnect the rpc server later: info-0
[2024-01-24T22:04:35.698] [ERROR] gameLog - [rpcClient.ts] socket closed, reconnect the rpc server later: info-0
[2024-01-24T22:07:58.847] [ERROR] gameLog - [rpcClient.ts] heartbeat timeout, close the rpc socket: info-0
[2024-01-24T22:07:58.850] [ERROR] gameLog - [rpcClient.ts] socket closed, reconnect the rpc server later: info-0
[2024-01-24T22:09:20.806] [ERROR] gameLog - [rpcClient.ts] heartbeat timeout, close the rpc socket: info-0
[2024-01-24T22:09:20.807] [ERROR] gameLog - [rpcClient.ts] socket closed, reconnect the rpc server later: info-0
[2024-01-24T22:36:30.044] [ERROR] gameLog - [rpcClient.ts] heartbeat timeout, close the rpc socket: info-1
[2024-01-24T22:36:30.047] [ERROR] gameLog - [rpcClient.ts] socket closed, reconnect the rpc server later: info-1
[2024-01-24T22:37:23.006] [ERROR] gameLog - [rpcClient.ts] socket closed, reconnect the rpc server later: info-1
[2024-01-24T22:39:21.270] [ERROR] gameLog - [rpcClient.ts] heartbeat timeout, close the rpc socket: info-0
[2024-01-24T22:39:21.273] [ERROR] gameLog - [rpcClient.ts] socket closed, reconnect the rpc server later: info-0
[2024-01-24T22:42:43.824] [ERROR] gameLog - [rpcClient.ts] heartbeat timeout, close the rpc socket: info-0
[2024-01-24T22:42:43.827] [ERROR] gameLog - [rpcClient.ts] socket closed, reconnect the rpc server later: info-0
[2024-01-24T22:43:34.465] [ERROR] gameLog - [rpcClient.ts] socket closed, reconnect the rpc server later: info-0
[2024-01-24T22:52:51.223] [ERROR] gameLog - [rpcClient.ts] heartbeat timeout, close the rpc socket: info-0
[2024-01-24T22:52:51.226] [ERROR] gameLog - [rpcClient.ts] socket closed, reconnect the rpc server later: info-0
[2024-01-24T22:56:03.985] [ERROR] gameLog - [rpcClient.ts] heartbeat timeout, close the rpc socket: info-0
[2024-01-24T22:56:03.988] [ERROR] gameLog - [rpcClient.ts] socket closed, reconnect the rpc server later: info-0
[2024-01-24T23:04:45.803] [ERROR] gameLog - [rpcClient.ts] heartbeat timeout, close the rpc socket: info-0
[2024-01-24T23:04:45.808] [ERROR] gameLog - [rpcClient.ts] socket closed, reconnect the rpc server later: info-0
[2024-01-24T23:09:23.436] [ERROR] gameLog - [rpcClient.ts] heartbeat timeout, close the rpc socket: info-0
[2024-01-24T23:09:23.439] [ERROR] gameLog - [rpcClient.ts] socket closed, reconnect the rpc server later: info-0
[2024-01-24T23:10:13.028] [ERROR] gameLog - [rpcClient.ts] socket closed, reconnect the rpc server later: info-0
[2024-01-25T12:32:36.505] [ERROR] gameLog - [rpcServer.ts] heartBeat time out, close it: con-0
[2024-01-25T12:32:37.831] [ERROR] gameLog - [rpcServer.ts] a rpc client disconnected: con-0, ::ffff:127.0.0.1
[2024-01-25T12:32:37.836] [ERROR] gameLog - [rpcClient.ts] socket closed, reconnect the rpc server later: login
[2024-01-25T12:32:37.839] [ERROR] gameLog - [rpcClient.ts] socket closed, reconnect the rpc server later: info-1
[2024-01-25T12:32:37.841] [ERROR] gameLog - [rpcClient.ts] socket closed, reconnect the rpc server later: game-1
[2024-01-25T12:32:37.843] [ERROR] gameLog - [rpcClient.ts] socket closed, reconnect the rpc server later: info-0
[2024-01-25T12:32:37.845] [ERROR] gameLog - [rpcClient.ts] socket closed, reconnect the rpc server later: game-0
[2024-01-25T12:32:37.849] [ERROR] gameLog - [rpcClient.ts] socket closed, reconnect the rpc server later: match-0
[2024-01-25T12:32:38.154] [ERROR] gameLog - [monitor.ts] socket closed, try to reconnect master later
[2024-01-25T12:41:30.679] [ERROR] gameLog - [rpcServer.ts] heartBeat time out, close it: con-0
[2024-01-25T12:41:30.681] [ERROR] gameLog - [rpcServer.ts] a rpc client disconnected: con-0, ::ffff:127.0.0.1
[2024-01-25T12:41:30.683] [ERROR] gameLog - [rpcClient.ts] socket closed, reconnect the rpc server later: info-0
[2024-01-25T12:41:30.687] [ERROR] gameLog - [rpcClient.ts] socket closed, reconnect the rpc server later: login
[2024-01-25T12:41:30.691] [ERROR] gameLog - [rpcClient.ts] socket closed, reconnect the rpc server later: match-0
[2024-01-25T12:41:30.696] [ERROR] gameLog - [rpcClient.ts] socket closed, reconnect the rpc server later: game-1
[2024-01-25T12:41:30.700] [ERROR] gameLog - [rpcClient.ts] socket closed, reconnect the rpc server later: info-1
[2024-01-25T12:41:30.709] [ERROR] gameLog - [monitor.ts] socket closed, try to reconnect master later
[2024-01-25T12:41:31.060] [ERROR] gameLog - [rpcClient.ts] socket closed, reconnect the rpc server later: game-0
[2024-01-25T16:09:19.577] [ERROR] gameLog - [rpcServer.ts] heartBeat time out, close it: con-0
[2024-01-25T16:09:20.339] [ERROR] gameLog - [rpcServer.ts] a rpc client disconnected: con-0, ::ffff:127.0.0.1
[2024-01-25T16:09:20.400] [ERROR] gameLog - [rpcClient.ts] socket closed, reconnect the rpc server later: match-0
[2024-01-25T16:09:20.403] [ERROR] gameLog - [rpcClient.ts] socket closed, reconnect the rpc server later: info-1
[2024-01-25T16:09:20.407] [ERROR] gameLog - [rpcClient.ts] socket closed, reconnect the rpc server later: game-0
[2024-01-25T16:09:20.409] [ERROR] gameLog - [rpcClient.ts] socket closed, reconnect the rpc server later: login
[2024-01-25T16:09:20.411] [ERROR] gameLog - [rpcClient.ts] socket closed, reconnect the rpc server later: info-0
[2024-01-25T16:09:20.414] [ERROR] gameLog - [rpcClient.ts] socket closed, reconnect the rpc server later: game-1
[2024-01-25T16:09:20.423] [ERROR] gameLog - [monitor.ts] socket closed, try to reconnect master later
[2024-01-25T16:40:54.508] [ERROR] gameLog - [rpcClient.ts] socket closed, reconnect the rpc server later: game-1
[2024-01-25T22:22:38.089] [ERROR] gameLog - [rpcClient.ts] heartbeat timeout, close the rpc socket: info-0
[2024-01-25T22:22:38.091] [ERROR] gameLog - [rpcClient.ts] socket closed, reconnect the rpc server later: info-0
[2024-01-25T22:23:31.136] [ERROR] gameLog - [rpcClient.ts] socket closed, reconnect the rpc server later: info-0
[2024-01-25T22:24:49.551] [ERROR] gameLog - [rpcClient.ts] heartbeat timeout, close the rpc socket: info-0
[2024-01-25T22:24:49.554] [ERROR] gameLog - [rpcClient.ts] socket closed, reconnect the rpc server later: info-0
[2024-01-25T22:29:42.058] [ERROR] gameLog - [rpcClient.ts] heartbeat timeout, close the rpc socket: info-0
[2024-01-25T22:29:42.061] [ERROR] gameLog - [rpcClient.ts] socket closed, reconnect the rpc server later: info-0
[2024-01-25T22:30:35.497] [ERROR] gameLog - [rpcClient.ts] socket closed, reconnect the rpc server later: info-0
[2024-01-25T22:39:23.927] [ERROR] gameLog - [rpcClient.ts] heartbeat timeout, close the rpc socket: info-0
[2024-01-25T22:39:23.930] [ERROR] gameLog - [rpcClient.ts] socket closed, reconnect the rpc server later: info-0
[2024-01-25T22:45:06.221] [ERROR] gameLog - [rpcClient.ts] heartbeat timeout, close the rpc socket: info-0
[2024-01-25T22:45:06.224] [ERROR] gameLog - [rpcClient.ts] socket closed, reconnect the rpc server later: info-0
[2024-01-25T22:45:59.772] [ERROR] gameLog - [rpcClient.ts] socket closed, reconnect the rpc server later: info-0
[2024-01-25T22:58:12.018] [ERROR] gameLog - [rpcClient.ts] heartbeat timeout, close the rpc socket: info-0
[2024-01-25T22:58:12.021] [ERROR] gameLog - [rpcClient.ts] socket closed, reconnect the rpc server later: info-0
[2024-01-25T23:03:34.906] [ERROR] gameLog - [rpcClient.ts] heartbeat timeout, close the rpc socket: info-0
[2024-01-25T23:03:34.909] [ERROR] gameLog - [rpcClient.ts] socket closed, reconnect the rpc server later: info-0
[2024-01-25T23:06:46.155] [ERROR] gameLog - [rpcClient.ts] heartbeat timeout, close the rpc socket: info-0
[2024-01-25T23:06:46.158] [ERROR] gameLog - [rpcClient.ts] socket closed, reconnect the rpc server later: info-0
[2024-01-25T23:07:39.971] [ERROR] gameLog - [rpcClient.ts] socket closed, reconnect the rpc server later: info-0
[2024-01-25T23:29:57.131] [ERROR] gameLog - [rpcClient.ts] heartbeat timeout, close the rpc socket: info-0
[2024-01-25T23:29:57.134] [ERROR] gameLog - [rpcClient.ts] socket closed, reconnect the rpc server later: info-0
