[2024-01-21T22:07:42.234] [ERROR] gameLog - [rpcClient.ts] socket closed, reconnect the rpc server later: login
[2024-01-23T17:00:59.229] [ERROR] gameLog - [rpcClient.ts] socket closed, reconnect the rpc server later: login
[2024-01-23T17:00:59.261] [ERROR] gameLog - [rpcServer.ts] a rpc client disconnected: con-0, ::ffff:127.0.0.1
[2024-01-23T17:00:59.271] [ERROR] gameLog - [rpcServer.ts] a rpc client disconnected: con-1, ::ffff:127.0.0.1
[2024-01-23T17:00:59.278] [ERROR] gameLog - [rpcClient.ts] socket closed, reconnect the rpc server later: info-0
[2024-01-23T17:00:59.302] [ERROR] gameLog - [rpcClient.ts] socket closed, reconnect the rpc server later: info-1
[2024-01-23T17:00:59.317] [ERROR] gameLog - [rpcClient.ts] socket closed, reconnect the rpc server later: match-0
[2024-01-23T17:00:59.332] [ERROR] gameLog - [rpcServer.ts] a rpc client disconnected: game-0, ::ffff:127.0.0.1
[2024-01-23T18:22:17.872] [ERROR] gameLog - [rpcClient.ts] socket closed, reconnect the rpc server later: login
[2024-01-23T18:22:17.906] [ERROR] gameLog - [rpcServer.ts] a rpc client disconnected: con-0, ::ffff:127.0.0.1
[2024-01-23T18:22:17.923] [ERROR] gameLog - [rpcServer.ts] a rpc client disconnected: con-1, ::ffff:127.0.0.1
[2024-01-23T18:22:17.938] [ERROR] gameLog - [rpcClient.ts] socket closed, reconnect the rpc server later: info-0
[2024-01-23T18:22:17.948] [ERROR] gameLog - [rpcClient.ts] socket closed, reconnect the rpc server later: info-1
[2024-01-23T18:22:17.955] [ERROR] gameLog - [rpcClient.ts] socket closed, reconnect the rpc server later: match-0
[2024-01-23T22:45:32.805] [ERROR] gameLog - [rpcClient.ts] heartbeat timeout, close the rpc socket: info-0
[2024-01-23T22:45:32.808] [ERROR] gameLog - [rpcClient.ts] socket closed, reconnect the rpc server later: info-0
[2024-01-23T22:49:14.492] [ERROR] gameLog - [rpcClient.ts] heartbeat timeout, close the rpc socket: info-0
[2024-01-23T22:49:14.496] [ERROR] gameLog - [rpcClient.ts] socket closed, reconnect the rpc server later: info-0
[2024-01-23T22:56:17.337] [ERROR] gameLog - [rpcClient.ts] heartbeat timeout, close the rpc socket: info-0
[2024-01-23T22:56:17.340] [ERROR] gameLog - [rpcClient.ts] socket closed, reconnect the rpc server later: info-0
[2024-01-23T22:59:41.535] [ERROR] gameLog - [rpcClient.ts] heartbeat timeout, close the rpc socket: info-0
[2024-01-23T22:59:41.538] [ERROR] gameLog - [rpcClient.ts] socket closed, reconnect the rpc server later: info-0
[2024-01-23T23:01:28.187] [ERROR] gameLog - [rpcClient.ts] socket closed, reconnect the rpc server later: info-0
[2024-01-23T23:04:26.871] [ERROR] gameLog - [rpcClient.ts] heartbeat timeout, close the rpc socket: info-0
[2024-01-23T23:04:26.874] [ERROR] gameLog - [rpcClient.ts] socket closed, reconnect the rpc server later: info-0
[2024-01-23T23:11:18.426] [ERROR] gameLog - [rpcClient.ts] heartbeat timeout, close the rpc socket: info-0
[2024-01-23T23:11:18.429] [ERROR] gameLog - [rpcClient.ts] socket closed, reconnect the rpc server later: info-0
