[2024-01-21T22:07:42.233] [ERROR] gameLog - [rpcClient.ts] socket closed, reconnect the rpc server later: login
[2024-01-23T17:00:59.241] [ERROR] gameLog - [rpcClient.ts] socket closed, reconnect the rpc server later: login
[2024-01-23T17:00:59.260] [ERROR] gameLog - [rpcServer.ts] a rpc client disconnected: con-0, ::ffff:127.0.0.1
[2024-01-23T17:00:59.267] [ERROR] gameLog - [rpcServer.ts] a rpc client disconnected: con-1, ::ffff:127.0.0.1
[2024-01-23T17:00:59.275] [ERROR] gameLog - [rpcClient.ts] socket closed, reconnect the rpc server later: info-0
[2024-01-23T17:00:59.301] [ERROR] gameLog - [rpcClient.ts] socket closed, reconnect the rpc server later: info-1
[2024-01-23T17:00:59.316] [ERROR] gameLog - [rpcClient.ts] socket closed, reconnect the rpc server later: match-0
[2024-01-23T18:22:17.880] [ERROR] gameLog - [rpcClient.ts] socket closed, reconnect the rpc server later: login
[2024-01-23T18:22:17.908] [ERROR] gameLog - [rpcServer.ts] a rpc client disconnected: con-0, ::ffff:127.0.0.1
[2024-01-23T18:22:17.921] [ERROR] gameLog - [rpcServer.ts] a rpc client disconnected: con-1, ::ffff:127.0.0.1
[2024-01-23T18:22:17.938] [ERROR] gameLog - [rpcClient.ts] socket closed, reconnect the rpc server later: info-0
[2024-01-23T18:22:17.948] [ERROR] gameLog - [rpcClient.ts] socket closed, reconnect the rpc server later: info-1
[2024-01-23T18:22:17.955] [ERROR] gameLog - [rpcClient.ts] socket closed, reconnect the rpc server later: match-0
[2024-01-23T22:44:35.011] [ERROR] gameLog - [rpcClient.ts] heartbeat timeout, close the rpc socket: info-0
[2024-01-23T22:44:35.014] [ERROR] gameLog - [rpcClient.ts] socket closed, reconnect the rpc server later: info-0
[2024-01-23T22:49:15.266] [ERROR] gameLog - [rpcClient.ts] heartbeat timeout, close the rpc socket: info-0
[2024-01-23T22:49:15.269] [ERROR] gameLog - [rpcClient.ts] socket closed, reconnect the rpc server later: info-0
[2024-01-23T22:51:22.239] [ERROR] gameLog - [rpcClient.ts] heartbeat timeout, close the rpc socket: info-0
[2024-01-23T22:51:22.240] [ERROR] gameLog - [rpcClient.ts] socket closed, reconnect the rpc server later: info-0
[2024-01-23T22:56:20.160] [ERROR] gameLog - [rpcClient.ts] heartbeat timeout, close the rpc socket: info-0
[2024-01-23T22:56:20.164] [ERROR] gameLog - [rpcClient.ts] socket closed, reconnect the rpc server later: info-0
[2024-01-23T22:59:42.352] [ERROR] gameLog - [rpcClient.ts] heartbeat timeout, close the rpc socket: info-0
[2024-01-23T22:59:42.355] [ERROR] gameLog - [rpcClient.ts] socket closed, reconnect the rpc server later: info-0
[2024-01-23T23:01:28.187] [ERROR] gameLog - [rpcClient.ts] socket closed, reconnect the rpc server later: info-0
[2024-01-23T23:04:25.036] [ERROR] gameLog - [rpcClient.ts] heartbeat timeout, close the rpc socket: info-0
[2024-01-23T23:04:25.039] [ERROR] gameLog - [rpcClient.ts] socket closed, reconnect the rpc server later: info-0
[2024-01-23T23:11:20.758] [ERROR] gameLog - [rpcClient.ts] heartbeat timeout, close the rpc socket: info-0
[2024-01-23T23:11:20.761] [ERROR] gameLog - [rpcClient.ts] socket closed, reconnect the rpc server later: info-0
