[2024-01-21T22:07:42.233] [ERROR] gameLog - [rpcClient.ts] socket closed, reconnect the rpc server later: login
[2024-01-23T17:00:59.219] [ERROR] gameLog - [rpcClient.ts] socket closed, reconnect the rpc server later: login
[2024-01-23T17:00:59.258] [ERROR] gameLog - [rpcServer.ts] a rpc client disconnected: con-0, ::ffff:127.0.0.1
[2024-01-23T17:00:59.267] [ERROR] gameLog - [rpcServer.ts] a rpc client disconnected: con-1, ::ffff:127.0.0.1
[2024-01-23T17:00:59.276] [ERROR] gameLog - [rpcServer.ts] a rpc client disconnected: info-0, ::ffff:127.0.0.1
[2024-01-23T18:22:17.868] [ERROR] gameLog - [rpcClient.ts] socket closed, reconnect the rpc server later: login
[2024-01-23T18:22:17.904] [ERROR] gameLog - [rpcServer.ts] a rpc client disconnected: con-0, ::ffff:127.0.0.1
[2024-01-23T18:22:17.923] [ERROR] gameLog - [rpcServer.ts] a rpc client disconnected: con-1, ::ffff:127.0.0.1
[2024-01-23T23:00:33.062] [ERROR] gameLog - [rpcServer.ts] heartBeat time out, close it: info-0
[2024-01-23T23:00:33.065] [ERROR] gameLog - [rpcServer.ts] a rpc client disconnected: info-0, ::ffff:127.0.0.1
[2024-01-24T22:04:24.612] [ERROR] gameLog - [rpcServer.ts] heartBeat time out, close it: info-0
[2024-01-24T22:04:24.615] [ERROR] gameLog - [rpcServer.ts] a rpc client disconnected: info-0, ::ffff:127.0.0.1
[2024-01-24T22:34:34.155] [DEBUG] gameLog - cmd:0,msg:{"roomId":0,"roomIp":""}
[2024-01-24T22:34:34.279] [ERROR] gameLog - SyntaxError: Unexpected token u in JSON at position 0
    at JSON.parse (<anonymous>)
    at Role.parseTableKeyDic (D:\fangyuan\gitWrokSpace\snake\server\dist\common\base\SqlBase.js:73:43)
    at Role.<anonymous> (D:\fangyuan\gitWrokSpace\snake\server\dist\common\base\SqlBase.js:108:29)
    at Generator.next (<anonymous>)
    at fulfilled (D:\fangyuan\gitWrokSpace\snake\server\dist\common\base\SqlBase.js:5:58)
    at process.processTicksAndRejections (node:internal/process/task_queues:95:5)
[2024-01-24T22:34:34.281] [DEBUG] gameLog - cmd:1,msg:{"1":{"num":2},"2":{"num":2}}
[2024-01-24T22:34:34.345] [ERROR] gameLog - Error: ER_PARSE_ERROR: You have an error in your SQL syntax; check the manual that corresponds to your MySQL server version for the right syntax to use near '1,2,uid) values('{"num":2}','{"num":2}',17)' at line 1
    at Sequence._packetToError (D:\fangyuan\gitWrokSpace\snake\server\node_modules\mysql\lib\protocol\sequences\Sequence.js:47:14)
    at Query.ErrorPacket (D:\fangyuan\gitWrokSpace\snake\server\node_modules\mysql\lib\protocol\sequences\Query.js:79:18)
    at Protocol._parsePacket (D:\fangyuan\gitWrokSpace\snake\server\node_modules\mysql\lib\protocol\Protocol.js:291:23)
    at Parser._parsePacket (D:\fangyuan\gitWrokSpace\snake\server\node_modules\mysql\lib\protocol\Parser.js:433:10)
    at Parser.write (D:\fangyuan\gitWrokSpace\snake\server\node_modules\mysql\lib\protocol\Parser.js:43:10)
    at Protocol.write (D:\fangyuan\gitWrokSpace\snake\server\node_modules\mysql\lib\protocol\Protocol.js:38:16)
    at Socket.<anonymous> (D:\fangyuan\gitWrokSpace\snake\server\node_modules\mysql\lib\Connection.js:88:28)
    at Socket.<anonymous> (D:\fangyuan\gitWrokSpace\snake\server\node_modules\mysql\lib\Connection.js:526:10)
    at Socket.emit (node:events:514:28)
    at addChunk (node:internal/streams/readable:324:12)
    --------------------
    at Protocol._enqueue (D:\fangyuan\gitWrokSpace\snake\server\node_modules\mysql\lib\protocol\Protocol.js:144:48)
    at PoolConnection.query (D:\fangyuan\gitWrokSpace\snake\server\node_modules\mysql\lib\Connection.js:198:25)
    at D:\fangyuan\gitWrokSpace\snake\server\dist\common\manager\SqlManager.js:54:32
    at Ping.onOperationComplete (D:\fangyuan\gitWrokSpace\snake\server\node_modules\mysql\lib\Pool.js:110:5)
    at Ping.<anonymous> (D:\fangyuan\gitWrokSpace\snake\server\node_modules\mysql\lib\Connection.js:526:10)
    at Ping._callback (D:\fangyuan\gitWrokSpace\snake\server\node_modules\mysql\lib\Connection.js:488:16)
    at Sequence.end (D:\fangyuan\gitWrokSpace\snake\server\node_modules\mysql\lib\protocol\sequences\Sequence.js:83:24)
    at Sequence.OkPacket (D:\fangyuan\gitWrokSpace\snake\server\node_modules\mysql\lib\protocol\sequences\Sequence.js:92:8)
    at Protocol._parsePacket (D:\fangyuan\gitWrokSpace\snake\server\node_modules\mysql\lib\protocol\Protocol.js:291:23)
    at Parser._parsePacket (D:\fangyuan\gitWrokSpace\snake\server\node_modules\mysql\lib\protocol\Parser.js:433:10) {
  code: 'ER_PARSE_ERROR',
  errno: 1064,
  sqlMessage: `You have an error in your SQL syntax; check the manual that corresponds to your MySQL server version for the right syntax to use near '1,2,uid) values('{"num":2}','{"num":2}',17)' at line 1`,
  sqlState: '42000',
  index: 0,
  sql: `insert into t_asset (1,2,uid) values('{"num":2}','{"num":2}',17)`
}
[2024-01-24T22:34:34.347] [ERROR] gameLog - Error: ER_PARSE_ERROR: You have an error in your SQL syntax; check the manual that corresponds to your MySQL server version for the right syntax to use near '1,2,uid) values('{"num":2}','{"num":2}',17)' at line 1
    at Sequence._packetToError (D:\fangyuan\gitWrokSpace\snake\server\node_modules\mysql\lib\protocol\sequences\Sequence.js:47:14)
    at Query.ErrorPacket (D:\fangyuan\gitWrokSpace\snake\server\node_modules\mysql\lib\protocol\sequences\Query.js:79:18)
    at Protocol._parsePacket (D:\fangyuan\gitWrokSpace\snake\server\node_modules\mysql\lib\protocol\Protocol.js:291:23)
    at Parser._parsePacket (D:\fangyuan\gitWrokSpace\snake\server\node_modules\mysql\lib\protocol\Parser.js:433:10)
    at Parser.write (D:\fangyuan\gitWrokSpace\snake\server\node_modules\mysql\lib\protocol\Parser.js:43:10)
    at Protocol.write (D:\fangyuan\gitWrokSpace\snake\server\node_modules\mysql\lib\protocol\Protocol.js:38:16)
    at Socket.<anonymous> (D:\fangyuan\gitWrokSpace\snake\server\node_modules\mysql\lib\Connection.js:88:28)
    at Socket.<anonymous> (D:\fangyuan\gitWrokSpace\snake\server\node_modules\mysql\lib\Connection.js:526:10)
    at Socket.emit (node:events:514:28)
    at addChunk (node:internal/streams/readable:324:12)
    --------------------
    at Protocol._enqueue (D:\fangyuan\gitWrokSpace\snake\server\node_modules\mysql\lib\protocol\Protocol.js:144:48)
    at PoolConnection.query (D:\fangyuan\gitWrokSpace\snake\server\node_modules\mysql\lib\Connection.js:198:25)
    at D:\fangyuan\gitWrokSpace\snake\server\dist\common\manager\SqlManager.js:54:32
    at Ping.onOperationComplete (D:\fangyuan\gitWrokSpace\snake\server\node_modules\mysql\lib\Pool.js:110:5)
    at Ping.<anonymous> (D:\fangyuan\gitWrokSpace\snake\server\node_modules\mysql\lib\Connection.js:526:10)
    at Ping._callback (D:\fangyuan\gitWrokSpace\snake\server\node_modules\mysql\lib\Connection.js:488:16)
    at Sequence.end (D:\fangyuan\gitWrokSpace\snake\server\node_modules\mysql\lib\protocol\sequences\Sequence.js:83:24)
    at Sequence.OkPacket (D:\fangyuan\gitWrokSpace\snake\server\node_modules\mysql\lib\protocol\sequences\Sequence.js:92:8)
    at Protocol._parsePacket (D:\fangyuan\gitWrokSpace\snake\server\node_modules\mysql\lib\protocol\Protocol.js:291:23)
    at Parser._parsePacket (D:\fangyuan\gitWrokSpace\snake\server\node_modules\mysql\lib\protocol\Parser.js:433:10) {
  code: 'ER_PARSE_ERROR',
  errno: 1064,
  sqlMessage: `You have an error in your SQL syntax; check the manual that corresponds to your MySQL server version for the right syntax to use near '1,2,uid) values('{"num":2}','{"num":2}',17)' at line 1`,
  sqlState: '42000',
  index: 0,
  sql: `insert into t_asset (1,2,uid) values('{"num":2}','{"num":2}',17)`
}
[2024-01-24T22:34:44.930] [DEBUG] gameLog - cmd:0,msg:{"roomId":0,"roomIp":""}
[2024-01-24T22:34:44.931] [DEBUG] gameLog - cmd:1,msg:{"1":{"num":2},"2":{"num":2}}
[2024-01-24T22:36:07.926] [DEBUG] gameLog - cmd:0,msg:{"roomId":0,"roomIp":""}
[2024-01-24T22:37:47.072] [ERROR] gameLog - TypeError: Cannot read properties of undefined (reading 'getAssetInfo')
    at Handler.route (D:\fangyuan\gitWrokSpace\snake\server\dist\servers\info\net\handler\main.js:12:26)
    at D:\fangyuan\gitWrokSpace\snake\server\node_modules\mydog\lib\components\backendServer.js:86:52
    at cbFunc (D:\fangyuan\gitWrokSpace\snake\server\node_modules\mydog\lib\components\filter.js:23:17)
    at Filter.beforeFilter (D:\fangyuan\gitWrokSpace\snake\server\node_modules\mydog\lib\components\filter.js:30:9)
    at BackendServer.handleMsg (D:\fangyuan\gitWrokSpace\snake\server\node_modules\mydog\lib\components\backendServer.js:78:25)
    at RpcServerSocket.onData (D:\fangyuan\gitWrokSpace\snake\server\node_modules\mydog\lib\components\rpcServer.js:103:44)
    at NetSocket.emit (node:events:514:28)
    at decode (D:\fangyuan\gitWrokSpace\snake\server\node_modules\mydog\lib\components\msgCoder.js:53:28)
    at NetSocket.onData (D:\fangyuan\gitWrokSpace\snake\server\node_modules\mydog\lib\components\tcpServer.js:75:31)
    at Socket.emit (node:events:514:28)
[2024-01-24T22:37:47.075] [DEBUG] gameLog - cmd:0,msg:{"roomId":0,"roomIp":""}
[2024-01-24T22:37:55.444] [ERROR] gameLog - Error: ER_PARSE_ERROR: You have an error in your SQL syntax; check the manual that corresponds to your MySQL server version for the right syntax to use near '1,2,uid) values('{"num":2}','{"num":2}',19)' at line 1
    at Sequence._packetToError (D:\fangyuan\gitWrokSpace\snake\server\node_modules\mysql\lib\protocol\sequences\Sequence.js:47:14)
    at Query.ErrorPacket (D:\fangyuan\gitWrokSpace\snake\server\node_modules\mysql\lib\protocol\sequences\Query.js:79:18)
    at Protocol._parsePacket (D:\fangyuan\gitWrokSpace\snake\server\node_modules\mysql\lib\protocol\Protocol.js:291:23)
    at Parser._parsePacket (D:\fangyuan\gitWrokSpace\snake\server\node_modules\mysql\lib\protocol\Parser.js:433:10)
    at Parser.write (D:\fangyuan\gitWrokSpace\snake\server\node_modules\mysql\lib\protocol\Parser.js:43:10)
    at Protocol.write (D:\fangyuan\gitWrokSpace\snake\server\node_modules\mysql\lib\protocol\Protocol.js:38:16)
    at Socket.<anonymous> (D:\fangyuan\gitWrokSpace\snake\server\node_modules\mysql\lib\Connection.js:88:28)
    at Socket.<anonymous> (D:\fangyuan\gitWrokSpace\snake\server\node_modules\mysql\lib\Connection.js:526:10)
    at Socket.emit (node:events:514:28)
    at addChunk (node:internal/streams/readable:324:12)
    --------------------
    at Protocol._enqueue (D:\fangyuan\gitWrokSpace\snake\server\node_modules\mysql\lib\protocol\Protocol.js:144:48)
    at PoolConnection.query (D:\fangyuan\gitWrokSpace\snake\server\node_modules\mysql\lib\Connection.js:198:25)
    at D:\fangyuan\gitWrokSpace\snake\server\dist\common\manager\SqlManager.js:54:32
    at Ping.onOperationComplete (D:\fangyuan\gitWrokSpace\snake\server\node_modules\mysql\lib\Pool.js:110:5)
    at Ping.<anonymous> (D:\fangyuan\gitWrokSpace\snake\server\node_modules\mysql\lib\Connection.js:526:10)
    at Ping._callback (D:\fangyuan\gitWrokSpace\snake\server\node_modules\mysql\lib\Connection.js:488:16)
    at Sequence.end (D:\fangyuan\gitWrokSpace\snake\server\node_modules\mysql\lib\protocol\sequences\Sequence.js:83:24)
    at Sequence.OkPacket (D:\fangyuan\gitWrokSpace\snake\server\node_modules\mysql\lib\protocol\sequences\Sequence.js:92:8)
    at Protocol._parsePacket (D:\fangyuan\gitWrokSpace\snake\server\node_modules\mysql\lib\protocol\Protocol.js:291:23)
    at Parser._parsePacket (D:\fangyuan\gitWrokSpace\snake\server\node_modules\mysql\lib\protocol\Parser.js:433:10) {
  code: 'ER_PARSE_ERROR',
  errno: 1064,
  sqlMessage: `You have an error in your SQL syntax; check the manual that corresponds to your MySQL server version for the right syntax to use near '1,2,uid) values('{"num":2}','{"num":2}',19)' at line 1`,
  sqlState: '42000',
  index: 0,
  sql: `insert into t_asset (1,2,uid) values('{"num":2}','{"num":2}',19)`
}
[2024-01-24T22:37:55.446] [ERROR] gameLog - Error: ER_PARSE_ERROR: You have an error in your SQL syntax; check the manual that corresponds to your MySQL server version for the right syntax to use near '1,2,uid) values('{"num":2}','{"num":2}',19)' at line 1
    at Sequence._packetToError (D:\fangyuan\gitWrokSpace\snake\server\node_modules\mysql\lib\protocol\sequences\Sequence.js:47:14)
    at Query.ErrorPacket (D:\fangyuan\gitWrokSpace\snake\server\node_modules\mysql\lib\protocol\sequences\Query.js:79:18)
    at Protocol._parsePacket (D:\fangyuan\gitWrokSpace\snake\server\node_modules\mysql\lib\protocol\Protocol.js:291:23)
    at Parser._parsePacket (D:\fangyuan\gitWrokSpace\snake\server\node_modules\mysql\lib\protocol\Parser.js:433:10)
    at Parser.write (D:\fangyuan\gitWrokSpace\snake\server\node_modules\mysql\lib\protocol\Parser.js:43:10)
    at Protocol.write (D:\fangyuan\gitWrokSpace\snake\server\node_modules\mysql\lib\protocol\Protocol.js:38:16)
    at Socket.<anonymous> (D:\fangyuan\gitWrokSpace\snake\server\node_modules\mysql\lib\Connection.js:88:28)
    at Socket.<anonymous> (D:\fangyuan\gitWrokSpace\snake\server\node_modules\mysql\lib\Connection.js:526:10)
    at Socket.emit (node:events:514:28)
    at addChunk (node:internal/streams/readable:324:12)
    --------------------
    at Protocol._enqueue (D:\fangyuan\gitWrokSpace\snake\server\node_modules\mysql\lib\protocol\Protocol.js:144:48)
    at PoolConnection.query (D:\fangyuan\gitWrokSpace\snake\server\node_modules\mysql\lib\Connection.js:198:25)
    at D:\fangyuan\gitWrokSpace\snake\server\dist\common\manager\SqlManager.js:54:32
    at Ping.onOperationComplete (D:\fangyuan\gitWrokSpace\snake\server\node_modules\mysql\lib\Pool.js:110:5)
    at Ping.<anonymous> (D:\fangyuan\gitWrokSpace\snake\server\node_modules\mysql\lib\Connection.js:526:10)
    at Ping._callback (D:\fangyuan\gitWrokSpace\snake\server\node_modules\mysql\lib\Connection.js:488:16)
    at Sequence.end (D:\fangyuan\gitWrokSpace\snake\server\node_modules\mysql\lib\protocol\sequences\Sequence.js:83:24)
    at Sequence.OkPacket (D:\fangyuan\gitWrokSpace\snake\server\node_modules\mysql\lib\protocol\sequences\Sequence.js:92:8)
    at Protocol._parsePacket (D:\fangyuan\gitWrokSpace\snake\server\node_modules\mysql\lib\protocol\Protocol.js:291:23)
    at Parser._parsePacket (D:\fangyuan\gitWrokSpace\snake\server\node_modules\mysql\lib\protocol\Parser.js:433:10) {
  code: 'ER_PARSE_ERROR',
  errno: 1064,
  sqlMessage: `You have an error in your SQL syntax; check the manual that corresponds to your MySQL server version for the right syntax to use near '1,2,uid) values('{"num":2}','{"num":2}',19)' at line 1`,
  sqlState: '42000',
  index: 0,
  sql: `insert into t_asset (1,2,uid) values('{"num":2}','{"num":2}',19)`
}
[2024-01-24T22:38:23.596] [DEBUG] gameLog - cmd:0,msg:{"roomId":0,"roomIp":""}
[2024-01-24T22:38:23.709] [DEBUG] gameLog - cmd:1,msg:{"1":{"num":2},"2":{"num":2}}
[2024-01-24T22:38:23.768] [ERROR] gameLog - Error: ER_PARSE_ERROR: You have an error in your SQL syntax; check the manual that corresponds to your MySQL server version for the right syntax to use near '1,2,uid) values('{"num":2}','{"num":2}',23)' at line 1
    at Sequence._packetToError (D:\fangyuan\gitWrokSpace\snake\server\node_modules\mysql\lib\protocol\sequences\Sequence.js:47:14)
    at Query.ErrorPacket (D:\fangyuan\gitWrokSpace\snake\server\node_modules\mysql\lib\protocol\sequences\Query.js:79:18)
    at Protocol._parsePacket (D:\fangyuan\gitWrokSpace\snake\server\node_modules\mysql\lib\protocol\Protocol.js:291:23)
    at Parser._parsePacket (D:\fangyuan\gitWrokSpace\snake\server\node_modules\mysql\lib\protocol\Parser.js:433:10)
    at Parser.write (D:\fangyuan\gitWrokSpace\snake\server\node_modules\mysql\lib\protocol\Parser.js:43:10)
    at Protocol.write (D:\fangyuan\gitWrokSpace\snake\server\node_modules\mysql\lib\protocol\Protocol.js:38:16)
    at Socket.<anonymous> (D:\fangyuan\gitWrokSpace\snake\server\node_modules\mysql\lib\Connection.js:88:28)
    at Socket.<anonymous> (D:\fangyuan\gitWrokSpace\snake\server\node_modules\mysql\lib\Connection.js:526:10)
    at Socket.emit (node:events:514:28)
    at addChunk (node:internal/streams/readable:324:12)
    --------------------
    at Protocol._enqueue (D:\fangyuan\gitWrokSpace\snake\server\node_modules\mysql\lib\protocol\Protocol.js:144:48)
    at PoolConnection.query (D:\fangyuan\gitWrokSpace\snake\server\node_modules\mysql\lib\Connection.js:198:25)
    at D:\fangyuan\gitWrokSpace\snake\server\dist\common\manager\SqlManager.js:54:32
    at Ping.onOperationComplete (D:\fangyuan\gitWrokSpace\snake\server\node_modules\mysql\lib\Pool.js:110:5)
    at Ping.<anonymous> (D:\fangyuan\gitWrokSpace\snake\server\node_modules\mysql\lib\Connection.js:526:10)
    at Ping._callback (D:\fangyuan\gitWrokSpace\snake\server\node_modules\mysql\lib\Connection.js:488:16)
    at Sequence.end (D:\fangyuan\gitWrokSpace\snake\server\node_modules\mysql\lib\protocol\sequences\Sequence.js:83:24)
    at Sequence.OkPacket (D:\fangyuan\gitWrokSpace\snake\server\node_modules\mysql\lib\protocol\sequences\Sequence.js:92:8)
    at Protocol._parsePacket (D:\fangyuan\gitWrokSpace\snake\server\node_modules\mysql\lib\protocol\Protocol.js:291:23)
    at Parser._parsePacket (D:\fangyuan\gitWrokSpace\snake\server\node_modules\mysql\lib\protocol\Parser.js:433:10) {
  code: 'ER_PARSE_ERROR',
  errno: 1064,
  sqlMessage: `You have an error in your SQL syntax; check the manual that corresponds to your MySQL server version for the right syntax to use near '1,2,uid) values('{"num":2}','{"num":2}',23)' at line 1`,
  sqlState: '42000',
  index: 0,
  sql: `insert into t_asset (1,2,uid) values('{"num":2}','{"num":2}',23)`
}
[2024-01-24T22:38:23.772] [ERROR] gameLog - Error: ER_PARSE_ERROR: You have an error in your SQL syntax; check the manual that corresponds to your MySQL server version for the right syntax to use near '1,2,uid) values('{"num":2}','{"num":2}',23)' at line 1
    at Sequence._packetToError (D:\fangyuan\gitWrokSpace\snake\server\node_modules\mysql\lib\protocol\sequences\Sequence.js:47:14)
    at Query.ErrorPacket (D:\fangyuan\gitWrokSpace\snake\server\node_modules\mysql\lib\protocol\sequences\Query.js:79:18)
    at Protocol._parsePacket (D:\fangyuan\gitWrokSpace\snake\server\node_modules\mysql\lib\protocol\Protocol.js:291:23)
    at Parser._parsePacket (D:\fangyuan\gitWrokSpace\snake\server\node_modules\mysql\lib\protocol\Parser.js:433:10)
    at Parser.write (D:\fangyuan\gitWrokSpace\snake\server\node_modules\mysql\lib\protocol\Parser.js:43:10)
    at Protocol.write (D:\fangyuan\gitWrokSpace\snake\server\node_modules\mysql\lib\protocol\Protocol.js:38:16)
    at Socket.<anonymous> (D:\fangyuan\gitWrokSpace\snake\server\node_modules\mysql\lib\Connection.js:88:28)
    at Socket.<anonymous> (D:\fangyuan\gitWrokSpace\snake\server\node_modules\mysql\lib\Connection.js:526:10)
    at Socket.emit (node:events:514:28)
    at addChunk (node:internal/streams/readable:324:12)
    --------------------
    at Protocol._enqueue (D:\fangyuan\gitWrokSpace\snake\server\node_modules\mysql\lib\protocol\Protocol.js:144:48)
    at PoolConnection.query (D:\fangyuan\gitWrokSpace\snake\server\node_modules\mysql\lib\Connection.js:198:25)
    at D:\fangyuan\gitWrokSpace\snake\server\dist\common\manager\SqlManager.js:54:32
    at Ping.onOperationComplete (D:\fangyuan\gitWrokSpace\snake\server\node_modules\mysql\lib\Pool.js:110:5)
    at Ping.<anonymous> (D:\fangyuan\gitWrokSpace\snake\server\node_modules\mysql\lib\Connection.js:526:10)
    at Ping._callback (D:\fangyuan\gitWrokSpace\snake\server\node_modules\mysql\lib\Connection.js:488:16)
    at Sequence.end (D:\fangyuan\gitWrokSpace\snake\server\node_modules\mysql\lib\protocol\sequences\Sequence.js:83:24)
    at Sequence.OkPacket (D:\fangyuan\gitWrokSpace\snake\server\node_modules\mysql\lib\protocol\sequences\Sequence.js:92:8)
    at Protocol._parsePacket (D:\fangyuan\gitWrokSpace\snake\server\node_modules\mysql\lib\protocol\Protocol.js:291:23)
    at Parser._parsePacket (D:\fangyuan\gitWrokSpace\snake\server\node_modules\mysql\lib\protocol\Parser.js:433:10) {
  code: 'ER_PARSE_ERROR',
  errno: 1064,
  sqlMessage: `You have an error in your SQL syntax; check the manual that corresponds to your MySQL server version for the right syntax to use near '1,2,uid) values('{"num":2}','{"num":2}',23)' at line 1`,
  sqlState: '42000',
  index: 0,
  sql: `insert into t_asset (1,2,uid) values('{"num":2}','{"num":2}',23)`
}
[2024-01-24T22:43:34.904] [ERROR] gameLog - [rpcServer.ts] heartBeat time out, close it: info-0
[2024-01-24T22:43:34.907] [ERROR] gameLog - [rpcServer.ts] a rpc client disconnected: info-0, ::ffff:127.0.0.1
[2024-01-24T23:10:13.057] [ERROR] gameLog - [rpcServer.ts] heartBeat time out, close it: info-0
[2024-01-24T23:10:13.060] [ERROR] gameLog - [rpcServer.ts] a rpc client disconnected: info-0, ::ffff:127.0.0.1
[2024-01-24T23:41:34.038] [DEBUG] gameLog - cmd:0,msg:{"roomId":0,"roomIp":""}
[2024-01-24T23:41:34.052] [DEBUG] gameLog - cmd:1,msg:{"items":{"1":{"num":2},"2":{"num":2}}}
[2024-01-24T23:41:46.632] [ERROR] gameLog - TypeError: Cannot read properties of undefined (reading 'getAssetInfo')
    at Handler.route (D:\fangyuan\gitWrokSpace\snake\server\dist\servers\info\net\handler\main.js:12:26)
    at D:\fangyuan\gitWrokSpace\snake\server\node_modules\mydog\lib\components\backendServer.js:86:52
    at cbFunc (D:\fangyuan\gitWrokSpace\snake\server\node_modules\mydog\lib\components\filter.js:23:17)
    at Filter.beforeFilter (D:\fangyuan\gitWrokSpace\snake\server\node_modules\mydog\lib\components\filter.js:30:9)
    at BackendServer.handleMsg (D:\fangyuan\gitWrokSpace\snake\server\node_modules\mydog\lib\components\backendServer.js:78:25)
    at RpcServerSocket.onData (D:\fangyuan\gitWrokSpace\snake\server\node_modules\mydog\lib\components\rpcServer.js:103:44)
    at NetSocket.emit (node:events:514:28)
    at decode (D:\fangyuan\gitWrokSpace\snake\server\node_modules\mydog\lib\components\msgCoder.js:53:28)
    at NetSocket.onData (D:\fangyuan\gitWrokSpace\snake\server\node_modules\mydog\lib\components\tcpServer.js:75:31)
    at Socket.emit (node:events:514:28)
[2024-01-24T23:41:48.516] [DEBUG] gameLog - cmd:0,msg:{"roomId":0,"roomIp":""}
[2024-01-24T23:41:48.519] [DEBUG] gameLog - cmd:1,msg:{"money":0,"diamond":0,"items":{"1":{"num":2},"2":{"num":2}}}
[2024-01-24T23:42:04.275] [DEBUG] gameLog - cmd:0,msg:{"roomId":0,"roomIp":""}
[2024-01-24T23:42:04.276] [DEBUG] gameLog - cmd:1,msg:{"money":0,"diamond":0,"items":{"1":{"num":2},"2":{"num":2}}}
[2024-01-25T12:32:36.506] [ERROR] gameLog - [rpcServer.ts] heartBeat time out, close it: game-0
[2024-01-25T12:32:37.403] [ERROR] gameLog - [rpcServer.ts] a rpc client disconnected: game-0, ::ffff:127.0.0.1
[2024-01-25T12:32:37.405] [ERROR] gameLog - [rpcServer.ts] heartBeat time out, close it: con-1
[2024-01-25T12:32:37.406] [ERROR] gameLog - [rpcServer.ts] a rpc client disconnected: con-1, ::ffff:127.0.0.1
[2024-01-25T12:32:37.407] [ERROR] gameLog - [rpcServer.ts] heartBeat time out, close it: game-1
[2024-01-25T12:32:37.408] [ERROR] gameLog - [rpcServer.ts] a rpc client disconnected: game-1, ::ffff:127.0.0.1
[2024-01-25T12:32:37.408] [ERROR] gameLog - [rpcServer.ts] heartBeat time out, close it: info-0
[2024-01-25T12:32:37.409] [ERROR] gameLog - [rpcServer.ts] a rpc client disconnected: info-0, ::ffff:127.0.0.1
[2024-01-25T12:32:37.420] [ERROR] gameLog - [rpcServer.ts] heartBeat time out, close it: con-0
[2024-01-25T12:32:37.426] [ERROR] gameLog - [rpcServer.ts] a rpc client disconnected: con-0, ::ffff:127.0.0.1
[2024-01-25T12:32:37.439] [ERROR] gameLog - [rpcClient.ts] socket closed, reconnect the rpc server later: login
[2024-01-25T12:32:37.781] [ERROR] gameLog - [rpcClient.ts] socket closed, reconnect the rpc server later: match-0
[2024-01-25T12:32:37.785] [ERROR] gameLog - [monitor.ts] socket closed, try to reconnect master later
[2024-01-25T12:41:30.792] [ERROR] gameLog - [rpcServer.ts] heartBeat time out, close it: con-1
[2024-01-25T12:41:30.794] [ERROR] gameLog - [rpcServer.ts] a rpc client disconnected: con-1, ::ffff:127.0.0.1
[2024-01-25T12:41:30.797] [ERROR] gameLog - [rpcServer.ts] heartBeat time out, close it: info-0
[2024-01-25T12:41:30.799] [ERROR] gameLog - [rpcServer.ts] a rpc client disconnected: info-0, ::ffff:127.0.0.1
[2024-01-25T12:41:30.800] [ERROR] gameLog - [rpcServer.ts] heartBeat time out, close it: game-1
[2024-01-25T12:41:30.803] [ERROR] gameLog - [rpcServer.ts] a rpc client disconnected: game-1, ::ffff:127.0.0.1
[2024-01-25T12:41:30.804] [ERROR] gameLog - [rpcServer.ts] heartBeat time out, close it: game-0
[2024-01-25T12:41:30.808] [ERROR] gameLog - [rpcServer.ts] a rpc client disconnected: game-0, ::ffff:127.0.0.1
[2024-01-25T12:41:30.811] [ERROR] gameLog - [rpcServer.ts] heartBeat time out, close it: con-0
[2024-01-25T12:41:30.813] [ERROR] gameLog - [rpcServer.ts] a rpc client disconnected: con-0, ::ffff:127.0.0.1
[2024-01-25T12:41:30.818] [ERROR] gameLog - [rpcClient.ts] socket closed, reconnect the rpc server later: login
[2024-01-25T12:41:30.822] [ERROR] gameLog - [rpcClient.ts] socket closed, reconnect the rpc server later: match-0
[2024-01-25T12:41:30.833] [ERROR] gameLog - [monitor.ts] socket closed, try to reconnect master later
[2024-01-25T16:09:19.590] [ERROR] gameLog - [rpcServer.ts] heartBeat time out, close it: info-0
[2024-01-25T16:09:20.349] [ERROR] gameLog - [rpcServer.ts] a rpc client disconnected: info-0, ::ffff:127.0.0.1
[2024-01-25T16:09:20.410] [ERROR] gameLog - [rpcServer.ts] heartBeat time out, close it: con-0
[2024-01-25T16:09:20.411] [ERROR] gameLog - [rpcServer.ts] a rpc client disconnected: con-0, ::ffff:127.0.0.1
[2024-01-25T16:09:20.412] [ERROR] gameLog - [rpcServer.ts] heartBeat time out, close it: con-1
[2024-01-25T16:09:20.413] [ERROR] gameLog - [rpcServer.ts] a rpc client disconnected: con-1, ::ffff:127.0.0.1
[2024-01-25T16:09:20.414] [ERROR] gameLog - [rpcServer.ts] heartBeat time out, close it: game-0
[2024-01-25T16:09:20.415] [ERROR] gameLog - [rpcServer.ts] a rpc client disconnected: game-0, ::ffff:127.0.0.1
[2024-01-25T16:09:20.415] [ERROR] gameLog - [rpcServer.ts] heartBeat time out, close it: game-1
[2024-01-25T16:09:20.418] [ERROR] gameLog - [rpcServer.ts] a rpc client disconnected: game-1, ::ffff:127.0.0.1
[2024-01-25T16:09:20.443] [ERROR] gameLog - [rpcClient.ts] socket closed, reconnect the rpc server later: match-0
[2024-01-25T16:09:20.471] [ERROR] gameLog - [rpcClient.ts] socket closed, reconnect the rpc server later: login
[2024-01-25T16:09:20.476] [ERROR] gameLog - [monitor.ts] socket closed, try to reconnect master later
[2024-01-25T16:40:54.507] [ERROR] gameLog - [rpcServer.ts] a rpc client disconnected: game-1, ::ffff:127.0.0.1
[2024-01-25T22:23:31.135] [ERROR] gameLog - [rpcServer.ts] heartBeat time out, close it: info-0
[2024-01-25T22:23:31.139] [ERROR] gameLog - [rpcServer.ts] a rpc client disconnected: info-0, ::ffff:127.0.0.1
[2024-01-25T22:30:35.653] [ERROR] gameLog - [rpcServer.ts] heartBeat time out, close it: info-0
[2024-01-25T22:30:35.656] [ERROR] gameLog - [rpcServer.ts] a rpc client disconnected: info-0, ::ffff:127.0.0.1
[2024-01-25T22:45:59.816] [ERROR] gameLog - [rpcServer.ts] heartBeat time out, close it: info-0
[2024-01-25T22:45:59.819] [ERROR] gameLog - [rpcServer.ts] a rpc client disconnected: info-0, ::ffff:127.0.0.1
[2024-01-25T23:07:40.048] [ERROR] gameLog - [rpcServer.ts] heartBeat time out, close it: info-0
[2024-01-25T23:07:40.051] [ERROR] gameLog - [rpcServer.ts] a rpc client disconnected: info-0, ::ffff:127.0.0.1
[2024-01-26T10:47:02.128] [ERROR] gameLog - [rpcServer.ts] heartBeat time out, close it: info-0
[2024-01-26T10:47:02.171] [ERROR] gameLog - [rpcServer.ts] a rpc client disconnected: info-0, ::ffff:127.0.0.1
[2024-01-26T10:47:18.401] [ERROR] gameLog - [rpcClient.ts] socket closed, reconnect the rpc server later: login
[2024-01-26T10:47:18.408] [ERROR] gameLog - [rpcServer.ts] a rpc client disconnected: con-0, ::ffff:127.0.0.1
[2024-01-26T10:47:18.414] [ERROR] gameLog - [rpcServer.ts] a rpc client disconnected: con-1, ::ffff:127.0.0.1
[2024-01-26T10:52:36.969] [ERROR] gameLog - [rpcClient.ts] socket closed, reconnect the rpc server later: login
[2024-01-26T10:52:36.981] [ERROR] gameLog - [rpcServer.ts] a rpc client disconnected: con-0, ::ffff:127.0.0.1
[2024-01-26T10:52:37.020] [ERROR] gameLog - [rpcServer.ts] a rpc client disconnected: con-1, ::ffff:127.0.0.1
[2024-01-26T10:53:02.717] [ERROR] gameLog - [rpcClient.ts] socket closed, reconnect the rpc server later: login
[2024-01-26T10:53:02.742] [ERROR] gameLog - [rpcServer.ts] a rpc client disconnected: con-0, ::ffff:127.0.0.1
[2024-01-26T10:53:02.754] [ERROR] gameLog - [rpcServer.ts] a rpc client disconnected: con-1, ::ffff:127.0.0.1
[2024-01-26T10:58:34.637] [ERROR] gameLog - [rpcServer.ts] heartBeat time out, close it: info-0
[2024-01-26T10:58:34.652] [ERROR] gameLog - [rpcServer.ts] a rpc client disconnected: info-0, ::ffff:127.0.0.1
[2024-01-26T10:59:05.597] [ERROR] gameLog - [rpcClient.ts] socket closed, reconnect the rpc server later: login
[2024-01-26T10:59:05.603] [ERROR] gameLog - [rpcServer.ts] a rpc client disconnected: con-0, ::ffff:127.0.0.1
[2024-01-26T10:59:05.623] [ERROR] gameLog - [rpcServer.ts] a rpc client disconnected: con-1, ::ffff:127.0.0.1
[2024-01-26T11:00:01.451] [ERROR] gameLog - [rpcClient.ts] socket closed, reconnect the rpc server later: login
[2024-01-26T11:00:01.490] [ERROR] gameLog - [rpcServer.ts] a rpc client disconnected: con-0, ::ffff:127.0.0.1
[2024-01-26T11:00:01.513] [ERROR] gameLog - [rpcServer.ts] a rpc client disconnected: con-1, ::ffff:127.0.0.1
[2024-01-26T11:01:52.099] [ERROR] gameLog - [rpcClient.ts] socket closed, reconnect the rpc server later: login
[2024-01-26T11:01:52.118] [ERROR] gameLog - [rpcServer.ts] a rpc client disconnected: con-0, ::ffff:127.0.0.1
[2024-01-26T11:01:52.126] [ERROR] gameLog - [rpcServer.ts] a rpc client disconnected: con-1, ::ffff:127.0.0.1
[2024-01-26T11:01:52.146] [ERROR] gameLog - [rpcServer.ts] a rpc client disconnected: info-0, ::ffff:127.0.0.1
[2024-01-26T11:05:48.953] [ERROR] gameLog - [rpcServer.ts] heartBeat time out, close it: info-0
[2024-01-26T11:05:48.962] [ERROR] gameLog - [rpcServer.ts] a rpc client disconnected: info-0, ::ffff:127.0.0.1
[2024-01-26T11:26:58.258] [ERROR] gameLog - [rpcClient.ts] socket closed, reconnect the rpc server later: login
[2024-01-26T11:26:58.278] [ERROR] gameLog - [rpcServer.ts] a rpc client disconnected: con-0, ::ffff:127.0.0.1
[2024-01-26T11:28:51.695] [ERROR] gameLog - [rpcClient.ts] socket closed, reconnect the rpc server later: login
[2024-01-26T11:28:51.723] [ERROR] gameLog - [rpcServer.ts] a rpc client disconnected: con-0, ::ffff:127.0.0.1
[2024-01-26T11:28:51.739] [ERROR] gameLog - [rpcServer.ts] a rpc client disconnected: info-0, ::ffff:127.0.0.1
[2024-01-26T11:28:51.742] [ERROR] gameLog - [rpcServer.ts] a rpc client disconnected: con-1, ::ffff:127.0.0.1
[2024-01-26T15:14:21.585] [ERROR] gameLog - [rpcServer.ts] heartBeat time out, close it: con-0
[2024-01-26T15:14:22.188] [ERROR] gameLog - [rpcServer.ts] a rpc client disconnected: con-0, ::ffff:127.0.0.1
[2024-01-26T15:14:22.197] [ERROR] gameLog - [rpcServer.ts] heartBeat time out, close it: game-1
[2024-01-26T15:14:22.198] [ERROR] gameLog - [rpcServer.ts] a rpc client disconnected: game-1, ::ffff:127.0.0.1
[2024-01-26T15:14:22.199] [ERROR] gameLog - [rpcServer.ts] heartBeat time out, close it: con-1
[2024-01-26T15:14:22.201] [ERROR] gameLog - [rpcServer.ts] a rpc client disconnected: con-1, ::ffff:127.0.0.1
[2024-01-26T15:14:22.202] [ERROR] gameLog - [rpcServer.ts] heartBeat time out, close it: game-0
[2024-01-26T15:14:22.205] [ERROR] gameLog - [rpcServer.ts] a rpc client disconnected: game-0, ::ffff:127.0.0.1
[2024-01-26T15:14:22.213] [ERROR] gameLog - [rpcServer.ts] heartBeat time out, close it: info-0
[2024-01-26T15:14:22.215] [ERROR] gameLog - [rpcServer.ts] a rpc client disconnected: info-0, ::ffff:127.0.0.1
[2024-01-26T15:14:22.852] [ERROR] gameLog - [rpcClient.ts] socket closed, reconnect the rpc server later: match-0
[2024-01-26T15:14:23.164] [ERROR] gameLog - [rpcClient.ts] socket closed, reconnect the rpc server later: login
[2024-01-26T15:14:23.349] [ERROR] gameLog - [monitor.ts] socket closed, try to reconnect master later
[2024-01-26T15:34:48.855] [ERROR] gameLog - [rpcClient.ts] socket closed, reconnect the rpc server later: login
[2024-01-26T15:34:48.861] [ERROR] gameLog - [rpcServer.ts] a rpc client disconnected: con-0, ::ffff:127.0.0.1
[2024-01-26T15:34:48.877] [ERROR] gameLog - [rpcServer.ts] a rpc client disconnected: con-1, ::ffff:127.0.0.1
[2024-01-26T23:43:10.446] [ERROR] gameLog - [rpcClient.ts] heartbeat timeout, close the rpc socket: login
[2024-01-26T23:43:10.449] [ERROR] gameLog - [rpcClient.ts] socket closed, reconnect the rpc server later: login
[2024-01-26T23:46:43.007] [DEBUG] gameLog - cmd:0,msg:{"roomId":0,"roomIp":""}
[2024-01-26T23:46:43.013] [DEBUG] gameLog - cmd:3,msg:{"inviteUids":[],"getRewardIndexs":[]}
[2024-01-26T23:46:43.019] [DEBUG] gameLog - cmd:1,msg:{"items":{"1":{"num":2},"2":{"num":2}}}
[2024-01-26T23:47:10.484] [DEBUG] gameLog - cmd:3,msg:{"inviteUids":[16],"getRewardIndexs":[]}
[2024-01-26T23:47:28.568] [DEBUG] gameLog - cmd:3,msg:{"inviteUids":[16,16],"getRewardIndexs":[]}
[2024-01-26T23:47:50.156] [ERROR] gameLog - [rpcClient.ts] heartbeat timeout, close the rpc socket: login
[2024-01-26T23:47:50.158] [ERROR] gameLog - [rpcClient.ts] socket closed, reconnect the rpc server later: login
[2024-01-26T23:49:47.245] [DEBUG] gameLog - cmd:3,msg:{}
[2024-01-26T23:49:53.760] [ERROR] gameLog - TypeError: Cannot read properties of undefined (reading 'indexOf')
    at InviteReward.updateInviteData (D:\fangyuan\gitWrokSpace\snake\server\dist\servers\info\src\InviteReward.js:20:33)
    at Remote.updatePlayInviteData (D:\fangyuan\gitWrokSpace\snake\server\dist\servers\info\net\remote\main.js:35:33)
    at Object.handleMsgAwait (D:\fangyuan\gitWrokSpace\snake\server\node_modules\mydog\lib\components\rpcService.js:113:52)
    at RpcClientSocket.onData (D:\fangyuan\gitWrokSpace\snake\server\node_modules\mydog\lib\components\rpcClient.js:193:32)
    at TcpClient.emit (node:events:514:28)
    at decode (D:\fangyuan\gitWrokSpace\snake\server\node_modules\mydog\lib\components\msgCoder.js:53:28)
    at TcpClient.onData (D:\fangyuan\gitWrokSpace\snake\server\node_modules\mydog\lib\components\tcpClient.js:66:31)
    at Socket.emit (node:events:514:28)
    at addChunk (node:internal/streams/readable:324:12)
    at readableAddChunk (node:internal/streams/readable:297:9)
[2024-01-26T23:50:08.899] [ERROR] gameLog - TypeError: Cannot read properties of undefined (reading 'indexOf')
    at InviteReward.updateInviteData (D:\fangyuan\gitWrokSpace\snake\server\dist\servers\info\src\InviteReward.js:20:33)
    at Remote.updatePlayInviteData (D:\fangyuan\gitWrokSpace\snake\server\dist\servers\info\net\remote\main.js:35:33)
    at Object.handleMsgAwait (D:\fangyuan\gitWrokSpace\snake\server\node_modules\mydog\lib\components\rpcService.js:113:52)
    at RpcClientSocket.onData (D:\fangyuan\gitWrokSpace\snake\server\node_modules\mydog\lib\components\rpcClient.js:193:32)
    at TcpClient.emit (node:events:514:28)
    at decode (D:\fangyuan\gitWrokSpace\snake\server\node_modules\mydog\lib\components\msgCoder.js:53:28)
    at TcpClient.onData (D:\fangyuan\gitWrokSpace\snake\server\node_modules\mydog\lib\components\tcpClient.js:66:31)
    at Socket.emit (node:events:514:28)
    at addChunk (node:internal/streams/readable:324:12)
    at readableAddChunk (node:internal/streams/readable:297:9)
[2024-01-26T23:50:33.911] [ERROR] gameLog - TypeError: Cannot read properties of undefined (reading 'indexOf')
    at InviteReward.updateInviteData (D:\fangyuan\gitWrokSpace\snake\server\dist\servers\info\src\InviteReward.js:20:33)
    at Remote.updatePlayInviteData (D:\fangyuan\gitWrokSpace\snake\server\dist\servers\info\net\remote\main.js:35:33)
    at Object.handleMsgAwait (D:\fangyuan\gitWrokSpace\snake\server\node_modules\mydog\lib\components\rpcService.js:113:52)
    at RpcClientSocket.onData (D:\fangyuan\gitWrokSpace\snake\server\node_modules\mydog\lib\components\rpcClient.js:193:32)
    at TcpClient.emit (node:events:514:28)
    at decode (D:\fangyuan\gitWrokSpace\snake\server\node_modules\mydog\lib\components\msgCoder.js:53:28)
    at TcpClient.onData (D:\fangyuan\gitWrokSpace\snake\server\node_modules\mydog\lib\components\tcpClient.js:66:31)
    at Socket.emit (node:events:514:28)
    at addChunk (node:internal/streams/readable:324:12)
    at readableAddChunk (node:internal/streams/readable:297:9)
[2024-01-26T23:51:33.962] [ERROR] gameLog - TypeError: Cannot read properties of undefined (reading 'indexOf')
    at InviteReward.updateInviteData (D:\fangyuan\gitWrokSpace\snake\server\dist\servers\info\src\InviteReward.js:20:33)
    at Remote.updatePlayInviteData (D:\fangyuan\gitWrokSpace\snake\server\dist\servers\info\net\remote\main.js:35:33)
    at Object.handleMsgAwait (D:\fangyuan\gitWrokSpace\snake\server\node_modules\mydog\lib\components\rpcService.js:113:52)
    at RpcClientSocket.onData (D:\fangyuan\gitWrokSpace\snake\server\node_modules\mydog\lib\components\rpcClient.js:193:32)
    at TcpClient.emit (node:events:514:28)
    at decode (D:\fangyuan\gitWrokSpace\snake\server\node_modules\mydog\lib\components\msgCoder.js:53:28)
    at TcpClient.onData (D:\fangyuan\gitWrokSpace\snake\server\node_modules\mydog\lib\components\tcpClient.js:66:31)
    at Socket.emit (node:events:514:28)
    at addChunk (node:internal/streams/readable:324:12)
    at readableAddChunk (node:internal/streams/readable:297:9)
[2024-01-26T23:52:11.742] [DEBUG] gameLog - cmd:3,msg:{}
[2024-01-26T23:52:17.133] [DEBUG] gameLog - cmd:0,msg:{"roomId":0,"roomIp":""}
[2024-01-26T23:52:17.135] [DEBUG] gameLog - cmd:1,msg:{"money":0,"diamond":0,"items":{"1":{"num":2},"2":{"num":2}}}
[2024-01-26T23:52:17.138] [DEBUG] gameLog - cmd:3,msg:{}
[2024-01-26T23:53:56.078] [DEBUG] gameLog - cmd:0,msg:{"roomId":0,"roomIp":""}
[2024-01-26T23:53:56.122] [DEBUG] gameLog - cmd:1,msg:{"money":0,"diamond":0,"items":{"1":{"num":2},"2":{"num":2}}}
[2024-01-26T23:53:56.128] [DEBUG] gameLog - cmd:3,msg:{}
[2024-01-26T23:54:10.425] [DEBUG] gameLog - cmd:0,msg:{"roomId":0,"roomIp":""}
[2024-01-26T23:55:16.578] [DEBUG] gameLog - cmd:0,msg:{"roomId":0,"roomIp":""}
[2024-01-26T23:55:16.701] [DEBUG] gameLog - cmd:1,msg:{"money":0,"diamond":0,"items":{"1":{"num":2},"2":{"num":2}}}
[2024-01-26T23:55:25.968] [DEBUG] gameLog - cmd:3,msg:{"inviteUids":[],"getRewardIndexs":[]}
[2024-01-26T23:55:25.970] [DEBUG] gameLog - cmd:0,msg:{"roomId":0,"roomIp":""}
[2024-01-26T23:55:25.970] [DEBUG] gameLog - cmd:1,msg:{"money":0,"diamond":0,"items":{"1":{"num":2},"2":{"num":2}}}
[2024-01-26T23:55:25.971] [DEBUG] gameLog - cmd:3,msg:{"inviteUids":[],"getRewardIndexs":[]}
[2024-01-27T00:01:46.081] [ERROR] gameLog - Error: ER_BAD_FIELD_ERROR: Unknown column 'inviteUids' in 'field list'
    at Sequence._packetToError (D:\fangyuan\gitWrokSpace\snake\server\node_modules\mysql\lib\protocol\sequences\Sequence.js:47:14)
    at Query.ErrorPacket (D:\fangyuan\gitWrokSpace\snake\server\node_modules\mysql\lib\protocol\sequences\Query.js:79:18)
    at Protocol._parsePacket (D:\fangyuan\gitWrokSpace\snake\server\node_modules\mysql\lib\protocol\Protocol.js:291:23)
    at Parser._parsePacket (D:\fangyuan\gitWrokSpace\snake\server\node_modules\mysql\lib\protocol\Parser.js:433:10)
    at Parser.write (D:\fangyuan\gitWrokSpace\snake\server\node_modules\mysql\lib\protocol\Parser.js:43:10)
    at Protocol.write (D:\fangyuan\gitWrokSpace\snake\server\node_modules\mysql\lib\protocol\Protocol.js:38:16)
    at Socket.<anonymous> (D:\fangyuan\gitWrokSpace\snake\server\node_modules\mysql\lib\Connection.js:88:28)
    at Socket.<anonymous> (D:\fangyuan\gitWrokSpace\snake\server\node_modules\mysql\lib\Connection.js:526:10)
    at Socket.emit (node:events:514:28)
    at addChunk (node:internal/streams/readable:324:12)
    --------------------
    at Protocol._enqueue (D:\fangyuan\gitWrokSpace\snake\server\node_modules\mysql\lib\protocol\Protocol.js:144:48)
    at PoolConnection.query (D:\fangyuan\gitWrokSpace\snake\server\node_modules\mysql\lib\Connection.js:198:25)
    at D:\fangyuan\gitWrokSpace\snake\server\dist\common\manager\SqlManager.js:55:32
    at Ping.onOperationComplete (D:\fangyuan\gitWrokSpace\snake\server\node_modules\mysql\lib\Pool.js:110:5)
    at Ping.<anonymous> (D:\fangyuan\gitWrokSpace\snake\server\node_modules\mysql\lib\Connection.js:526:10)
    at Ping._callback (D:\fangyuan\gitWrokSpace\snake\server\node_modules\mysql\lib\Connection.js:488:16)
    at Sequence.end (D:\fangyuan\gitWrokSpace\snake\server\node_modules\mysql\lib\protocol\sequences\Sequence.js:83:24)
    at Sequence.OkPacket (D:\fangyuan\gitWrokSpace\snake\server\node_modules\mysql\lib\protocol\sequences\Sequence.js:92:8)
    at Protocol._parsePacket (D:\fangyuan\gitWrokSpace\snake\server\node_modules\mysql\lib\protocol\Protocol.js:291:23)
    at Parser._parsePacket (D:\fangyuan\gitWrokSpace\snake\server\node_modules\mysql\lib\protocol\Parser.js:433:10) {
  code: 'ER_BAD_FIELD_ERROR',
  errno: 1054,
  sqlMessage: "Unknown column 'inviteUids' in 'field list'",
  sqlState: '42S22',
  index: 0,
  sql: "update t_user set inviteUids = '16' where uid = 17"
}
[2024-01-27T00:01:46.085] [ERROR] gameLog - Error: ER_BAD_FIELD_ERROR: Unknown column 'inviteUids' in 'field list'
    at Sequence._packetToError (D:\fangyuan\gitWrokSpace\snake\server\node_modules\mysql\lib\protocol\sequences\Sequence.js:47:14)
    at Query.ErrorPacket (D:\fangyuan\gitWrokSpace\snake\server\node_modules\mysql\lib\protocol\sequences\Query.js:79:18)
    at Protocol._parsePacket (D:\fangyuan\gitWrokSpace\snake\server\node_modules\mysql\lib\protocol\Protocol.js:291:23)
    at Parser._parsePacket (D:\fangyuan\gitWrokSpace\snake\server\node_modules\mysql\lib\protocol\Parser.js:433:10)
    at Parser.write (D:\fangyuan\gitWrokSpace\snake\server\node_modules\mysql\lib\protocol\Parser.js:43:10)
    at Protocol.write (D:\fangyuan\gitWrokSpace\snake\server\node_modules\mysql\lib\protocol\Protocol.js:38:16)
    at Socket.<anonymous> (D:\fangyuan\gitWrokSpace\snake\server\node_modules\mysql\lib\Connection.js:88:28)
    at Socket.<anonymous> (D:\fangyuan\gitWrokSpace\snake\server\node_modules\mysql\lib\Connection.js:526:10)
    at Socket.emit (node:events:514:28)
    at addChunk (node:internal/streams/readable:324:12)
    --------------------
    at Protocol._enqueue (D:\fangyuan\gitWrokSpace\snake\server\node_modules\mysql\lib\protocol\Protocol.js:144:48)
    at PoolConnection.query (D:\fangyuan\gitWrokSpace\snake\server\node_modules\mysql\lib\Connection.js:198:25)
    at D:\fangyuan\gitWrokSpace\snake\server\dist\common\manager\SqlManager.js:55:32
    at Ping.onOperationComplete (D:\fangyuan\gitWrokSpace\snake\server\node_modules\mysql\lib\Pool.js:110:5)
    at Ping.<anonymous> (D:\fangyuan\gitWrokSpace\snake\server\node_modules\mysql\lib\Connection.js:526:10)
    at Ping._callback (D:\fangyuan\gitWrokSpace\snake\server\node_modules\mysql\lib\Connection.js:488:16)
    at Sequence.end (D:\fangyuan\gitWrokSpace\snake\server\node_modules\mysql\lib\protocol\sequences\Sequence.js:83:24)
    at Sequence.OkPacket (D:\fangyuan\gitWrokSpace\snake\server\node_modules\mysql\lib\protocol\sequences\Sequence.js:92:8)
    at Protocol._parsePacket (D:\fangyuan\gitWrokSpace\snake\server\node_modules\mysql\lib\protocol\Protocol.js:291:23)
    at Parser._parsePacket (D:\fangyuan\gitWrokSpace\snake\server\node_modules\mysql\lib\protocol\Parser.js:433:10) {
  code: 'ER_BAD_FIELD_ERROR',
  errno: 1054,
  sqlMessage: "Unknown column 'inviteUids' in 'field list'",
  sqlState: '42S22',
  index: 0,
  sql: "update t_user set inviteUids = '16' where uid = 17"
}
[2024-01-27T00:02:55.175] [ERROR] gameLog - Error: ER_BAD_FIELD_ERROR: Unknown column 'inviteUids' in 'field list'
    at Sequence._packetToError (D:\fangyuan\gitWrokSpace\snake\server\node_modules\mysql\lib\protocol\sequences\Sequence.js:47:14)
    at Query.ErrorPacket (D:\fangyuan\gitWrokSpace\snake\server\node_modules\mysql\lib\protocol\sequences\Query.js:79:18)
    at Protocol._parsePacket (D:\fangyuan\gitWrokSpace\snake\server\node_modules\mysql\lib\protocol\Protocol.js:291:23)
    at Parser._parsePacket (D:\fangyuan\gitWrokSpace\snake\server\node_modules\mysql\lib\protocol\Parser.js:433:10)
    at Parser.write (D:\fangyuan\gitWrokSpace\snake\server\node_modules\mysql\lib\protocol\Parser.js:43:10)
    at Protocol.write (D:\fangyuan\gitWrokSpace\snake\server\node_modules\mysql\lib\protocol\Protocol.js:38:16)
    at Socket.<anonymous> (D:\fangyuan\gitWrokSpace\snake\server\node_modules\mysql\lib\Connection.js:88:28)
    at Socket.<anonymous> (D:\fangyuan\gitWrokSpace\snake\server\node_modules\mysql\lib\Connection.js:526:10)
    at Socket.emit (node:events:514:28)
    at addChunk (node:internal/streams/readable:324:12)
    --------------------
    at Protocol._enqueue (D:\fangyuan\gitWrokSpace\snake\server\node_modules\mysql\lib\protocol\Protocol.js:144:48)
    at PoolConnection.query (D:\fangyuan\gitWrokSpace\snake\server\node_modules\mysql\lib\Connection.js:198:25)
    at D:\fangyuan\gitWrokSpace\snake\server\dist\common\manager\SqlManager.js:55:32
    at Ping.onOperationComplete (D:\fangyuan\gitWrokSpace\snake\server\node_modules\mysql\lib\Pool.js:110:5)
    at Ping.<anonymous> (D:\fangyuan\gitWrokSpace\snake\server\node_modules\mysql\lib\Connection.js:526:10)
    at Ping._callback (D:\fangyuan\gitWrokSpace\snake\server\node_modules\mysql\lib\Connection.js:488:16)
    at Sequence.end (D:\fangyuan\gitWrokSpace\snake\server\node_modules\mysql\lib\protocol\sequences\Sequence.js:83:24)
    at Sequence.OkPacket (D:\fangyuan\gitWrokSpace\snake\server\node_modules\mysql\lib\protocol\sequences\Sequence.js:92:8)
    at Protocol._parsePacket (D:\fangyuan\gitWrokSpace\snake\server\node_modules\mysql\lib\protocol\Protocol.js:291:23)
    at Parser._parsePacket (D:\fangyuan\gitWrokSpace\snake\server\node_modules\mysql\lib\protocol\Parser.js:433:10) {
  code: 'ER_BAD_FIELD_ERROR',
  errno: 1054,
  sqlMessage: "Unknown column 'inviteUids' in 'field list'",
  sqlState: '42S22',
  index: 0,
  sql: "update t_user set inviteUids = '16' where uid = 17"
}
[2024-01-27T00:02:55.177] [ERROR] gameLog - Error: ER_BAD_FIELD_ERROR: Unknown column 'inviteUids' in 'field list'
    at Sequence._packetToError (D:\fangyuan\gitWrokSpace\snake\server\node_modules\mysql\lib\protocol\sequences\Sequence.js:47:14)
    at Query.ErrorPacket (D:\fangyuan\gitWrokSpace\snake\server\node_modules\mysql\lib\protocol\sequences\Query.js:79:18)
    at Protocol._parsePacket (D:\fangyuan\gitWrokSpace\snake\server\node_modules\mysql\lib\protocol\Protocol.js:291:23)
    at Parser._parsePacket (D:\fangyuan\gitWrokSpace\snake\server\node_modules\mysql\lib\protocol\Parser.js:433:10)
    at Parser.write (D:\fangyuan\gitWrokSpace\snake\server\node_modules\mysql\lib\protocol\Parser.js:43:10)
    at Protocol.write (D:\fangyuan\gitWrokSpace\snake\server\node_modules\mysql\lib\protocol\Protocol.js:38:16)
    at Socket.<anonymous> (D:\fangyuan\gitWrokSpace\snake\server\node_modules\mysql\lib\Connection.js:88:28)
    at Socket.<anonymous> (D:\fangyuan\gitWrokSpace\snake\server\node_modules\mysql\lib\Connection.js:526:10)
    at Socket.emit (node:events:514:28)
    at addChunk (node:internal/streams/readable:324:12)
    --------------------
    at Protocol._enqueue (D:\fangyuan\gitWrokSpace\snake\server\node_modules\mysql\lib\protocol\Protocol.js:144:48)
    at PoolConnection.query (D:\fangyuan\gitWrokSpace\snake\server\node_modules\mysql\lib\Connection.js:198:25)
    at D:\fangyuan\gitWrokSpace\snake\server\dist\common\manager\SqlManager.js:55:32
    at Ping.onOperationComplete (D:\fangyuan\gitWrokSpace\snake\server\node_modules\mysql\lib\Pool.js:110:5)
    at Ping.<anonymous> (D:\fangyuan\gitWrokSpace\snake\server\node_modules\mysql\lib\Connection.js:526:10)
    at Ping._callback (D:\fangyuan\gitWrokSpace\snake\server\node_modules\mysql\lib\Connection.js:488:16)
    at Sequence.end (D:\fangyuan\gitWrokSpace\snake\server\node_modules\mysql\lib\protocol\sequences\Sequence.js:83:24)
    at Sequence.OkPacket (D:\fangyuan\gitWrokSpace\snake\server\node_modules\mysql\lib\protocol\sequences\Sequence.js:92:8)
    at Protocol._parsePacket (D:\fangyuan\gitWrokSpace\snake\server\node_modules\mysql\lib\protocol\Protocol.js:291:23)
    at Parser._parsePacket (D:\fangyuan\gitWrokSpace\snake\server\node_modules\mysql\lib\protocol\Parser.js:433:10) {
  code: 'ER_BAD_FIELD_ERROR',
  errno: 1054,
  sqlMessage: "Unknown column 'inviteUids' in 'field list'",
  sqlState: '42S22',
  index: 0,
  sql: "update t_user set inviteUids = '16' where uid = 17"
}
[2024-01-27T00:03:52.426] [ERROR] gameLog - [rpcServer.ts] a rpc client disconnected: info-0, ::ffff:127.0.0.1
[2024-01-27T00:03:52.455] [ERROR] gameLog - Error: ER_BAD_FIELD_ERROR: Unknown column 'inviteUids' in 'field list'
    at Sequence._packetToError (D:\fangyuan\gitWrokSpace\snake\server\node_modules\mysql\lib\protocol\sequences\Sequence.js:47:14)
    at Query.ErrorPacket (D:\fangyuan\gitWrokSpace\snake\server\node_modules\mysql\lib\protocol\sequences\Query.js:79:18)
    at Protocol._parsePacket (D:\fangyuan\gitWrokSpace\snake\server\node_modules\mysql\lib\protocol\Protocol.js:291:23)
    at Parser._parsePacket (D:\fangyuan\gitWrokSpace\snake\server\node_modules\mysql\lib\protocol\Parser.js:433:10)
    at Parser.write (D:\fangyuan\gitWrokSpace\snake\server\node_modules\mysql\lib\protocol\Parser.js:43:10)
    at Protocol.write (D:\fangyuan\gitWrokSpace\snake\server\node_modules\mysql\lib\protocol\Protocol.js:38:16)
    at Socket.<anonymous> (D:\fangyuan\gitWrokSpace\snake\server\node_modules\mysql\lib\Connection.js:88:28)
    at Socket.<anonymous> (D:\fangyuan\gitWrokSpace\snake\server\node_modules\mysql\lib\Connection.js:526:10)
    at Socket.emit (node:events:514:28)
    at addChunk (node:internal/streams/readable:324:12)
    --------------------
    at Protocol._enqueue (D:\fangyuan\gitWrokSpace\snake\server\node_modules\mysql\lib\protocol\Protocol.js:144:48)
    at PoolConnection.query (D:\fangyuan\gitWrokSpace\snake\server\node_modules\mysql\lib\Connection.js:198:25)
    at D:\fangyuan\gitWrokSpace\snake\server\dist\common\manager\SqlManager.js:55:32
    at Ping.onOperationComplete (D:\fangyuan\gitWrokSpace\snake\server\node_modules\mysql\lib\Pool.js:110:5)
    at Ping.<anonymous> (D:\fangyuan\gitWrokSpace\snake\server\node_modules\mysql\lib\Connection.js:526:10)
    at Ping._callback (D:\fangyuan\gitWrokSpace\snake\server\node_modules\mysql\lib\Connection.js:488:16)
    at Sequence.end (D:\fangyuan\gitWrokSpace\snake\server\node_modules\mysql\lib\protocol\sequences\Sequence.js:83:24)
    at Sequence.OkPacket (D:\fangyuan\gitWrokSpace\snake\server\node_modules\mysql\lib\protocol\sequences\Sequence.js:92:8)
    at Protocol._parsePacket (D:\fangyuan\gitWrokSpace\snake\server\node_modules\mysql\lib\protocol\Protocol.js:291:23)
    at Parser._parsePacket (D:\fangyuan\gitWrokSpace\snake\server\node_modules\mysql\lib\protocol\Parser.js:433:10) {
  code: 'ER_BAD_FIELD_ERROR',
  errno: 1054,
  sqlMessage: "Unknown column 'inviteUids' in 'field list'",
  sqlState: '42S22',
  index: 0,
  sql: "update t_user set inviteUids = '16' where uid = 17"
}
[2024-01-27T00:03:52.456] [ERROR] gameLog - Error: ER_BAD_FIELD_ERROR: Unknown column 'inviteUids' in 'field list'
    at Sequence._packetToError (D:\fangyuan\gitWrokSpace\snake\server\node_modules\mysql\lib\protocol\sequences\Sequence.js:47:14)
    at Query.ErrorPacket (D:\fangyuan\gitWrokSpace\snake\server\node_modules\mysql\lib\protocol\sequences\Query.js:79:18)
    at Protocol._parsePacket (D:\fangyuan\gitWrokSpace\snake\server\node_modules\mysql\lib\protocol\Protocol.js:291:23)
    at Parser._parsePacket (D:\fangyuan\gitWrokSpace\snake\server\node_modules\mysql\lib\protocol\Parser.js:433:10)
    at Parser.write (D:\fangyuan\gitWrokSpace\snake\server\node_modules\mysql\lib\protocol\Parser.js:43:10)
    at Protocol.write (D:\fangyuan\gitWrokSpace\snake\server\node_modules\mysql\lib\protocol\Protocol.js:38:16)
    at Socket.<anonymous> (D:\fangyuan\gitWrokSpace\snake\server\node_modules\mysql\lib\Connection.js:88:28)
    at Socket.<anonymous> (D:\fangyuan\gitWrokSpace\snake\server\node_modules\mysql\lib\Connection.js:526:10)
    at Socket.emit (node:events:514:28)
    at addChunk (node:internal/streams/readable:324:12)
    --------------------
    at Protocol._enqueue (D:\fangyuan\gitWrokSpace\snake\server\node_modules\mysql\lib\protocol\Protocol.js:144:48)
    at PoolConnection.query (D:\fangyuan\gitWrokSpace\snake\server\node_modules\mysql\lib\Connection.js:198:25)
    at D:\fangyuan\gitWrokSpace\snake\server\dist\common\manager\SqlManager.js:55:32
    at Ping.onOperationComplete (D:\fangyuan\gitWrokSpace\snake\server\node_modules\mysql\lib\Pool.js:110:5)
    at Ping.<anonymous> (D:\fangyuan\gitWrokSpace\snake\server\node_modules\mysql\lib\Connection.js:526:10)
    at Ping._callback (D:\fangyuan\gitWrokSpace\snake\server\node_modules\mysql\lib\Connection.js:488:16)
    at Sequence.end (D:\fangyuan\gitWrokSpace\snake\server\node_modules\mysql\lib\protocol\sequences\Sequence.js:83:24)
    at Sequence.OkPacket (D:\fangyuan\gitWrokSpace\snake\server\node_modules\mysql\lib\protocol\sequences\Sequence.js:92:8)
    at Protocol._parsePacket (D:\fangyuan\gitWrokSpace\snake\server\node_modules\mysql\lib\protocol\Protocol.js:291:23)
    at Parser._parsePacket (D:\fangyuan\gitWrokSpace\snake\server\node_modules\mysql\lib\protocol\Parser.js:433:10) {
  code: 'ER_BAD_FIELD_ERROR',
  errno: 1054,
  sqlMessage: "Unknown column 'inviteUids' in 'field list'",
  sqlState: '42S22',
  index: 0,
  sql: "update t_user set inviteUids = '16' where uid = 17"
}
[2024-01-27T00:06:08.056] [ERROR] gameLog - [rpcServer.ts] a rpc client disconnected: info-0, ::ffff:127.0.0.1
[2024-01-27T00:06:08.058] [ERROR] gameLog - [rpcServer.ts] a rpc client disconnected: con-1, ::ffff:127.0.0.1
[2024-01-27T00:10:21.764] [ERROR] gameLog - [rpcServer.ts] heartBeat time out, close it: game-1
[2024-01-27T00:10:21.765] [ERROR] gameLog - [rpcServer.ts] a rpc client disconnected: game-1, ::ffff:127.0.0.1
[2024-01-27T00:10:21.766] [ERROR] gameLog - [rpcServer.ts] heartBeat time out, close it: con-0
[2024-01-27T00:10:21.766] [ERROR] gameLog - [rpcServer.ts] a rpc client disconnected: con-0, ::ffff:127.0.0.1
[2024-01-27T00:10:21.766] [ERROR] gameLog - [rpcServer.ts] heartBeat time out, close it: game-0
[2024-01-27T00:10:21.767] [ERROR] gameLog - [rpcServer.ts] a rpc client disconnected: game-0, ::ffff:127.0.0.1
[2024-01-27T00:10:21.767] [ERROR] gameLog - [rpcServer.ts] heartBeat time out, close it: info-0
[2024-01-27T00:10:21.767] [ERROR] gameLog - [rpcServer.ts] a rpc client disconnected: info-0, ::ffff:127.0.0.1
[2024-01-27T00:10:21.768] [ERROR] gameLog - [rpcServer.ts] heartBeat time out, close it: con-1
[2024-01-27T00:10:21.768] [ERROR] gameLog - [rpcServer.ts] a rpc client disconnected: con-1, ::ffff:127.0.0.1
[2024-01-27T00:10:21.769] [ERROR] gameLog - [rpcClient.ts] socket closed, reconnect the rpc server later: login
[2024-01-27T00:10:21.770] [ERROR] gameLog - [monitor.ts] socket closed, try to reconnect master later
[2024-01-27T00:10:21.770] [ERROR] gameLog - [rpcClient.ts] socket closed, reconnect the rpc server later: match-0
[2024-01-27T00:10:21.773] [ERROR] gameLog - [rpcServer.ts] a rpc client disconnected: game-1, ::ffff:127.0.0.1
[2024-01-27T00:10:21.774] [ERROR] gameLog - [rpcServer.ts] a rpc client disconnected: con-0, ::ffff:127.0.0.1
[2024-01-27T00:10:21.774] [ERROR] gameLog - [rpcServer.ts] a rpc client disconnected: game-0, ::ffff:127.0.0.1
[2024-01-27T00:10:21.775] [ERROR] gameLog - [rpcServer.ts] a rpc client disconnected: info-0, ::ffff:127.0.0.1
[2024-01-27T00:10:21.776] [ERROR] gameLog - [rpcServer.ts] a rpc client disconnected: con-1, ::ffff:127.0.0.1
[2024-01-27T00:10:31.197] [DEBUG] gameLog - cmd:0,msg:{"roomId":0,"roomIp":""}
[2024-01-27T00:10:31.232] [DEBUG] gameLog - cmd:1,msg:{"money":0,"diamond":0,"items":{"1":{"num":2},"2":{"num":2}}}
[2024-01-27T00:10:34.822] [DEBUG] gameLog - cmd:3,msg:{"inviteUids":[],"getRewardIndexs":[]}
[2024-01-27T00:11:20.775] [DEBUG] gameLog - cmd:0,msg:{"roomId":0,"roomIp":""}
[2024-01-27T00:11:20.808] [DEBUG] gameLog - cmd:3,msg:{}
[2024-01-27T00:11:20.814] [DEBUG] gameLog - cmd:1,msg:{"money":0,"diamond":0,"items":{"1":{"num":2},"2":{"num":2}}}
[2024-01-27T00:11:31.449] [DEBUG] gameLog - cmd:3,msg:{"inviteUids":[16]}
[2024-01-27T00:12:19.757] [DEBUG] gameLog - cmd:0,msg:{"roomId":0,"roomIp":""}
[2024-01-27T00:12:19.795] [DEBUG] gameLog - cmd:3,msg:{}
[2024-01-27T00:12:19.809] [DEBUG] gameLog - cmd:1,msg:{"money":0,"diamond":0,"items":{"1":{"num":2},"2":{"num":2}}}
[2024-01-27T00:12:37.508] [DEBUG] gameLog - cmd:3,msg:{"inviteUids":[16]}
[2024-01-27T00:12:51.901] [DEBUG] gameLog - cmd:3,msg:{}
[2024-01-27T00:12:55.291] [DEBUG] gameLog - cmd:0,msg:{"roomId":0,"roomIp":""}
[2024-01-27T00:12:55.293] [DEBUG] gameLog - cmd:1,msg:{"money":0,"diamond":0,"items":{"1":{"num":2},"2":{"num":2}}}
[2024-01-27T00:12:55.295] [DEBUG] gameLog - cmd:3,msg:{}
[2024-01-27T00:13:22.096] [DEBUG] gameLog - cmd:3,msg:{"inviteUids":[16]}
[2024-01-27T00:14:07.335] [DEBUG] gameLog - cmd:3,msg:{}
[2024-01-27T00:14:09.284] [DEBUG] gameLog - cmd:0,msg:{"roomId":0,"roomIp":""}
[2024-01-27T00:14:09.285] [DEBUG] gameLog - cmd:1,msg:{"money":0,"diamond":0,"items":{"1":{"num":2},"2":{"num":2}}}
[2024-01-27T00:14:09.287] [DEBUG] gameLog - cmd:3,msg:{}
[2024-01-27T00:15:07.295] [DEBUG] gameLog - cmd:3,msg:{"inviteUids":[16]}
[2024-01-27T00:15:10.319] [ERROR] gameLog - [rpcServer.ts] a rpc client disconnected: game-0, ::ffff:127.0.0.1
[2024-01-27T00:15:10.320] [ERROR] gameLog - [rpcServer.ts] a rpc client disconnected: game-1, ::ffff:127.0.0.1
[2024-01-27T00:19:06.403] [DEBUG] gameLog - cmd:3,msg:{}
[2024-01-27T00:19:20.797] [DEBUG] gameLog - cmd:0,msg:{"roomId":0,"roomIp":""}
[2024-01-27T00:19:20.799] [DEBUG] gameLog - cmd:1,msg:{"money":0,"diamond":0,"items":{"1":{"num":2},"2":{"num":2}}}
[2024-01-27T00:19:20.801] [DEBUG] gameLog - cmd:3,msg:{}
[2024-01-27T00:20:29.812] [DEBUG] gameLog - cmd:3,msg:{"inviteUids":[16]}
[2024-01-27T00:21:20.587] [ERROR] gameLog - [rpcClient.ts] heartbeat timeout, close the rpc socket: login
[2024-01-27T00:21:20.588] [ERROR] gameLog - [rpcClient.ts] socket closed, reconnect the rpc server later: login
[2024-01-27T00:22:11.626] [DEBUG] gameLog - cmd:3,msg:{"inviteUids":[],"getRewardIndexs":[]}
[2024-01-27T00:22:18.448] [DEBUG] gameLog - cmd:0,msg:{"roomId":0,"roomIp":""}
[2024-01-27T00:22:18.449] [DEBUG] gameLog - cmd:1,msg:{"money":0,"diamond":0,"items":{"1":{"num":2},"2":{"num":2}}}
[2024-01-27T00:22:18.451] [DEBUG] gameLog - cmd:3,msg:{"inviteUids":[],"getRewardIndexs":[]}
[2024-01-27T00:22:40.621] [DEBUG] gameLog - cmd:3,msg:{"inviteUids":[16],"getRewardIndexs":[]}
[2024-01-27T00:24:42.815] [DEBUG] gameLog - cmd:3,msg:{"inviteUids":16}
[2024-01-27T00:24:44.546] [DEBUG] gameLog - cmd:0,msg:{"roomId":0,"roomIp":""}
[2024-01-27T00:24:44.548] [DEBUG] gameLog - cmd:1,msg:{"money":0,"diamond":0,"items":{"1":{"num":2},"2":{"num":2}}}
[2024-01-27T00:24:44.550] [DEBUG] gameLog - cmd:3,msg:{"inviteUids":16}
[2024-01-27T00:24:56.366] [DEBUG] gameLog - cmd:0,msg:{"roomId":0,"roomIp":""}
[2024-01-27T00:24:56.367] [DEBUG] gameLog - cmd:1,msg:{"money":0,"diamond":0,"items":{"1":{"num":2},"2":{"num":2}}}
[2024-01-27T00:24:56.367] [DEBUG] gameLog - cmd:3,msg:{"inviteUids":16}
[2024-01-27T00:25:46.223] [ERROR] gameLog - Error: connect ETIMEDOUT
    at Connection._handleConnectTimeout (D:\fangyuan\gitWrokSpace\snake\server\node_modules\mysql\lib\Connection.js:409:13)
    at Object.onceWrapper (node:events:628:28)
    at Socket.emit (node:events:514:28)
    at Socket._onTimeout (node:net:571:8)
    at listOnTimeout (node:internal/timers:569:17)
    at process.processTimers (node:internal/timers:512:7)
    --------------------
    at Protocol._enqueue (D:\fangyuan\gitWrokSpace\snake\server\node_modules\mysql\lib\protocol\Protocol.js:144:48)
    at Protocol.handshake (D:\fangyuan\gitWrokSpace\snake\server\node_modules\mysql\lib\protocol\Protocol.js:51:23)
    at PoolConnection.connect (D:\fangyuan\gitWrokSpace\snake\server\node_modules\mysql\lib\Connection.js:116:18)
    at Pool.getConnection (D:\fangyuan\gitWrokSpace\snake\server\node_modules\mysql\lib\Pool.js:48:16)
    at D:\fangyuan\gitWrokSpace\snake\server\dist\common\manager\SqlManager.js:53:23
    at new Promise (<anonymous>)
    at SqlManager.query (D:\fangyuan\gitWrokSpace\snake\server\dist\common\manager\SqlManager.js:52:16)
    at SqlManager.select (D:\fangyuan\gitWrokSpace\snake\server\dist\common\manager\SqlManager.js:138:21)
    at Role.<anonymous> (D:\fangyuan\gitWrokSpace\snake\server\dist\common\base\SqlBase.js:124:42)
    at Generator.next (<anonymous>) {
  errorno: 'ETIMEDOUT',
  code: 'ETIMEDOUT',
  syscall: 'connect',
  fatal: true
}
[2024-01-27T00:25:46.226] [ERROR] gameLog - Error: connect ETIMEDOUT
    at Connection._handleConnectTimeout (D:\fangyuan\gitWrokSpace\snake\server\node_modules\mysql\lib\Connection.js:409:13)
    at Object.onceWrapper (node:events:628:28)
    at Socket.emit (node:events:514:28)
    at Socket._onTimeout (node:net:571:8)
    at listOnTimeout (node:internal/timers:569:17)
    at process.processTimers (node:internal/timers:512:7)
    --------------------
    at Protocol._enqueue (D:\fangyuan\gitWrokSpace\snake\server\node_modules\mysql\lib\protocol\Protocol.js:144:48)
    at Protocol.handshake (D:\fangyuan\gitWrokSpace\snake\server\node_modules\mysql\lib\protocol\Protocol.js:51:23)
    at PoolConnection.connect (D:\fangyuan\gitWrokSpace\snake\server\node_modules\mysql\lib\Connection.js:116:18)
    at Pool.getConnection (D:\fangyuan\gitWrokSpace\snake\server\node_modules\mysql\lib\Pool.js:48:16)
    at D:\fangyuan\gitWrokSpace\snake\server\dist\common\manager\SqlManager.js:53:23
    at new Promise (<anonymous>)
    at SqlManager.query (D:\fangyuan\gitWrokSpace\snake\server\dist\common\manager\SqlManager.js:52:16)
    at SqlManager.select (D:\fangyuan\gitWrokSpace\snake\server\dist\common\manager\SqlManager.js:138:21)
    at Role.<anonymous> (D:\fangyuan\gitWrokSpace\snake\server\dist\common\base\SqlBase.js:124:42)
    at Generator.next (<anonymous>) {
  errorno: 'ETIMEDOUT',
  code: 'ETIMEDOUT',
  syscall: 'connect',
  fatal: true
}
[2024-01-27T00:25:46.227] [ERROR] gameLog - Error: connect ETIMEDOUT
    at Connection._handleConnectTimeout (D:\fangyuan\gitWrokSpace\snake\server\node_modules\mysql\lib\Connection.js:409:13)
    at Object.onceWrapper (node:events:628:28)
    at Socket.emit (node:events:514:28)
    at Socket._onTimeout (node:net:571:8)
    at listOnTimeout (node:internal/timers:569:17)
    at process.processTimers (node:internal/timers:512:7)
    --------------------
    at Protocol._enqueue (D:\fangyuan\gitWrokSpace\snake\server\node_modules\mysql\lib\protocol\Protocol.js:144:48)
    at Protocol.handshake (D:\fangyuan\gitWrokSpace\snake\server\node_modules\mysql\lib\protocol\Protocol.js:51:23)
    at PoolConnection.connect (D:\fangyuan\gitWrokSpace\snake\server\node_modules\mysql\lib\Connection.js:116:18)
    at Pool.getConnection (D:\fangyuan\gitWrokSpace\snake\server\node_modules\mysql\lib\Pool.js:48:16)
    at D:\fangyuan\gitWrokSpace\snake\server\dist\common\manager\SqlManager.js:53:23
    at new Promise (<anonymous>)
    at SqlManager.query (D:\fangyuan\gitWrokSpace\snake\server\dist\common\manager\SqlManager.js:52:16)
    at SqlManager.select (D:\fangyuan\gitWrokSpace\snake\server\dist\common\manager\SqlManager.js:138:21)
    at Asset.<anonymous> (D:\fangyuan\gitWrokSpace\snake\server\dist\common\base\SqlBase.js:124:42)
    at Generator.next (<anonymous>) {
  errorno: 'ETIMEDOUT',
  code: 'ETIMEDOUT',
  syscall: 'connect',
  fatal: true
}
[2024-01-27T00:25:46.228] [ERROR] gameLog - Error: connect ETIMEDOUT
    at Connection._handleConnectTimeout (D:\fangyuan\gitWrokSpace\snake\server\node_modules\mysql\lib\Connection.js:409:13)
    at Object.onceWrapper (node:events:628:28)
    at Socket.emit (node:events:514:28)
    at Socket._onTimeout (node:net:571:8)
    at listOnTimeout (node:internal/timers:569:17)
    at process.processTimers (node:internal/timers:512:7)
    --------------------
    at Protocol._enqueue (D:\fangyuan\gitWrokSpace\snake\server\node_modules\mysql\lib\protocol\Protocol.js:144:48)
    at Protocol.handshake (D:\fangyuan\gitWrokSpace\snake\server\node_modules\mysql\lib\protocol\Protocol.js:51:23)
    at PoolConnection.connect (D:\fangyuan\gitWrokSpace\snake\server\node_modules\mysql\lib\Connection.js:116:18)
    at Pool.getConnection (D:\fangyuan\gitWrokSpace\snake\server\node_modules\mysql\lib\Pool.js:48:16)
    at D:\fangyuan\gitWrokSpace\snake\server\dist\common\manager\SqlManager.js:53:23
    at new Promise (<anonymous>)
    at SqlManager.query (D:\fangyuan\gitWrokSpace\snake\server\dist\common\manager\SqlManager.js:52:16)
    at SqlManager.select (D:\fangyuan\gitWrokSpace\snake\server\dist\common\manager\SqlManager.js:138:21)
    at Asset.<anonymous> (D:\fangyuan\gitWrokSpace\snake\server\dist\common\base\SqlBase.js:124:42)
    at Generator.next (<anonymous>) {
  errorno: 'ETIMEDOUT',
  code: 'ETIMEDOUT',
  syscall: 'connect',
  fatal: true
}
[2024-01-27T00:25:51.460] [DEBUG] gameLog - cmd:3,msg:{"inviteUids":16}
[2024-01-27T00:26:05.762] [DEBUG] gameLog - cmd:3,msg:{"inviteUids":16}
[2024-01-27T00:26:17.761] [ERROR] gameLog - TypeError: data.inviteUids.indexOf is not a function
    at InviteReward.updateInviteData (D:\fangyuan\gitWrokSpace\snake\server\dist\servers\info\src\InviteReward.js:21:33)
    at Remote.updatePlayInviteData (D:\fangyuan\gitWrokSpace\snake\server\dist\servers\info\net\remote\main.js:35:33)
    at Object.handleMsgAwait (D:\fangyuan\gitWrokSpace\snake\server\node_modules\mydog\lib\components\rpcService.js:113:52)
    at RpcClientSocket.onData (D:\fangyuan\gitWrokSpace\snake\server\node_modules\mydog\lib\components\rpcClient.js:193:32)
    at TcpClient.emit (node:events:514:28)
    at decode (D:\fangyuan\gitWrokSpace\snake\server\node_modules\mydog\lib\components\msgCoder.js:53:28)
    at TcpClient.onData (D:\fangyuan\gitWrokSpace\snake\server\node_modules\mydog\lib\components\tcpClient.js:66:31)
    at Socket.emit (node:events:514:28)
    at addChunk (node:internal/streams/readable:324:12)
    at readableAddChunk (node:internal/streams/readable:297:9)
[2024-01-27T00:26:59.599] [ERROR] gameLog - TypeError: data.inviteUids.indexOf is not a function
    at InviteReward.updateInviteData (D:\fangyuan\gitWrokSpace\snake\server\dist\servers\info\src\InviteReward.js:21:33)
    at Remote.updatePlayInviteData (D:\fangyuan\gitWrokSpace\snake\server\dist\servers\info\net\remote\main.js:35:33)
    at Object.handleMsgAwait (D:\fangyuan\gitWrokSpace\snake\server\node_modules\mydog\lib\components\rpcService.js:113:52)
    at RpcClientSocket.onData (D:\fangyuan\gitWrokSpace\snake\server\node_modules\mydog\lib\components\rpcClient.js:193:32)
    at TcpClient.emit (node:events:514:28)
    at decode (D:\fangyuan\gitWrokSpace\snake\server\node_modules\mydog\lib\components\msgCoder.js:53:28)
    at TcpClient.onData (D:\fangyuan\gitWrokSpace\snake\server\node_modules\mydog\lib\components\tcpClient.js:66:31)
    at Socket.emit (node:events:514:28)
    at addChunk (node:internal/streams/readable:324:12)
    at readableAddChunk (node:internal/streams/readable:297:9)
[2024-01-27T00:27:19.821] [ERROR] gameLog - TypeError: data.inviteUids.indexOf is not a function
    at InviteReward.updateInviteData (D:\fangyuan\gitWrokSpace\snake\server\dist\servers\info\src\InviteReward.js:21:33)
    at Remote.updatePlayInviteData (D:\fangyuan\gitWrokSpace\snake\server\dist\servers\info\net\remote\main.js:35:33)
    at Object.handleMsgAwait (D:\fangyuan\gitWrokSpace\snake\server\node_modules\mydog\lib\components\rpcService.js:113:52)
    at RpcClientSocket.onData (D:\fangyuan\gitWrokSpace\snake\server\node_modules\mydog\lib\components\rpcClient.js:193:32)
    at TcpClient.emit (node:events:514:28)
    at decode (D:\fangyuan\gitWrokSpace\snake\server\node_modules\mydog\lib\components\msgCoder.js:53:28)
    at TcpClient.onData (D:\fangyuan\gitWrokSpace\snake\server\node_modules\mydog\lib\components\tcpClient.js:66:31)
    at Socket.emit (node:events:514:28)
    at addChunk (node:internal/streams/readable:324:12)
    at readableAddChunk (node:internal/streams/readable:297:9)
[2024-01-27T00:35:45.285] [DEBUG] gameLog - cmd:0,msg:{"roomId":0,"roomIp":""}
[2024-01-27T00:35:47.777] [DEBUG] gameLog - cmd:1,msg:{"money":0,"diamond":0,"items":{"1":{"num":2},"2":{"num":2}}}
[2024-01-27T00:35:47.783] [DEBUG] gameLog - cmd:3,msg:{"inviteUids":[],"getRewardIndexs":[]}
[2024-01-27T00:36:33.280] [DEBUG] gameLog - cmd:3,msg:{"inviteUids":[],"getRewardIndexs":[]}
[2024-01-27T00:36:47.634] [DEBUG] gameLog - cmd:3,msg:{"inviteUids":[16],"getRewardIndexs":[]}
[2024-01-27T00:37:21.192] [DEBUG] gameLog - cmd:0,msg:{"roomId":0,"roomIp":""}
[2024-01-27T00:37:21.195] [DEBUG] gameLog - cmd:1,msg:{"money":0,"diamond":0,"items":{"1":{"num":2},"2":{"num":2}}}
[2024-01-27T00:37:21.199] [DEBUG] gameLog - cmd:3,msg:{"inviteUids":[16],"getRewardIndexs":[]}
[2024-01-27T00:38:08.369] [DEBUG] gameLog - cmd:0,msg:{"roomId":0,"roomIp":""}
[2024-01-27T00:38:08.385] [DEBUG] gameLog - cmd:1,msg:{"money":0,"diamond":0,"items":{"1":{"num":2},"2":{"num":2}}}
[2024-01-27T00:38:08.411] [DEBUG] gameLog - cmd:3,msg:{"inviteUids":[],"getRewardIndexs":[]}
[2024-01-27T00:38:42.622] [DEBUG] gameLog - cmd:3,msg:{"inviteUids":[16],"getRewardIndexs":[]}
