[2024-01-03T23:04:47.575] [ERROR] gameLog - [rpcClient.ts] heartbeat timeout, close the rpc socket: login
[2024-01-03T23:04:47.577] [ERROR] gameLog - [rpcClient.ts] socket closed, reconnect the rpc server later: login
[2024-01-03T23:05:40.321] [ERROR] gameLog - [rpcClient.ts] socket closed, reconnect the rpc server later: login
[2024-01-03T23:08:02.750] [ERROR] gameLog - TypeError: cb is not a function
    at Remote.getClientNum (D:\fangyuan\gitWrokSpace\snake\server\dist\servers\center\net\remote\main.js:7:9)
    at Object.handleMsgAwait (D:\fangyuan\gitWrokSpace\snake\server\node_modules\mydog\lib\components\rpcService.js:113:52)
    at RpcClientSocket.onData (D:\fangyuan\gitWrokSpace\snake\server\node_modules\mydog\lib\components\rpcClient.js:193:32)
    at TcpClient.emit (node:events:514:28)
    at decode (D:\fangyuan\gitWrokSpace\snake\server\node_modules\mydog\lib\components\msgCoder.js:53:28)
    at TcpClient.onData (D:\fangyuan\gitWrokSpace\snake\server\node_modules\mydog\lib\components\tcpClient.js:66:31)
    at Socket.emit (node:events:514:28)
    at addChunk (node:internal/streams/readable:324:12)
    at readableAddChunk (node:internal/streams/readable:297:9)
    at Readable.push (node:internal/streams/readable:234:10)
[2024-01-03T23:08:02.789] [ERROR] gameLog - TypeError: cb is not a function
    at Remote.getClientNum (D:\fangyuan\gitWrokSpace\snake\server\dist\servers\center\net\remote\main.js:7:9)
    at Object.handleMsgAwait (D:\fangyuan\gitWrokSpace\snake\server\node_modules\mydog\lib\components\rpcService.js:113:52)
    at RpcClientSocket.onData (D:\fangyuan\gitWrokSpace\snake\server\node_modules\mydog\lib\components\rpcClient.js:193:32)
    at TcpClient.emit (node:events:514:28)
    at decode (D:\fangyuan\gitWrokSpace\snake\server\node_modules\mydog\lib\components\msgCoder.js:53:28)
    at TcpClient.onData (D:\fangyuan\gitWrokSpace\snake\server\node_modules\mydog\lib\components\tcpClient.js:66:31)
    at Socket.emit (node:events:514:28)
    at addChunk (node:internal/streams/readable:324:12)
    at readableAddChunk (node:internal/streams/readable:297:9)
    at Readable.push (node:internal/streams/readable:234:10)
[2024-01-03T23:08:03.261] [ERROR] gameLog - TypeError: cb is not a function
    at Remote.getClientNum (D:\fangyuan\gitWrokSpace\snake\server\dist\servers\center\net\remote\main.js:7:9)
    at Object.handleMsgAwait (D:\fangyuan\gitWrokSpace\snake\server\node_modules\mydog\lib\components\rpcService.js:113:52)
    at RpcClientSocket.onData (D:\fangyuan\gitWrokSpace\snake\server\node_modules\mydog\lib\components\rpcClient.js:193:32)
    at TcpClient.emit (node:events:514:28)
    at decode (D:\fangyuan\gitWrokSpace\snake\server\node_modules\mydog\lib\components\msgCoder.js:53:28)
    at TcpClient.onData (D:\fangyuan\gitWrokSpace\snake\server\node_modules\mydog\lib\components\tcpClient.js:66:31)
    at Socket.emit (node:events:514:28)
    at addChunk (node:internal/streams/readable:324:12)
    at readableAddChunk (node:internal/streams/readable:297:9)
    at Readable.push (node:internal/streams/readable:234:10)
[2024-01-03T23:08:03.765] [ERROR] gameLog - TypeError: cb is not a function
    at Remote.getClientNum (D:\fangyuan\gitWrokSpace\snake\server\dist\servers\center\net\remote\main.js:7:9)
    at Object.handleMsgAwait (D:\fangyuan\gitWrokSpace\snake\server\node_modules\mydog\lib\components\rpcService.js:113:52)
    at RpcClientSocket.onData (D:\fangyuan\gitWrokSpace\snake\server\node_modules\mydog\lib\components\rpcClient.js:193:32)
    at TcpClient.emit (node:events:514:28)
    at decode (D:\fangyuan\gitWrokSpace\snake\server\node_modules\mydog\lib\components\msgCoder.js:53:28)
    at TcpClient.onData (D:\fangyuan\gitWrokSpace\snake\server\node_modules\mydog\lib\components\tcpClient.js:66:31)
    at Socket.emit (node:events:514:28)
    at addChunk (node:internal/streams/readable:324:12)
    at readableAddChunk (node:internal/streams/readable:297:9)
    at Readable.push (node:internal/streams/readable:234:10)
[2024-01-03T23:08:04.270] [ERROR] gameLog - TypeError: cb is not a function
    at Remote.getClientNum (D:\fangyuan\gitWrokSpace\snake\server\dist\servers\center\net\remote\main.js:7:9)
    at Object.handleMsgAwait (D:\fangyuan\gitWrokSpace\snake\server\node_modules\mydog\lib\components\rpcService.js:113:52)
    at RpcClientSocket.onData (D:\fangyuan\gitWrokSpace\snake\server\node_modules\mydog\lib\components\rpcClient.js:193:32)
    at TcpClient.emit (node:events:514:28)
    at decode (D:\fangyuan\gitWrokSpace\snake\server\node_modules\mydog\lib\components\msgCoder.js:53:28)
    at TcpClient.onData (D:\fangyuan\gitWrokSpace\snake\server\node_modules\mydog\lib\components\tcpClient.js:66:31)
    at Socket.emit (node:events:514:28)
    at addChunk (node:internal/streams/readable:324:12)
    at readableAddChunk (node:internal/streams/readable:297:9)
    at Readable.push (node:internal/streams/readable:234:10)
[2024-01-03T23:08:04.810] [ERROR] gameLog - TypeError: cb is not a function
    at Remote.getClientNum (D:\fangyuan\gitWrokSpace\snake\server\dist\servers\center\net\remote\main.js:7:9)
    at Object.handleMsgAwait (D:\fangyuan\gitWrokSpace\snake\server\node_modules\mydog\lib\components\rpcService.js:113:52)
    at RpcClientSocket.onData (D:\fangyuan\gitWrokSpace\snake\server\node_modules\mydog\lib\components\rpcClient.js:193:32)
    at TcpClient.emit (node:events:514:28)
    at decode (D:\fangyuan\gitWrokSpace\snake\server\node_modules\mydog\lib\components\msgCoder.js:53:28)
    at TcpClient.onData (D:\fangyuan\gitWrokSpace\snake\server\node_modules\mydog\lib\components\tcpClient.js:66:31)
    at Socket.emit (node:events:514:28)
    at addChunk (node:internal/streams/readable:324:12)
    at readableAddChunk (node:internal/streams/readable:297:9)
    at Readable.push (node:internal/streams/readable:234:10)
[2024-01-03T23:08:05.317] [ERROR] gameLog - TypeError: cb is not a function
    at Remote.getClientNum (D:\fangyuan\gitWrokSpace\snake\server\dist\servers\center\net\remote\main.js:7:9)
    at Object.handleMsgAwait (D:\fangyuan\gitWrokSpace\snake\server\node_modules\mydog\lib\components\rpcService.js:113:52)
    at RpcClientSocket.onData (D:\fangyuan\gitWrokSpace\snake\server\node_modules\mydog\lib\components\rpcClient.js:193:32)
    at TcpClient.emit (node:events:514:28)
    at decode (D:\fangyuan\gitWrokSpace\snake\server\node_modules\mydog\lib\components\msgCoder.js:53:28)
    at TcpClient.onData (D:\fangyuan\gitWrokSpace\snake\server\node_modules\mydog\lib\components\tcpClient.js:66:31)
    at Socket.emit (node:events:514:28)
    at addChunk (node:internal/streams/readable:324:12)
    at readableAddChunk (node:internal/streams/readable:297:9)
    at Readable.push (node:internal/streams/readable:234:10)
[2024-01-03T23:08:05.814] [ERROR] gameLog - TypeError: cb is not a function
    at Remote.getClientNum (D:\fangyuan\gitWrokSpace\snake\server\dist\servers\center\net\remote\main.js:7:9)
    at Object.handleMsgAwait (D:\fangyuan\gitWrokSpace\snake\server\node_modules\mydog\lib\components\rpcService.js:113:52)
    at RpcClientSocket.onData (D:\fangyuan\gitWrokSpace\snake\server\node_modules\mydog\lib\components\rpcClient.js:193:32)
    at TcpClient.emit (node:events:514:28)
    at decode (D:\fangyuan\gitWrokSpace\snake\server\node_modules\mydog\lib\components\msgCoder.js:53:28)
    at TcpClient.onData (D:\fangyuan\gitWrokSpace\snake\server\node_modules\mydog\lib\components\tcpClient.js:66:31)
    at Socket.emit (node:events:514:28)
    at addChunk (node:internal/streams/readable:324:12)
    at readableAddChunk (node:internal/streams/readable:297:9)
    at Readable.push (node:internal/streams/readable:234:10)
[2024-01-03T23:08:06.328] [ERROR] gameLog - TypeError: cb is not a function
    at Remote.getClientNum (D:\fangyuan\gitWrokSpace\snake\server\dist\servers\center\net\remote\main.js:7:9)
    at Object.handleMsgAwait (D:\fangyuan\gitWrokSpace\snake\server\node_modules\mydog\lib\components\rpcService.js:113:52)
    at RpcClientSocket.onData (D:\fangyuan\gitWrokSpace\snake\server\node_modules\mydog\lib\components\rpcClient.js:193:32)
    at TcpClient.emit (node:events:514:28)
    at decode (D:\fangyuan\gitWrokSpace\snake\server\node_modules\mydog\lib\components\msgCoder.js:53:28)
    at TcpClient.onData (D:\fangyuan\gitWrokSpace\snake\server\node_modules\mydog\lib\components\tcpClient.js:66:31)
    at Socket.emit (node:events:514:28)
    at addChunk (node:internal/streams/readable:324:12)
    at readableAddChunk (node:internal/streams/readable:297:9)
    at Readable.push (node:internal/streams/readable:234:10)
[2024-01-03T23:08:06.799] [ERROR] gameLog - TypeError: cb is not a function
    at Remote.getClientNum (D:\fangyuan\gitWrokSpace\snake\server\dist\servers\center\net\remote\main.js:7:9)
    at Object.handleMsgAwait (D:\fangyuan\gitWrokSpace\snake\server\node_modules\mydog\lib\components\rpcService.js:113:52)
    at RpcClientSocket.onData (D:\fangyuan\gitWrokSpace\snake\server\node_modules\mydog\lib\components\rpcClient.js:193:32)
    at TcpClient.emit (node:events:514:28)
    at decode (D:\fangyuan\gitWrokSpace\snake\server\node_modules\mydog\lib\components\msgCoder.js:53:28)
    at TcpClient.onData (D:\fangyuan\gitWrokSpace\snake\server\node_modules\mydog\lib\components\tcpClient.js:66:31)
    at Socket.emit (node:events:514:28)
    at addChunk (node:internal/streams/readable:324:12)
    at readableAddChunk (node:internal/streams/readable:297:9)
    at Readable.push (node:internal/streams/readable:234:10)
[2024-01-03T23:08:07.316] [ERROR] gameLog - TypeError: cb is not a function
    at Remote.getClientNum (D:\fangyuan\gitWrokSpace\snake\server\dist\servers\center\net\remote\main.js:7:9)
    at Object.handleMsgAwait (D:\fangyuan\gitWrokSpace\snake\server\node_modules\mydog\lib\components\rpcService.js:113:52)
    at RpcClientSocket.onData (D:\fangyuan\gitWrokSpace\snake\server\node_modules\mydog\lib\components\rpcClient.js:193:32)
    at TcpClient.emit (node:events:514:28)
    at decode (D:\fangyuan\gitWrokSpace\snake\server\node_modules\mydog\lib\components\msgCoder.js:53:28)
    at TcpClient.onData (D:\fangyuan\gitWrokSpace\snake\server\node_modules\mydog\lib\components\tcpClient.js:66:31)
    at Socket.emit (node:events:514:28)
    at addChunk (node:internal/streams/readable:324:12)
    at readableAddChunk (node:internal/streams/readable:297:9)
    at Readable.push (node:internal/streams/readable:234:10)
[2024-01-03T23:08:07.816] [ERROR] gameLog - TypeError: cb is not a function
    at Remote.getClientNum (D:\fangyuan\gitWrokSpace\snake\server\dist\servers\center\net\remote\main.js:7:9)
    at Object.handleMsgAwait (D:\fangyuan\gitWrokSpace\snake\server\node_modules\mydog\lib\components\rpcService.js:113:52)
    at RpcClientSocket.onData (D:\fangyuan\gitWrokSpace\snake\server\node_modules\mydog\lib\components\rpcClient.js:193:32)
    at TcpClient.emit (node:events:514:28)
    at decode (D:\fangyuan\gitWrokSpace\snake\server\node_modules\mydog\lib\components\msgCoder.js:53:28)
    at TcpClient.onData (D:\fangyuan\gitWrokSpace\snake\server\node_modules\mydog\lib\components\tcpClient.js:66:31)
    at Socket.emit (node:events:514:28)
    at addChunk (node:internal/streams/readable:324:12)
    at readableAddChunk (node:internal/streams/readable:297:9)
    at Readable.push (node:internal/streams/readable:234:10)
[2024-01-03T23:08:08.343] [ERROR] gameLog - TypeError: cb is not a function
    at Remote.getClientNum (D:\fangyuan\gitWrokSpace\snake\server\dist\servers\center\net\remote\main.js:7:9)
    at Object.handleMsgAwait (D:\fangyuan\gitWrokSpace\snake\server\node_modules\mydog\lib\components\rpcService.js:113:52)
    at RpcClientSocket.onData (D:\fangyuan\gitWrokSpace\snake\server\node_modules\mydog\lib\components\rpcClient.js:193:32)
    at TcpClient.emit (node:events:514:28)
    at decode (D:\fangyuan\gitWrokSpace\snake\server\node_modules\mydog\lib\components\msgCoder.js:53:28)
    at TcpClient.onData (D:\fangyuan\gitWrokSpace\snake\server\node_modules\mydog\lib\components\tcpClient.js:66:31)
    at Socket.emit (node:events:514:28)
    at addChunk (node:internal/streams/readable:324:12)
    at readableAddChunk (node:internal/streams/readable:297:9)
    at Readable.push (node:internal/streams/readable:234:10)
[2024-01-03T23:08:08.843] [ERROR] gameLog - TypeError: cb is not a function
    at Remote.getClientNum (D:\fangyuan\gitWrokSpace\snake\server\dist\servers\center\net\remote\main.js:7:9)
    at Object.handleMsgAwait (D:\fangyuan\gitWrokSpace\snake\server\node_modules\mydog\lib\components\rpcService.js:113:52)
    at RpcClientSocket.onData (D:\fangyuan\gitWrokSpace\snake\server\node_modules\mydog\lib\components\rpcClient.js:193:32)
    at TcpClient.emit (node:events:514:28)
    at decode (D:\fangyuan\gitWrokSpace\snake\server\node_modules\mydog\lib\components\msgCoder.js:53:28)
    at TcpClient.onData (D:\fangyuan\gitWrokSpace\snake\server\node_modules\mydog\lib\components\tcpClient.js:66:31)
    at Socket.emit (node:events:514:28)
    at addChunk (node:internal/streams/readable:324:12)
    at readableAddChunk (node:internal/streams/readable:297:9)
    at Readable.push (node:internal/streams/readable:234:10)
[2024-01-03T23:08:09.372] [ERROR] gameLog - TypeError: cb is not a function
    at Remote.getClientNum (D:\fangyuan\gitWrokSpace\snake\server\dist\servers\center\net\remote\main.js:7:9)
    at Object.handleMsgAwait (D:\fangyuan\gitWrokSpace\snake\server\node_modules\mydog\lib\components\rpcService.js:113:52)
    at RpcClientSocket.onData (D:\fangyuan\gitWrokSpace\snake\server\node_modules\mydog\lib\components\rpcClient.js:193:32)
    at TcpClient.emit (node:events:514:28)
    at decode (D:\fangyuan\gitWrokSpace\snake\server\node_modules\mydog\lib\components\msgCoder.js:53:28)
    at TcpClient.onData (D:\fangyuan\gitWrokSpace\snake\server\node_modules\mydog\lib\components\tcpClient.js:66:31)
    at Socket.emit (node:events:514:28)
    at addChunk (node:internal/streams/readable:324:12)
    at readableAddChunk (node:internal/streams/readable:297:9)
    at Readable.push (node:internal/streams/readable:234:10)
[2024-01-03T23:08:09.854] [ERROR] gameLog - TypeError: cb is not a function
    at Remote.getClientNum (D:\fangyuan\gitWrokSpace\snake\server\dist\servers\center\net\remote\main.js:7:9)
    at Object.handleMsgAwait (D:\fangyuan\gitWrokSpace\snake\server\node_modules\mydog\lib\components\rpcService.js:113:52)
    at RpcClientSocket.onData (D:\fangyuan\gitWrokSpace\snake\server\node_modules\mydog\lib\components\rpcClient.js:193:32)
    at TcpClient.emit (node:events:514:28)
    at decode (D:\fangyuan\gitWrokSpace\snake\server\node_modules\mydog\lib\components\msgCoder.js:53:28)
    at TcpClient.onData (D:\fangyuan\gitWrokSpace\snake\server\node_modules\mydog\lib\components\tcpClient.js:66:31)
    at Socket.emit (node:events:514:28)
    at addChunk (node:internal/streams/readable:324:12)
    at readableAddChunk (node:internal/streams/readable:297:9)
    at Readable.push (node:internal/streams/readable:234:10)
[2024-01-03T23:08:10.381] [ERROR] gameLog - TypeError: cb is not a function
    at Remote.getClientNum (D:\fangyuan\gitWrokSpace\snake\server\dist\servers\center\net\remote\main.js:7:9)
    at Object.handleMsgAwait (D:\fangyuan\gitWrokSpace\snake\server\node_modules\mydog\lib\components\rpcService.js:113:52)
    at RpcClientSocket.onData (D:\fangyuan\gitWrokSpace\snake\server\node_modules\mydog\lib\components\rpcClient.js:193:32)
    at TcpClient.emit (node:events:514:28)
    at decode (D:\fangyuan\gitWrokSpace\snake\server\node_modules\mydog\lib\components\msgCoder.js:53:28)
    at TcpClient.onData (D:\fangyuan\gitWrokSpace\snake\server\node_modules\mydog\lib\components\tcpClient.js:66:31)
    at Socket.emit (node:events:514:28)
    at addChunk (node:internal/streams/readable:324:12)
    at readableAddChunk (node:internal/streams/readable:297:9)
    at Readable.push (node:internal/streams/readable:234:10)
[2024-01-03T23:08:10.872] [ERROR] gameLog - TypeError: cb is not a function
    at Remote.getClientNum (D:\fangyuan\gitWrokSpace\snake\server\dist\servers\center\net\remote\main.js:7:9)
    at Object.handleMsgAwait (D:\fangyuan\gitWrokSpace\snake\server\node_modules\mydog\lib\components\rpcService.js:113:52)
    at RpcClientSocket.onData (D:\fangyuan\gitWrokSpace\snake\server\node_modules\mydog\lib\components\rpcClient.js:193:32)
    at TcpClient.emit (node:events:514:28)
    at decode (D:\fangyuan\gitWrokSpace\snake\server\node_modules\mydog\lib\components\msgCoder.js:53:28)
    at TcpClient.onData (D:\fangyuan\gitWrokSpace\snake\server\node_modules\mydog\lib\components\tcpClient.js:66:31)
    at Socket.emit (node:events:514:28)
    at addChunk (node:internal/streams/readable:324:12)
    at readableAddChunk (node:internal/streams/readable:297:9)
    at Readable.push (node:internal/streams/readable:234:10)
[2024-01-03T23:08:11.395] [ERROR] gameLog - TypeError: cb is not a function
    at Remote.getClientNum (D:\fangyuan\gitWrokSpace\snake\server\dist\servers\center\net\remote\main.js:7:9)
    at Object.handleMsgAwait (D:\fangyuan\gitWrokSpace\snake\server\node_modules\mydog\lib\components\rpcService.js:113:52)
    at RpcClientSocket.onData (D:\fangyuan\gitWrokSpace\snake\server\node_modules\mydog\lib\components\rpcClient.js:193:32)
    at TcpClient.emit (node:events:514:28)
    at decode (D:\fangyuan\gitWrokSpace\snake\server\node_modules\mydog\lib\components\msgCoder.js:53:28)
    at TcpClient.onData (D:\fangyuan\gitWrokSpace\snake\server\node_modules\mydog\lib\components\tcpClient.js:66:31)
    at Socket.emit (node:events:514:28)
    at addChunk (node:internal/streams/readable:324:12)
    at readableAddChunk (node:internal/streams/readable:297:9)
    at Readable.push (node:internal/streams/readable:234:10)
[2024-01-03T23:08:11.909] [ERROR] gameLog - TypeError: cb is not a function
    at Remote.getClientNum (D:\fangyuan\gitWrokSpace\snake\server\dist\servers\center\net\remote\main.js:7:9)
    at Object.handleMsgAwait (D:\fangyuan\gitWrokSpace\snake\server\node_modules\mydog\lib\components\rpcService.js:113:52)
    at RpcClientSocket.onData (D:\fangyuan\gitWrokSpace\snake\server\node_modules\mydog\lib\components\rpcClient.js:193:32)
    at TcpClient.emit (node:events:514:28)
    at decode (D:\fangyuan\gitWrokSpace\snake\server\node_modules\mydog\lib\components\msgCoder.js:53:28)
    at TcpClient.onData (D:\fangyuan\gitWrokSpace\snake\server\node_modules\mydog\lib\components\tcpClient.js:66:31)
    at Socket.emit (node:events:514:28)
    at addChunk (node:internal/streams/readable:324:12)
    at readableAddChunk (node:internal/streams/readable:297:9)
    at Readable.push (node:internal/streams/readable:234:10)
[2024-01-03T23:08:12.399] [ERROR] gameLog - TypeError: cb is not a function
    at Remote.getClientNum (D:\fangyuan\gitWrokSpace\snake\server\dist\servers\center\net\remote\main.js:7:9)
    at Object.handleMsgAwait (D:\fangyuan\gitWrokSpace\snake\server\node_modules\mydog\lib\components\rpcService.js:113:52)
    at RpcClientSocket.onData (D:\fangyuan\gitWrokSpace\snake\server\node_modules\mydog\lib\components\rpcClient.js:193:32)
    at TcpClient.emit (node:events:514:28)
    at decode (D:\fangyuan\gitWrokSpace\snake\server\node_modules\mydog\lib\components\msgCoder.js:53:28)
    at TcpClient.onData (D:\fangyuan\gitWrokSpace\snake\server\node_modules\mydog\lib\components\tcpClient.js:66:31)
    at Socket.emit (node:events:514:28)
    at addChunk (node:internal/streams/readable:324:12)
    at readableAddChunk (node:internal/streams/readable:297:9)
    at Readable.push (node:internal/streams/readable:234:10)
[2024-01-03T23:08:12.900] [ERROR] gameLog - TypeError: cb is not a function
    at Remote.getClientNum (D:\fangyuan\gitWrokSpace\snake\server\dist\servers\center\net\remote\main.js:7:9)
    at Object.handleMsgAwait (D:\fangyuan\gitWrokSpace\snake\server\node_modules\mydog\lib\components\rpcService.js:113:52)
    at RpcClientSocket.onData (D:\fangyuan\gitWrokSpace\snake\server\node_modules\mydog\lib\components\rpcClient.js:193:32)
    at TcpClient.emit (node:events:514:28)
    at decode (D:\fangyuan\gitWrokSpace\snake\server\node_modules\mydog\lib\components\msgCoder.js:53:28)
    at TcpClient.onData (D:\fangyuan\gitWrokSpace\snake\server\node_modules\mydog\lib\components\tcpClient.js:66:31)
    at Socket.emit (node:events:514:28)
    at addChunk (node:internal/streams/readable:324:12)
    at readableAddChunk (node:internal/streams/readable:297:9)
    at Readable.push (node:internal/streams/readable:234:10)
[2024-01-03T23:08:13.429] [ERROR] gameLog - TypeError: cb is not a function
    at Remote.getClientNum (D:\fangyuan\gitWrokSpace\snake\server\dist\servers\center\net\remote\main.js:7:9)
    at Object.handleMsgAwait (D:\fangyuan\gitWrokSpace\snake\server\node_modules\mydog\lib\components\rpcService.js:113:52)
    at RpcClientSocket.onData (D:\fangyuan\gitWrokSpace\snake\server\node_modules\mydog\lib\components\rpcClient.js:193:32)
    at TcpClient.emit (node:events:514:28)
    at decode (D:\fangyuan\gitWrokSpace\snake\server\node_modules\mydog\lib\components\msgCoder.js:53:28)
    at TcpClient.onData (D:\fangyuan\gitWrokSpace\snake\server\node_modules\mydog\lib\components\tcpClient.js:66:31)
    at Socket.emit (node:events:514:28)
    at addChunk (node:internal/streams/readable:324:12)
    at readableAddChunk (node:internal/streams/readable:297:9)
    at Readable.push (node:internal/streams/readable:234:10)
[2024-01-03T23:08:13.915] [ERROR] gameLog - TypeError: cb is not a function
    at Remote.getClientNum (D:\fangyuan\gitWrokSpace\snake\server\dist\servers\center\net\remote\main.js:7:9)
    at Object.handleMsgAwait (D:\fangyuan\gitWrokSpace\snake\server\node_modules\mydog\lib\components\rpcService.js:113:52)
    at RpcClientSocket.onData (D:\fangyuan\gitWrokSpace\snake\server\node_modules\mydog\lib\components\rpcClient.js:193:32)
    at TcpClient.emit (node:events:514:28)
    at decode (D:\fangyuan\gitWrokSpace\snake\server\node_modules\mydog\lib\components\msgCoder.js:53:28)
    at TcpClient.onData (D:\fangyuan\gitWrokSpace\snake\server\node_modules\mydog\lib\components\tcpClient.js:66:31)
    at Socket.emit (node:events:514:28)
    at addChunk (node:internal/streams/readable:324:12)
    at readableAddChunk (node:internal/streams/readable:297:9)
    at Readable.push (node:internal/streams/readable:234:10)
[2024-01-03T23:08:14.439] [ERROR] gameLog - TypeError: cb is not a function
    at Remote.getClientNum (D:\fangyuan\gitWrokSpace\snake\server\dist\servers\center\net\remote\main.js:7:9)
    at Object.handleMsgAwait (D:\fangyuan\gitWrokSpace\snake\server\node_modules\mydog\lib\components\rpcService.js:113:52)
    at RpcClientSocket.onData (D:\fangyuan\gitWrokSpace\snake\server\node_modules\mydog\lib\components\rpcClient.js:193:32)
    at TcpClient.emit (node:events:514:28)
    at decode (D:\fangyuan\gitWrokSpace\snake\server\node_modules\mydog\lib\components\msgCoder.js:53:28)
    at TcpClient.onData (D:\fangyuan\gitWrokSpace\snake\server\node_modules\mydog\lib\components\tcpClient.js:66:31)
    at Socket.emit (node:events:514:28)
    at addChunk (node:internal/streams/readable:324:12)
    at readableAddChunk (node:internal/streams/readable:297:9)
    at Readable.push (node:internal/streams/readable:234:10)
[2024-01-03T23:08:14.937] [ERROR] gameLog - TypeError: cb is not a function
    at Remote.getClientNum (D:\fangyuan\gitWrokSpace\snake\server\dist\servers\center\net\remote\main.js:7:9)
    at Object.handleMsgAwait (D:\fangyuan\gitWrokSpace\snake\server\node_modules\mydog\lib\components\rpcService.js:113:52)
    at RpcClientSocket.onData (D:\fangyuan\gitWrokSpace\snake\server\node_modules\mydog\lib\components\rpcClient.js:193:32)
    at TcpClient.emit (node:events:514:28)
    at decode (D:\fangyuan\gitWrokSpace\snake\server\node_modules\mydog\lib\components\msgCoder.js:53:28)
    at TcpClient.onData (D:\fangyuan\gitWrokSpace\snake\server\node_modules\mydog\lib\components\tcpClient.js:66:31)
    at Socket.emit (node:events:514:28)
    at addChunk (node:internal/streams/readable:324:12)
    at readableAddChunk (node:internal/streams/readable:297:9)
    at Readable.push (node:internal/streams/readable:234:10)
[2024-01-03T23:08:15.447] [ERROR] gameLog - TypeError: cb is not a function
    at Remote.getClientNum (D:\fangyuan\gitWrokSpace\snake\server\dist\servers\center\net\remote\main.js:7:9)
    at Object.handleMsgAwait (D:\fangyuan\gitWrokSpace\snake\server\node_modules\mydog\lib\components\rpcService.js:113:52)
    at RpcClientSocket.onData (D:\fangyuan\gitWrokSpace\snake\server\node_modules\mydog\lib\components\rpcClient.js:193:32)
    at TcpClient.emit (node:events:514:28)
    at decode (D:\fangyuan\gitWrokSpace\snake\server\node_modules\mydog\lib\components\msgCoder.js:53:28)
    at TcpClient.onData (D:\fangyuan\gitWrokSpace\snake\server\node_modules\mydog\lib\components\tcpClient.js:66:31)
    at Socket.emit (node:events:514:28)
    at addChunk (node:internal/streams/readable:324:12)
    at readableAddChunk (node:internal/streams/readable:297:9)
    at Readable.push (node:internal/streams/readable:234:10)
[2024-01-03T23:08:15.977] [ERROR] gameLog - TypeError: cb is not a function
    at Remote.getClientNum (D:\fangyuan\gitWrokSpace\snake\server\dist\servers\center\net\remote\main.js:7:9)
    at Object.handleMsgAwait (D:\fangyuan\gitWrokSpace\snake\server\node_modules\mydog\lib\components\rpcService.js:113:52)
    at RpcClientSocket.onData (D:\fangyuan\gitWrokSpace\snake\server\node_modules\mydog\lib\components\rpcClient.js:193:32)
    at TcpClient.emit (node:events:514:28)
    at decode (D:\fangyuan\gitWrokSpace\snake\server\node_modules\mydog\lib\components\msgCoder.js:53:28)
    at TcpClient.onData (D:\fangyuan\gitWrokSpace\snake\server\node_modules\mydog\lib\components\tcpClient.js:66:31)
    at Socket.emit (node:events:514:28)
    at addChunk (node:internal/streams/readable:324:12)
    at readableAddChunk (node:internal/streams/readable:297:9)
    at Readable.push (node:internal/streams/readable:234:10)
[2024-01-03T23:08:16.487] [ERROR] gameLog - TypeError: cb is not a function
    at Remote.getClientNum (D:\fangyuan\gitWrokSpace\snake\server\dist\servers\center\net\remote\main.js:7:9)
    at Object.handleMsgAwait (D:\fangyuan\gitWrokSpace\snake\server\node_modules\mydog\lib\components\rpcService.js:113:52)
    at RpcClientSocket.onData (D:\fangyuan\gitWrokSpace\snake\server\node_modules\mydog\lib\components\rpcClient.js:193:32)
    at TcpClient.emit (node:events:514:28)
    at decode (D:\fangyuan\gitWrokSpace\snake\server\node_modules\mydog\lib\components\msgCoder.js:53:28)
    at TcpClient.onData (D:\fangyuan\gitWrokSpace\snake\server\node_modules\mydog\lib\components\tcpClient.js:66:31)
    at Socket.emit (node:events:514:28)
    at addChunk (node:internal/streams/readable:324:12)
    at readableAddChunk (node:internal/streams/readable:297:9)
    at Readable.push (node:internal/streams/readable:234:10)
[2024-01-03T23:08:16.986] [ERROR] gameLog - TypeError: cb is not a function
    at Remote.getClientNum (D:\fangyuan\gitWrokSpace\snake\server\dist\servers\center\net\remote\main.js:7:9)
    at Object.handleMsgAwait (D:\fangyuan\gitWrokSpace\snake\server\node_modules\mydog\lib\components\rpcService.js:113:52)
    at RpcClientSocket.onData (D:\fangyuan\gitWrokSpace\snake\server\node_modules\mydog\lib\components\rpcClient.js:193:32)
    at TcpClient.emit (node:events:514:28)
    at decode (D:\fangyuan\gitWrokSpace\snake\server\node_modules\mydog\lib\components\msgCoder.js:53:28)
    at TcpClient.onData (D:\fangyuan\gitWrokSpace\snake\server\node_modules\mydog\lib\components\tcpClient.js:66:31)
    at Socket.emit (node:events:514:28)
    at addChunk (node:internal/streams/readable:324:12)
    at readableAddChunk (node:internal/streams/readable:297:9)
    at Readable.push (node:internal/streams/readable:234:10)
[2024-01-03T23:08:17.497] [ERROR] gameLog - TypeError: cb is not a function
    at Remote.getClientNum (D:\fangyuan\gitWrokSpace\snake\server\dist\servers\center\net\remote\main.js:7:9)
    at Object.handleMsgAwait (D:\fangyuan\gitWrokSpace\snake\server\node_modules\mydog\lib\components\rpcService.js:113:52)
    at RpcClientSocket.onData (D:\fangyuan\gitWrokSpace\snake\server\node_modules\mydog\lib\components\rpcClient.js:193:32)
    at TcpClient.emit (node:events:514:28)
    at decode (D:\fangyuan\gitWrokSpace\snake\server\node_modules\mydog\lib\components\msgCoder.js:53:28)
    at TcpClient.onData (D:\fangyuan\gitWrokSpace\snake\server\node_modules\mydog\lib\components\tcpClient.js:66:31)
    at Socket.emit (node:events:514:28)
    at addChunk (node:internal/streams/readable:324:12)
    at readableAddChunk (node:internal/streams/readable:297:9)
    at Readable.push (node:internal/streams/readable:234:10)
[2024-01-03T23:08:18.016] [ERROR] gameLog - TypeError: cb is not a function
    at Remote.getClientNum (D:\fangyuan\gitWrokSpace\snake\server\dist\servers\center\net\remote\main.js:7:9)
    at Object.handleMsgAwait (D:\fangyuan\gitWrokSpace\snake\server\node_modules\mydog\lib\components\rpcService.js:113:52)
    at RpcClientSocket.onData (D:\fangyuan\gitWrokSpace\snake\server\node_modules\mydog\lib\components\rpcClient.js:193:32)
    at TcpClient.emit (node:events:514:28)
    at decode (D:\fangyuan\gitWrokSpace\snake\server\node_modules\mydog\lib\components\msgCoder.js:53:28)
    at TcpClient.onData (D:\fangyuan\gitWrokSpace\snake\server\node_modules\mydog\lib\components\tcpClient.js:66:31)
    at Socket.emit (node:events:514:28)
    at addChunk (node:internal/streams/readable:324:12)
    at readableAddChunk (node:internal/streams/readable:297:9)
    at Readable.push (node:internal/streams/readable:234:10)
[2024-01-03T23:08:18.521] [ERROR] gameLog - TypeError: cb is not a function
    at Remote.getClientNum (D:\fangyuan\gitWrokSpace\snake\server\dist\servers\center\net\remote\main.js:7:9)
    at Object.handleMsgAwait (D:\fangyuan\gitWrokSpace\snake\server\node_modules\mydog\lib\components\rpcService.js:113:52)
    at RpcClientSocket.onData (D:\fangyuan\gitWrokSpace\snake\server\node_modules\mydog\lib\components\rpcClient.js:193:32)
    at TcpClient.emit (node:events:514:28)
    at decode (D:\fangyuan\gitWrokSpace\snake\server\node_modules\mydog\lib\components\msgCoder.js:53:28)
    at TcpClient.onData (D:\fangyuan\gitWrokSpace\snake\server\node_modules\mydog\lib\components\tcpClient.js:66:31)
    at Socket.emit (node:events:514:28)
    at addChunk (node:internal/streams/readable:324:12)
    at readableAddChunk (node:internal/streams/readable:297:9)
    at Readable.push (node:internal/streams/readable:234:10)
[2024-01-03T23:08:19.031] [ERROR] gameLog - TypeError: cb is not a function
    at Remote.getClientNum (D:\fangyuan\gitWrokSpace\snake\server\dist\servers\center\net\remote\main.js:7:9)
    at Object.handleMsgAwait (D:\fangyuan\gitWrokSpace\snake\server\node_modules\mydog\lib\components\rpcService.js:113:52)
    at RpcClientSocket.onData (D:\fangyuan\gitWrokSpace\snake\server\node_modules\mydog\lib\components\rpcClient.js:193:32)
    at TcpClient.emit (node:events:514:28)
    at decode (D:\fangyuan\gitWrokSpace\snake\server\node_modules\mydog\lib\components\msgCoder.js:53:28)
    at TcpClient.onData (D:\fangyuan\gitWrokSpace\snake\server\node_modules\mydog\lib\components\tcpClient.js:66:31)
    at Socket.emit (node:events:514:28)
    at addChunk (node:internal/streams/readable:324:12)
    at readableAddChunk (node:internal/streams/readable:297:9)
    at Readable.push (node:internal/streams/readable:234:10)
[2024-01-03T23:08:19.525] [ERROR] gameLog - TypeError: cb is not a function
    at Remote.getClientNum (D:\fangyuan\gitWrokSpace\snake\server\dist\servers\center\net\remote\main.js:7:9)
    at Object.handleMsgAwait (D:\fangyuan\gitWrokSpace\snake\server\node_modules\mydog\lib\components\rpcService.js:113:52)
    at RpcClientSocket.onData (D:\fangyuan\gitWrokSpace\snake\server\node_modules\mydog\lib\components\rpcClient.js:193:32)
    at TcpClient.emit (node:events:514:28)
    at decode (D:\fangyuan\gitWrokSpace\snake\server\node_modules\mydog\lib\components\msgCoder.js:53:28)
    at TcpClient.onData (D:\fangyuan\gitWrokSpace\snake\server\node_modules\mydog\lib\components\tcpClient.js:66:31)
    at Socket.emit (node:events:514:28)
    at addChunk (node:internal/streams/readable:324:12)
    at readableAddChunk (node:internal/streams/readable:297:9)
    at Readable.push (node:internal/streams/readable:234:10)
[2024-01-03T23:08:20.042] [ERROR] gameLog - TypeError: cb is not a function
    at Remote.getClientNum (D:\fangyuan\gitWrokSpace\snake\server\dist\servers\center\net\remote\main.js:7:9)
    at Object.handleMsgAwait (D:\fangyuan\gitWrokSpace\snake\server\node_modules\mydog\lib\components\rpcService.js:113:52)
    at RpcClientSocket.onData (D:\fangyuan\gitWrokSpace\snake\server\node_modules\mydog\lib\components\rpcClient.js:193:32)
    at TcpClient.emit (node:events:514:28)
    at decode (D:\fangyuan\gitWrokSpace\snake\server\node_modules\mydog\lib\components\msgCoder.js:53:28)
    at TcpClient.onData (D:\fangyuan\gitWrokSpace\snake\server\node_modules\mydog\lib\components\tcpClient.js:66:31)
    at Socket.emit (node:events:514:28)
    at addChunk (node:internal/streams/readable:324:12)
    at readableAddChunk (node:internal/streams/readable:297:9)
    at Readable.push (node:internal/streams/readable:234:10)
[2024-01-03T23:08:20.526] [ERROR] gameLog - TypeError: cb is not a function
    at Remote.getClientNum (D:\fangyuan\gitWrokSpace\snake\server\dist\servers\center\net\remote\main.js:7:9)
    at Object.handleMsgAwait (D:\fangyuan\gitWrokSpace\snake\server\node_modules\mydog\lib\components\rpcService.js:113:52)
    at RpcClientSocket.onData (D:\fangyuan\gitWrokSpace\snake\server\node_modules\mydog\lib\components\rpcClient.js:193:32)
    at TcpClient.emit (node:events:514:28)
    at decode (D:\fangyuan\gitWrokSpace\snake\server\node_modules\mydog\lib\components\msgCoder.js:53:28)
    at TcpClient.onData (D:\fangyuan\gitWrokSpace\snake\server\node_modules\mydog\lib\components\tcpClient.js:66:31)
    at Socket.emit (node:events:514:28)
    at addChunk (node:internal/streams/readable:324:12)
    at readableAddChunk (node:internal/streams/readable:297:9)
    at Readable.push (node:internal/streams/readable:234:10)
[2024-01-03T23:08:21.031] [ERROR] gameLog - TypeError: cb is not a function
    at Remote.getClientNum (D:\fangyuan\gitWrokSpace\snake\server\dist\servers\center\net\remote\main.js:7:9)
    at Object.handleMsgAwait (D:\fangyuan\gitWrokSpace\snake\server\node_modules\mydog\lib\components\rpcService.js:113:52)
    at RpcClientSocket.onData (D:\fangyuan\gitWrokSpace\snake\server\node_modules\mydog\lib\components\rpcClient.js:193:32)
    at TcpClient.emit (node:events:514:28)
    at decode (D:\fangyuan\gitWrokSpace\snake\server\node_modules\mydog\lib\components\msgCoder.js:53:28)
    at TcpClient.onData (D:\fangyuan\gitWrokSpace\snake\server\node_modules\mydog\lib\components\tcpClient.js:66:31)
    at Socket.emit (node:events:514:28)
    at addChunk (node:internal/streams/readable:324:12)
    at readableAddChunk (node:internal/streams/readable:297:9)
    at Readable.push (node:internal/streams/readable:234:10)
[2024-01-03T23:08:21.553] [ERROR] gameLog - TypeError: cb is not a function
    at Remote.getClientNum (D:\fangyuan\gitWrokSpace\snake\server\dist\servers\center\net\remote\main.js:7:9)
    at Object.handleMsgAwait (D:\fangyuan\gitWrokSpace\snake\server\node_modules\mydog\lib\components\rpcService.js:113:52)
    at RpcClientSocket.onData (D:\fangyuan\gitWrokSpace\snake\server\node_modules\mydog\lib\components\rpcClient.js:193:32)
    at TcpClient.emit (node:events:514:28)
    at decode (D:\fangyuan\gitWrokSpace\snake\server\node_modules\mydog\lib\components\msgCoder.js:53:28)
    at TcpClient.onData (D:\fangyuan\gitWrokSpace\snake\server\node_modules\mydog\lib\components\tcpClient.js:66:31)
    at Socket.emit (node:events:514:28)
    at addChunk (node:internal/streams/readable:324:12)
    at readableAddChunk (node:internal/streams/readable:297:9)
    at Readable.push (node:internal/streams/readable:234:10)
[2024-01-03T23:08:22.066] [ERROR] gameLog - TypeError: cb is not a function
    at Remote.getClientNum (D:\fangyuan\gitWrokSpace\snake\server\dist\servers\center\net\remote\main.js:7:9)
    at Object.handleMsgAwait (D:\fangyuan\gitWrokSpace\snake\server\node_modules\mydog\lib\components\rpcService.js:113:52)
    at RpcClientSocket.onData (D:\fangyuan\gitWrokSpace\snake\server\node_modules\mydog\lib\components\rpcClient.js:193:32)
    at TcpClient.emit (node:events:514:28)
    at decode (D:\fangyuan\gitWrokSpace\snake\server\node_modules\mydog\lib\components\msgCoder.js:53:28)
    at TcpClient.onData (D:\fangyuan\gitWrokSpace\snake\server\node_modules\mydog\lib\components\tcpClient.js:66:31)
    at Socket.emit (node:events:514:28)
    at addChunk (node:internal/streams/readable:324:12)
    at readableAddChunk (node:internal/streams/readable:297:9)
    at Readable.push (node:internal/streams/readable:234:10)
[2024-01-03T23:08:22.574] [ERROR] gameLog - TypeError: cb is not a function
    at Remote.getClientNum (D:\fangyuan\gitWrokSpace\snake\server\dist\servers\center\net\remote\main.js:7:9)
    at Object.handleMsgAwait (D:\fangyuan\gitWrokSpace\snake\server\node_modules\mydog\lib\components\rpcService.js:113:52)
    at RpcClientSocket.onData (D:\fangyuan\gitWrokSpace\snake\server\node_modules\mydog\lib\components\rpcClient.js:193:32)
    at TcpClient.emit (node:events:514:28)
    at decode (D:\fangyuan\gitWrokSpace\snake\server\node_modules\mydog\lib\components\msgCoder.js:53:28)
    at TcpClient.onData (D:\fangyuan\gitWrokSpace\snake\server\node_modules\mydog\lib\components\tcpClient.js:66:31)
    at Socket.emit (node:events:514:28)
    at addChunk (node:internal/streams/readable:324:12)
    at readableAddChunk (node:internal/streams/readable:297:9)
    at Readable.push (node:internal/streams/readable:234:10)
[2024-01-03T23:08:23.088] [ERROR] gameLog - TypeError: cb is not a function
    at Remote.getClientNum (D:\fangyuan\gitWrokSpace\snake\server\dist\servers\center\net\remote\main.js:7:9)
    at Object.handleMsgAwait (D:\fangyuan\gitWrokSpace\snake\server\node_modules\mydog\lib\components\rpcService.js:113:52)
    at RpcClientSocket.onData (D:\fangyuan\gitWrokSpace\snake\server\node_modules\mydog\lib\components\rpcClient.js:193:32)
    at TcpClient.emit (node:events:514:28)
    at decode (D:\fangyuan\gitWrokSpace\snake\server\node_modules\mydog\lib\components\msgCoder.js:53:28)
    at TcpClient.onData (D:\fangyuan\gitWrokSpace\snake\server\node_modules\mydog\lib\components\tcpClient.js:66:31)
    at Socket.emit (node:events:514:28)
    at addChunk (node:internal/streams/readable:324:12)
    at readableAddChunk (node:internal/streams/readable:297:9)
    at Readable.push (node:internal/streams/readable:234:10)
[2024-01-03T23:08:23.585] [ERROR] gameLog - TypeError: cb is not a function
    at Remote.getClientNum (D:\fangyuan\gitWrokSpace\snake\server\dist\servers\center\net\remote\main.js:7:9)
    at Object.handleMsgAwait (D:\fangyuan\gitWrokSpace\snake\server\node_modules\mydog\lib\components\rpcService.js:113:52)
    at RpcClientSocket.onData (D:\fangyuan\gitWrokSpace\snake\server\node_modules\mydog\lib\components\rpcClient.js:193:32)
    at TcpClient.emit (node:events:514:28)
    at decode (D:\fangyuan\gitWrokSpace\snake\server\node_modules\mydog\lib\components\msgCoder.js:53:28)
    at TcpClient.onData (D:\fangyuan\gitWrokSpace\snake\server\node_modules\mydog\lib\components\tcpClient.js:66:31)
    at Socket.emit (node:events:514:28)
    at addChunk (node:internal/streams/readable:324:12)
    at readableAddChunk (node:internal/streams/readable:297:9)
    at Readable.push (node:internal/streams/readable:234:10)
[2024-01-03T23:08:24.099] [ERROR] gameLog - TypeError: cb is not a function
    at Remote.getClientNum (D:\fangyuan\gitWrokSpace\snake\server\dist\servers\center\net\remote\main.js:7:9)
    at Object.handleMsgAwait (D:\fangyuan\gitWrokSpace\snake\server\node_modules\mydog\lib\components\rpcService.js:113:52)
    at RpcClientSocket.onData (D:\fangyuan\gitWrokSpace\snake\server\node_modules\mydog\lib\components\rpcClient.js:193:32)
    at TcpClient.emit (node:events:514:28)
    at decode (D:\fangyuan\gitWrokSpace\snake\server\node_modules\mydog\lib\components\msgCoder.js:53:28)
    at TcpClient.onData (D:\fangyuan\gitWrokSpace\snake\server\node_modules\mydog\lib\components\tcpClient.js:66:31)
    at Socket.emit (node:events:514:28)
    at addChunk (node:internal/streams/readable:324:12)
    at readableAddChunk (node:internal/streams/readable:297:9)
    at Readable.push (node:internal/streams/readable:234:10)
[2024-01-03T23:08:24.572] [ERROR] gameLog - TypeError: cb is not a function
    at Remote.getClientNum (D:\fangyuan\gitWrokSpace\snake\server\dist\servers\center\net\remote\main.js:7:9)
    at Object.handleMsgAwait (D:\fangyuan\gitWrokSpace\snake\server\node_modules\mydog\lib\components\rpcService.js:113:52)
    at RpcClientSocket.onData (D:\fangyuan\gitWrokSpace\snake\server\node_modules\mydog\lib\components\rpcClient.js:193:32)
    at TcpClient.emit (node:events:514:28)
    at decode (D:\fangyuan\gitWrokSpace\snake\server\node_modules\mydog\lib\components\msgCoder.js:53:28)
    at TcpClient.onData (D:\fangyuan\gitWrokSpace\snake\server\node_modules\mydog\lib\components\tcpClient.js:66:31)
    at Socket.emit (node:events:514:28)
    at addChunk (node:internal/streams/readable:324:12)
    at readableAddChunk (node:internal/streams/readable:297:9)
    at Readable.push (node:internal/streams/readable:234:10)
[2024-01-03T23:08:25.074] [ERROR] gameLog - TypeError: cb is not a function
    at Remote.getClientNum (D:\fangyuan\gitWrokSpace\snake\server\dist\servers\center\net\remote\main.js:7:9)
    at Object.handleMsgAwait (D:\fangyuan\gitWrokSpace\snake\server\node_modules\mydog\lib\components\rpcService.js:113:52)
    at RpcClientSocket.onData (D:\fangyuan\gitWrokSpace\snake\server\node_modules\mydog\lib\components\rpcClient.js:193:32)
    at TcpClient.emit (node:events:514:28)
    at decode (D:\fangyuan\gitWrokSpace\snake\server\node_modules\mydog\lib\components\msgCoder.js:53:28)
    at TcpClient.onData (D:\fangyuan\gitWrokSpace\snake\server\node_modules\mydog\lib\components\tcpClient.js:66:31)
    at Socket.emit (node:events:514:28)
    at addChunk (node:internal/streams/readable:324:12)
    at readableAddChunk (node:internal/streams/readable:297:9)
    at Readable.push (node:internal/streams/readable:234:10)
[2024-01-03T23:08:25.573] [ERROR] gameLog - TypeError: cb is not a function
    at Remote.getClientNum (D:\fangyuan\gitWrokSpace\snake\server\dist\servers\center\net\remote\main.js:7:9)
    at Object.handleMsgAwait (D:\fangyuan\gitWrokSpace\snake\server\node_modules\mydog\lib\components\rpcService.js:113:52)
    at RpcClientSocket.onData (D:\fangyuan\gitWrokSpace\snake\server\node_modules\mydog\lib\components\rpcClient.js:193:32)
    at TcpClient.emit (node:events:514:28)
    at decode (D:\fangyuan\gitWrokSpace\snake\server\node_modules\mydog\lib\components\msgCoder.js:53:28)
    at TcpClient.onData (D:\fangyuan\gitWrokSpace\snake\server\node_modules\mydog\lib\components\tcpClient.js:66:31)
    at Socket.emit (node:events:514:28)
    at addChunk (node:internal/streams/readable:324:12)
    at readableAddChunk (node:internal/streams/readable:297:9)
    at Readable.push (node:internal/streams/readable:234:10)
[2024-01-03T23:08:26.075] [ERROR] gameLog - TypeError: cb is not a function
    at Remote.getClientNum (D:\fangyuan\gitWrokSpace\snake\server\dist\servers\center\net\remote\main.js:7:9)
    at Object.handleMsgAwait (D:\fangyuan\gitWrokSpace\snake\server\node_modules\mydog\lib\components\rpcService.js:113:52)
    at RpcClientSocket.onData (D:\fangyuan\gitWrokSpace\snake\server\node_modules\mydog\lib\components\rpcClient.js:193:32)
    at TcpClient.emit (node:events:514:28)
    at decode (D:\fangyuan\gitWrokSpace\snake\server\node_modules\mydog\lib\components\msgCoder.js:53:28)
    at TcpClient.onData (D:\fangyuan\gitWrokSpace\snake\server\node_modules\mydog\lib\components\tcpClient.js:66:31)
    at Socket.emit (node:events:514:28)
    at addChunk (node:internal/streams/readable:324:12)
    at readableAddChunk (node:internal/streams/readable:297:9)
    at Readable.push (node:internal/streams/readable:234:10)
[2024-01-03T23:08:26.576] [ERROR] gameLog - TypeError: cb is not a function
    at Remote.getClientNum (D:\fangyuan\gitWrokSpace\snake\server\dist\servers\center\net\remote\main.js:7:9)
    at Object.handleMsgAwait (D:\fangyuan\gitWrokSpace\snake\server\node_modules\mydog\lib\components\rpcService.js:113:52)
    at RpcClientSocket.onData (D:\fangyuan\gitWrokSpace\snake\server\node_modules\mydog\lib\components\rpcClient.js:193:32)
    at TcpClient.emit (node:events:514:28)
    at decode (D:\fangyuan\gitWrokSpace\snake\server\node_modules\mydog\lib\components\msgCoder.js:53:28)
    at TcpClient.onData (D:\fangyuan\gitWrokSpace\snake\server\node_modules\mydog\lib\components\tcpClient.js:66:31)
    at Socket.emit (node:events:514:28)
    at addChunk (node:internal/streams/readable:324:12)
    at readableAddChunk (node:internal/streams/readable:297:9)
    at Readable.push (node:internal/streams/readable:234:10)
[2024-01-03T23:08:27.114] [ERROR] gameLog - TypeError: cb is not a function
    at Remote.getClientNum (D:\fangyuan\gitWrokSpace\snake\server\dist\servers\center\net\remote\main.js:7:9)
    at Object.handleMsgAwait (D:\fangyuan\gitWrokSpace\snake\server\node_modules\mydog\lib\components\rpcService.js:113:52)
    at RpcClientSocket.onData (D:\fangyuan\gitWrokSpace\snake\server\node_modules\mydog\lib\components\rpcClient.js:193:32)
    at TcpClient.emit (node:events:514:28)
    at decode (D:\fangyuan\gitWrokSpace\snake\server\node_modules\mydog\lib\components\msgCoder.js:53:28)
    at TcpClient.onData (D:\fangyuan\gitWrokSpace\snake\server\node_modules\mydog\lib\components\tcpClient.js:66:31)
    at Socket.emit (node:events:514:28)
    at addChunk (node:internal/streams/readable:324:12)
    at readableAddChunk (node:internal/streams/readable:297:9)
    at Readable.push (node:internal/streams/readable:234:10)
[2024-01-03T23:08:27.605] [ERROR] gameLog - TypeError: cb is not a function
    at Remote.getClientNum (D:\fangyuan\gitWrokSpace\snake\server\dist\servers\center\net\remote\main.js:7:9)
    at Object.handleMsgAwait (D:\fangyuan\gitWrokSpace\snake\server\node_modules\mydog\lib\components\rpcService.js:113:52)
    at RpcClientSocket.onData (D:\fangyuan\gitWrokSpace\snake\server\node_modules\mydog\lib\components\rpcClient.js:193:32)
    at TcpClient.emit (node:events:514:28)
    at decode (D:\fangyuan\gitWrokSpace\snake\server\node_modules\mydog\lib\components\msgCoder.js:53:28)
    at TcpClient.onData (D:\fangyuan\gitWrokSpace\snake\server\node_modules\mydog\lib\components\tcpClient.js:66:31)
    at Socket.emit (node:events:514:28)
    at addChunk (node:internal/streams/readable:324:12)
    at readableAddChunk (node:internal/streams/readable:297:9)
    at Readable.push (node:internal/streams/readable:234:10)
[2024-01-03T23:08:28.101] [ERROR] gameLog - TypeError: cb is not a function
    at Remote.getClientNum (D:\fangyuan\gitWrokSpace\snake\server\dist\servers\center\net\remote\main.js:7:9)
    at Object.handleMsgAwait (D:\fangyuan\gitWrokSpace\snake\server\node_modules\mydog\lib\components\rpcService.js:113:52)
    at RpcClientSocket.onData (D:\fangyuan\gitWrokSpace\snake\server\node_modules\mydog\lib\components\rpcClient.js:193:32)
    at TcpClient.emit (node:events:514:28)
    at decode (D:\fangyuan\gitWrokSpace\snake\server\node_modules\mydog\lib\components\msgCoder.js:53:28)
    at TcpClient.onData (D:\fangyuan\gitWrokSpace\snake\server\node_modules\mydog\lib\components\tcpClient.js:66:31)
    at Socket.emit (node:events:514:28)
    at addChunk (node:internal/streams/readable:324:12)
    at readableAddChunk (node:internal/streams/readable:297:9)
    at Readable.push (node:internal/streams/readable:234:10)
[2024-01-03T23:08:28.626] [ERROR] gameLog - TypeError: cb is not a function
    at Remote.getClientNum (D:\fangyuan\gitWrokSpace\snake\server\dist\servers\center\net\remote\main.js:7:9)
    at Object.handleMsgAwait (D:\fangyuan\gitWrokSpace\snake\server\node_modules\mydog\lib\components\rpcService.js:113:52)
    at RpcClientSocket.onData (D:\fangyuan\gitWrokSpace\snake\server\node_modules\mydog\lib\components\rpcClient.js:193:32)
    at TcpClient.emit (node:events:514:28)
    at decode (D:\fangyuan\gitWrokSpace\snake\server\node_modules\mydog\lib\components\msgCoder.js:53:28)
    at TcpClient.onData (D:\fangyuan\gitWrokSpace\snake\server\node_modules\mydog\lib\components\tcpClient.js:66:31)
    at Socket.emit (node:events:514:28)
    at addChunk (node:internal/streams/readable:324:12)
    at readableAddChunk (node:internal/streams/readable:297:9)
    at Readable.push (node:internal/streams/readable:234:10)
[2024-01-03T23:08:29.129] [ERROR] gameLog - TypeError: cb is not a function
    at Remote.getClientNum (D:\fangyuan\gitWrokSpace\snake\server\dist\servers\center\net\remote\main.js:7:9)
    at Object.handleMsgAwait (D:\fangyuan\gitWrokSpace\snake\server\node_modules\mydog\lib\components\rpcService.js:113:52)
    at RpcClientSocket.onData (D:\fangyuan\gitWrokSpace\snake\server\node_modules\mydog\lib\components\rpcClient.js:193:32)
    at TcpClient.emit (node:events:514:28)
    at decode (D:\fangyuan\gitWrokSpace\snake\server\node_modules\mydog\lib\components\msgCoder.js:53:28)
    at TcpClient.onData (D:\fangyuan\gitWrokSpace\snake\server\node_modules\mydog\lib\components\tcpClient.js:66:31)
    at Socket.emit (node:events:514:28)
    at addChunk (node:internal/streams/readable:324:12)
    at readableAddChunk (node:internal/streams/readable:297:9)
    at Readable.push (node:internal/streams/readable:234:10)
[2024-01-03T23:08:29.646] [ERROR] gameLog - TypeError: cb is not a function
    at Remote.getClientNum (D:\fangyuan\gitWrokSpace\snake\server\dist\servers\center\net\remote\main.js:7:9)
    at Object.handleMsgAwait (D:\fangyuan\gitWrokSpace\snake\server\node_modules\mydog\lib\components\rpcService.js:113:52)
    at RpcClientSocket.onData (D:\fangyuan\gitWrokSpace\snake\server\node_modules\mydog\lib\components\rpcClient.js:193:32)
    at TcpClient.emit (node:events:514:28)
    at decode (D:\fangyuan\gitWrokSpace\snake\server\node_modules\mydog\lib\components\msgCoder.js:53:28)
    at TcpClient.onData (D:\fangyuan\gitWrokSpace\snake\server\node_modules\mydog\lib\components\tcpClient.js:66:31)
    at Socket.emit (node:events:514:28)
    at addChunk (node:internal/streams/readable:324:12)
    at readableAddChunk (node:internal/streams/readable:297:9)
    at Readable.push (node:internal/streams/readable:234:10)
[2024-01-03T23:08:30.133] [ERROR] gameLog - TypeError: cb is not a function
    at Remote.getClientNum (D:\fangyuan\gitWrokSpace\snake\server\dist\servers\center\net\remote\main.js:7:9)
    at Object.handleMsgAwait (D:\fangyuan\gitWrokSpace\snake\server\node_modules\mydog\lib\components\rpcService.js:113:52)
    at RpcClientSocket.onData (D:\fangyuan\gitWrokSpace\snake\server\node_modules\mydog\lib\components\rpcClient.js:193:32)
    at TcpClient.emit (node:events:514:28)
    at decode (D:\fangyuan\gitWrokSpace\snake\server\node_modules\mydog\lib\components\msgCoder.js:53:28)
    at TcpClient.onData (D:\fangyuan\gitWrokSpace\snake\server\node_modules\mydog\lib\components\tcpClient.js:66:31)
    at Socket.emit (node:events:514:28)
    at addChunk (node:internal/streams/readable:324:12)
    at readableAddChunk (node:internal/streams/readable:297:9)
    at Readable.push (node:internal/streams/readable:234:10)
[2024-01-03T23:08:30.641] [ERROR] gameLog - TypeError: cb is not a function
    at Remote.getClientNum (D:\fangyuan\gitWrokSpace\snake\server\dist\servers\center\net\remote\main.js:7:9)
    at Object.handleMsgAwait (D:\fangyuan\gitWrokSpace\snake\server\node_modules\mydog\lib\components\rpcService.js:113:52)
    at RpcClientSocket.onData (D:\fangyuan\gitWrokSpace\snake\server\node_modules\mydog\lib\components\rpcClient.js:193:32)
    at TcpClient.emit (node:events:514:28)
    at decode (D:\fangyuan\gitWrokSpace\snake\server\node_modules\mydog\lib\components\msgCoder.js:53:28)
    at TcpClient.onData (D:\fangyuan\gitWrokSpace\snake\server\node_modules\mydog\lib\components\tcpClient.js:66:31)
    at Socket.emit (node:events:514:28)
    at addChunk (node:internal/streams/readable:324:12)
    at readableAddChunk (node:internal/streams/readable:297:9)
    at Readable.push (node:internal/streams/readable:234:10)
[2024-01-03T23:08:31.142] [ERROR] gameLog - TypeError: cb is not a function
    at Remote.getClientNum (D:\fangyuan\gitWrokSpace\snake\server\dist\servers\center\net\remote\main.js:7:9)
    at Object.handleMsgAwait (D:\fangyuan\gitWrokSpace\snake\server\node_modules\mydog\lib\components\rpcService.js:113:52)
    at RpcClientSocket.onData (D:\fangyuan\gitWrokSpace\snake\server\node_modules\mydog\lib\components\rpcClient.js:193:32)
    at TcpClient.emit (node:events:514:28)
    at decode (D:\fangyuan\gitWrokSpace\snake\server\node_modules\mydog\lib\components\msgCoder.js:53:28)
    at TcpClient.onData (D:\fangyuan\gitWrokSpace\snake\server\node_modules\mydog\lib\components\tcpClient.js:66:31)
    at Socket.emit (node:events:514:28)
    at addChunk (node:internal/streams/readable:324:12)
    at readableAddChunk (node:internal/streams/readable:297:9)
    at Readable.push (node:internal/streams/readable:234:10)
[2024-01-03T23:18:50.659] [ERROR] gameLog - TypeError: cb is not a function
    at Remote.getClientNum (D:\fangyuan\gitWrokSpace\snake\server\dist\servers\center\net\remote\main.js:7:9)
    at Object.handleMsgAwait (D:\fangyuan\gitWrokSpace\snake\server\node_modules\mydog\lib\components\rpcService.js:113:52)
    at RpcClientSocket.onData (D:\fangyuan\gitWrokSpace\snake\server\node_modules\mydog\lib\components\rpcClient.js:193:32)
    at TcpClient.emit (node:events:514:28)
    at decode (D:\fangyuan\gitWrokSpace\snake\server\node_modules\mydog\lib\components\msgCoder.js:53:28)
    at TcpClient.onData (D:\fangyuan\gitWrokSpace\snake\server\node_modules\mydog\lib\components\tcpClient.js:66:31)
    at Socket.emit (node:events:514:28)
    at addChunk (node:internal/streams/readable:324:12)
    at readableAddChunk (node:internal/streams/readable:297:9)
    at Readable.push (node:internal/streams/readable:234:10)
[2024-01-03T23:18:51.206] [ERROR] gameLog - TypeError: cb is not a function
    at Remote.getClientNum (D:\fangyuan\gitWrokSpace\snake\server\dist\servers\center\net\remote\main.js:7:9)
    at Object.handleMsgAwait (D:\fangyuan\gitWrokSpace\snake\server\node_modules\mydog\lib\components\rpcService.js:113:52)
    at RpcClientSocket.onData (D:\fangyuan\gitWrokSpace\snake\server\node_modules\mydog\lib\components\rpcClient.js:193:32)
    at TcpClient.emit (node:events:514:28)
    at decode (D:\fangyuan\gitWrokSpace\snake\server\node_modules\mydog\lib\components\msgCoder.js:53:28)
    at TcpClient.onData (D:\fangyuan\gitWrokSpace\snake\server\node_modules\mydog\lib\components\tcpClient.js:66:31)
    at Socket.emit (node:events:514:28)
    at addChunk (node:internal/streams/readable:324:12)
    at readableAddChunk (node:internal/streams/readable:297:9)
    at Readable.push (node:internal/streams/readable:234:10)
[2024-01-03T23:18:51.689] [ERROR] gameLog - TypeError: cb is not a function
    at Remote.getClientNum (D:\fangyuan\gitWrokSpace\snake\server\dist\servers\center\net\remote\main.js:7:9)
    at Object.handleMsgAwait (D:\fangyuan\gitWrokSpace\snake\server\node_modules\mydog\lib\components\rpcService.js:113:52)
    at RpcClientSocket.onData (D:\fangyuan\gitWrokSpace\snake\server\node_modules\mydog\lib\components\rpcClient.js:193:32)
    at TcpClient.emit (node:events:514:28)
    at decode (D:\fangyuan\gitWrokSpace\snake\server\node_modules\mydog\lib\components\msgCoder.js:53:28)
    at TcpClient.onData (D:\fangyuan\gitWrokSpace\snake\server\node_modules\mydog\lib\components\tcpClient.js:66:31)
    at Socket.emit (node:events:514:28)
    at addChunk (node:internal/streams/readable:324:12)
    at readableAddChunk (node:internal/streams/readable:297:9)
    at Readable.push (node:internal/streams/readable:234:10)
[2024-01-03T23:18:52.195] [ERROR] gameLog - TypeError: cb is not a function
    at Remote.getClientNum (D:\fangyuan\gitWrokSpace\snake\server\dist\servers\center\net\remote\main.js:7:9)
    at Object.handleMsgAwait (D:\fangyuan\gitWrokSpace\snake\server\node_modules\mydog\lib\components\rpcService.js:113:52)
    at RpcClientSocket.onData (D:\fangyuan\gitWrokSpace\snake\server\node_modules\mydog\lib\components\rpcClient.js:193:32)
    at TcpClient.emit (node:events:514:28)
    at decode (D:\fangyuan\gitWrokSpace\snake\server\node_modules\mydog\lib\components\msgCoder.js:53:28)
    at TcpClient.onData (D:\fangyuan\gitWrokSpace\snake\server\node_modules\mydog\lib\components\tcpClient.js:66:31)
    at Socket.emit (node:events:514:28)
    at addChunk (node:internal/streams/readable:324:12)
    at readableAddChunk (node:internal/streams/readable:297:9)
    at Readable.push (node:internal/streams/readable:234:10)
[2024-01-03T23:18:52.692] [ERROR] gameLog - TypeError: cb is not a function
    at Remote.getClientNum (D:\fangyuan\gitWrokSpace\snake\server\dist\servers\center\net\remote\main.js:7:9)
    at Object.handleMsgAwait (D:\fangyuan\gitWrokSpace\snake\server\node_modules\mydog\lib\components\rpcService.js:113:52)
    at RpcClientSocket.onData (D:\fangyuan\gitWrokSpace\snake\server\node_modules\mydog\lib\components\rpcClient.js:193:32)
    at TcpClient.emit (node:events:514:28)
    at decode (D:\fangyuan\gitWrokSpace\snake\server\node_modules\mydog\lib\components\msgCoder.js:53:28)
    at TcpClient.onData (D:\fangyuan\gitWrokSpace\snake\server\node_modules\mydog\lib\components\tcpClient.js:66:31)
    at Socket.emit (node:events:514:28)
    at addChunk (node:internal/streams/readable:324:12)
    at readableAddChunk (node:internal/streams/readable:297:9)
    at Readable.push (node:internal/streams/readable:234:10)
[2024-01-03T23:18:53.219] [ERROR] gameLog - TypeError: cb is not a function
    at Remote.getClientNum (D:\fangyuan\gitWrokSpace\snake\server\dist\servers\center\net\remote\main.js:7:9)
    at Object.handleMsgAwait (D:\fangyuan\gitWrokSpace\snake\server\node_modules\mydog\lib\components\rpcService.js:113:52)
    at RpcClientSocket.onData (D:\fangyuan\gitWrokSpace\snake\server\node_modules\mydog\lib\components\rpcClient.js:193:32)
    at TcpClient.emit (node:events:514:28)
    at decode (D:\fangyuan\gitWrokSpace\snake\server\node_modules\mydog\lib\components\msgCoder.js:53:28)
    at TcpClient.onData (D:\fangyuan\gitWrokSpace\snake\server\node_modules\mydog\lib\components\tcpClient.js:66:31)
    at Socket.emit (node:events:514:28)
    at addChunk (node:internal/streams/readable:324:12)
    at readableAddChunk (node:internal/streams/readable:297:9)
    at Readable.push (node:internal/streams/readable:234:10)
[2024-01-03T23:18:53.738] [ERROR] gameLog - TypeError: cb is not a function
    at Remote.getClientNum (D:\fangyuan\gitWrokSpace\snake\server\dist\servers\center\net\remote\main.js:7:9)
    at Object.handleMsgAwait (D:\fangyuan\gitWrokSpace\snake\server\node_modules\mydog\lib\components\rpcService.js:113:52)
    at RpcClientSocket.onData (D:\fangyuan\gitWrokSpace\snake\server\node_modules\mydog\lib\components\rpcClient.js:193:32)
    at TcpClient.emit (node:events:514:28)
    at decode (D:\fangyuan\gitWrokSpace\snake\server\node_modules\mydog\lib\components\msgCoder.js:53:28)
    at TcpClient.onData (D:\fangyuan\gitWrokSpace\snake\server\node_modules\mydog\lib\components\tcpClient.js:66:31)
    at Socket.emit (node:events:514:28)
    at addChunk (node:internal/streams/readable:324:12)
    at readableAddChunk (node:internal/streams/readable:297:9)
    at Readable.push (node:internal/streams/readable:234:10)
[2024-01-03T23:18:54.248] [ERROR] gameLog - TypeError: cb is not a function
    at Remote.getClientNum (D:\fangyuan\gitWrokSpace\snake\server\dist\servers\center\net\remote\main.js:7:9)
    at Object.handleMsgAwait (D:\fangyuan\gitWrokSpace\snake\server\node_modules\mydog\lib\components\rpcService.js:113:52)
    at RpcClientSocket.onData (D:\fangyuan\gitWrokSpace\snake\server\node_modules\mydog\lib\components\rpcClient.js:193:32)
    at TcpClient.emit (node:events:514:28)
    at decode (D:\fangyuan\gitWrokSpace\snake\server\node_modules\mydog\lib\components\msgCoder.js:53:28)
    at TcpClient.onData (D:\fangyuan\gitWrokSpace\snake\server\node_modules\mydog\lib\components\tcpClient.js:66:31)
    at Socket.emit (node:events:514:28)
    at addChunk (node:internal/streams/readable:324:12)
    at readableAddChunk (node:internal/streams/readable:297:9)
    at Readable.push (node:internal/streams/readable:234:10)
[2024-01-03T23:18:54.733] [ERROR] gameLog - TypeError: cb is not a function
    at Remote.getClientNum (D:\fangyuan\gitWrokSpace\snake\server\dist\servers\center\net\remote\main.js:7:9)
    at Object.handleMsgAwait (D:\fangyuan\gitWrokSpace\snake\server\node_modules\mydog\lib\components\rpcService.js:113:52)
    at RpcClientSocket.onData (D:\fangyuan\gitWrokSpace\snake\server\node_modules\mydog\lib\components\rpcClient.js:193:32)
    at TcpClient.emit (node:events:514:28)
    at decode (D:\fangyuan\gitWrokSpace\snake\server\node_modules\mydog\lib\components\msgCoder.js:53:28)
    at TcpClient.onData (D:\fangyuan\gitWrokSpace\snake\server\node_modules\mydog\lib\components\tcpClient.js:66:31)
    at Socket.emit (node:events:514:28)
    at addChunk (node:internal/streams/readable:324:12)
    at readableAddChunk (node:internal/streams/readable:297:9)
    at Readable.push (node:internal/streams/readable:234:10)
[2024-01-03T23:18:55.272] [ERROR] gameLog - TypeError: cb is not a function
    at Remote.getClientNum (D:\fangyuan\gitWrokSpace\snake\server\dist\servers\center\net\remote\main.js:7:9)
    at Object.handleMsgAwait (D:\fangyuan\gitWrokSpace\snake\server\node_modules\mydog\lib\components\rpcService.js:113:52)
    at RpcClientSocket.onData (D:\fangyuan\gitWrokSpace\snake\server\node_modules\mydog\lib\components\rpcClient.js:193:32)
    at TcpClient.emit (node:events:514:28)
    at decode (D:\fangyuan\gitWrokSpace\snake\server\node_modules\mydog\lib\components\msgCoder.js:53:28)
    at TcpClient.onData (D:\fangyuan\gitWrokSpace\snake\server\node_modules\mydog\lib\components\tcpClient.js:66:31)
    at Socket.emit (node:events:514:28)
    at addChunk (node:internal/streams/readable:324:12)
    at readableAddChunk (node:internal/streams/readable:297:9)
    at Readable.push (node:internal/streams/readable:234:10)
[2024-01-03T23:18:55.749] [ERROR] gameLog - TypeError: cb is not a function
    at Remote.getClientNum (D:\fangyuan\gitWrokSpace\snake\server\dist\servers\center\net\remote\main.js:7:9)
    at Object.handleMsgAwait (D:\fangyuan\gitWrokSpace\snake\server\node_modules\mydog\lib\components\rpcService.js:113:52)
    at RpcClientSocket.onData (D:\fangyuan\gitWrokSpace\snake\server\node_modules\mydog\lib\components\rpcClient.js:193:32)
    at TcpClient.emit (node:events:514:28)
    at decode (D:\fangyuan\gitWrokSpace\snake\server\node_modules\mydog\lib\components\msgCoder.js:53:28)
    at TcpClient.onData (D:\fangyuan\gitWrokSpace\snake\server\node_modules\mydog\lib\components\tcpClient.js:66:31)
    at Socket.emit (node:events:514:28)
    at addChunk (node:internal/streams/readable:324:12)
    at readableAddChunk (node:internal/streams/readable:297:9)
    at Readable.push (node:internal/streams/readable:234:10)
[2024-01-03T23:18:56.253] [ERROR] gameLog - TypeError: cb is not a function
    at Remote.getClientNum (D:\fangyuan\gitWrokSpace\snake\server\dist\servers\center\net\remote\main.js:7:9)
    at Object.handleMsgAwait (D:\fangyuan\gitWrokSpace\snake\server\node_modules\mydog\lib\components\rpcService.js:113:52)
    at RpcClientSocket.onData (D:\fangyuan\gitWrokSpace\snake\server\node_modules\mydog\lib\components\rpcClient.js:193:32)
    at TcpClient.emit (node:events:514:28)
    at decode (D:\fangyuan\gitWrokSpace\snake\server\node_modules\mydog\lib\components\msgCoder.js:53:28)
    at TcpClient.onData (D:\fangyuan\gitWrokSpace\snake\server\node_modules\mydog\lib\components\tcpClient.js:66:31)
    at Socket.emit (node:events:514:28)
    at addChunk (node:internal/streams/readable:324:12)
    at readableAddChunk (node:internal/streams/readable:297:9)
    at Readable.push (node:internal/streams/readable:234:10)
[2024-01-03T23:18:56.786] [ERROR] gameLog - TypeError: cb is not a function
    at Remote.getClientNum (D:\fangyuan\gitWrokSpace\snake\server\dist\servers\center\net\remote\main.js:7:9)
    at Object.handleMsgAwait (D:\fangyuan\gitWrokSpace\snake\server\node_modules\mydog\lib\components\rpcService.js:113:52)
    at RpcClientSocket.onData (D:\fangyuan\gitWrokSpace\snake\server\node_modules\mydog\lib\components\rpcClient.js:193:32)
    at TcpClient.emit (node:events:514:28)
    at decode (D:\fangyuan\gitWrokSpace\snake\server\node_modules\mydog\lib\components\msgCoder.js:53:28)
    at TcpClient.onData (D:\fangyuan\gitWrokSpace\snake\server\node_modules\mydog\lib\components\tcpClient.js:66:31)
    at Socket.emit (node:events:514:28)
    at addChunk (node:internal/streams/readable:324:12)
    at readableAddChunk (node:internal/streams/readable:297:9)
    at Readable.push (node:internal/streams/readable:234:10)
[2024-01-03T23:18:57.271] [ERROR] gameLog - TypeError: cb is not a function
    at Remote.getClientNum (D:\fangyuan\gitWrokSpace\snake\server\dist\servers\center\net\remote\main.js:7:9)
    at Object.handleMsgAwait (D:\fangyuan\gitWrokSpace\snake\server\node_modules\mydog\lib\components\rpcService.js:113:52)
    at RpcClientSocket.onData (D:\fangyuan\gitWrokSpace\snake\server\node_modules\mydog\lib\components\rpcClient.js:193:32)
    at TcpClient.emit (node:events:514:28)
    at decode (D:\fangyuan\gitWrokSpace\snake\server\node_modules\mydog\lib\components\msgCoder.js:53:28)
    at TcpClient.onData (D:\fangyuan\gitWrokSpace\snake\server\node_modules\mydog\lib\components\tcpClient.js:66:31)
    at Socket.emit (node:events:514:28)
    at addChunk (node:internal/streams/readable:324:12)
    at readableAddChunk (node:internal/streams/readable:297:9)
    at Readable.push (node:internal/streams/readable:234:10)
[2024-01-03T23:18:57.781] [ERROR] gameLog - TypeError: cb is not a function
    at Remote.getClientNum (D:\fangyuan\gitWrokSpace\snake\server\dist\servers\center\net\remote\main.js:7:9)
    at Object.handleMsgAwait (D:\fangyuan\gitWrokSpace\snake\server\node_modules\mydog\lib\components\rpcService.js:113:52)
    at RpcClientSocket.onData (D:\fangyuan\gitWrokSpace\snake\server\node_modules\mydog\lib\components\rpcClient.js:193:32)
    at TcpClient.emit (node:events:514:28)
    at decode (D:\fangyuan\gitWrokSpace\snake\server\node_modules\mydog\lib\components\msgCoder.js:53:28)
    at TcpClient.onData (D:\fangyuan\gitWrokSpace\snake\server\node_modules\mydog\lib\components\tcpClient.js:66:31)
    at Socket.emit (node:events:514:28)
    at addChunk (node:internal/streams/readable:324:12)
    at readableAddChunk (node:internal/streams/readable:297:9)
    at Readable.push (node:internal/streams/readable:234:10)
[2024-01-03T23:18:58.313] [ERROR] gameLog - TypeError: cb is not a function
    at Remote.getClientNum (D:\fangyuan\gitWrokSpace\snake\server\dist\servers\center\net\remote\main.js:7:9)
    at Object.handleMsgAwait (D:\fangyuan\gitWrokSpace\snake\server\node_modules\mydog\lib\components\rpcService.js:113:52)
    at RpcClientSocket.onData (D:\fangyuan\gitWrokSpace\snake\server\node_modules\mydog\lib\components\rpcClient.js:193:32)
    at TcpClient.emit (node:events:514:28)
    at decode (D:\fangyuan\gitWrokSpace\snake\server\node_modules\mydog\lib\components\msgCoder.js:53:28)
    at TcpClient.onData (D:\fangyuan\gitWrokSpace\snake\server\node_modules\mydog\lib\components\tcpClient.js:66:31)
    at Socket.emit (node:events:514:28)
    at addChunk (node:internal/streams/readable:324:12)
    at readableAddChunk (node:internal/streams/readable:297:9)
    at Readable.push (node:internal/streams/readable:234:10)
[2024-01-03T23:18:58.805] [ERROR] gameLog - TypeError: cb is not a function
    at Remote.getClientNum (D:\fangyuan\gitWrokSpace\snake\server\dist\servers\center\net\remote\main.js:7:9)
    at Object.handleMsgAwait (D:\fangyuan\gitWrokSpace\snake\server\node_modules\mydog\lib\components\rpcService.js:113:52)
    at RpcClientSocket.onData (D:\fangyuan\gitWrokSpace\snake\server\node_modules\mydog\lib\components\rpcClient.js:193:32)
    at TcpClient.emit (node:events:514:28)
    at decode (D:\fangyuan\gitWrokSpace\snake\server\node_modules\mydog\lib\components\msgCoder.js:53:28)
    at TcpClient.onData (D:\fangyuan\gitWrokSpace\snake\server\node_modules\mydog\lib\components\tcpClient.js:66:31)
    at Socket.emit (node:events:514:28)
    at addChunk (node:internal/streams/readable:324:12)
    at readableAddChunk (node:internal/streams/readable:297:9)
    at Readable.push (node:internal/streams/readable:234:10)
[2024-01-03T23:18:59.305] [ERROR] gameLog - TypeError: cb is not a function
    at Remote.getClientNum (D:\fangyuan\gitWrokSpace\snake\server\dist\servers\center\net\remote\main.js:7:9)
    at Object.handleMsgAwait (D:\fangyuan\gitWrokSpace\snake\server\node_modules\mydog\lib\components\rpcService.js:113:52)
    at RpcClientSocket.onData (D:\fangyuan\gitWrokSpace\snake\server\node_modules\mydog\lib\components\rpcClient.js:193:32)
    at TcpClient.emit (node:events:514:28)
    at decode (D:\fangyuan\gitWrokSpace\snake\server\node_modules\mydog\lib\components\msgCoder.js:53:28)
    at TcpClient.onData (D:\fangyuan\gitWrokSpace\snake\server\node_modules\mydog\lib\components\tcpClient.js:66:31)
    at Socket.emit (node:events:514:28)
    at addChunk (node:internal/streams/readable:324:12)
    at readableAddChunk (node:internal/streams/readable:297:9)
    at Readable.push (node:internal/streams/readable:234:10)
[2024-01-03T23:18:59.828] [ERROR] gameLog - TypeError: cb is not a function
    at Remote.getClientNum (D:\fangyuan\gitWrokSpace\snake\server\dist\servers\center\net\remote\main.js:7:9)
    at Object.handleMsgAwait (D:\fangyuan\gitWrokSpace\snake\server\node_modules\mydog\lib\components\rpcService.js:113:52)
    at RpcClientSocket.onData (D:\fangyuan\gitWrokSpace\snake\server\node_modules\mydog\lib\components\rpcClient.js:193:32)
    at TcpClient.emit (node:events:514:28)
    at decode (D:\fangyuan\gitWrokSpace\snake\server\node_modules\mydog\lib\components\msgCoder.js:53:28)
    at TcpClient.onData (D:\fangyuan\gitWrokSpace\snake\server\node_modules\mydog\lib\components\tcpClient.js:66:31)
    at Socket.emit (node:events:514:28)
    at addChunk (node:internal/streams/readable:324:12)
    at readableAddChunk (node:internal/streams/readable:297:9)
    at Readable.push (node:internal/streams/readable:234:10)
[2024-01-03T23:19:00.327] [ERROR] gameLog - TypeError: cb is not a function
    at Remote.getClientNum (D:\fangyuan\gitWrokSpace\snake\server\dist\servers\center\net\remote\main.js:7:9)
    at Object.handleMsgAwait (D:\fangyuan\gitWrokSpace\snake\server\node_modules\mydog\lib\components\rpcService.js:113:52)
    at RpcClientSocket.onData (D:\fangyuan\gitWrokSpace\snake\server\node_modules\mydog\lib\components\rpcClient.js:193:32)
    at TcpClient.emit (node:events:514:28)
    at decode (D:\fangyuan\gitWrokSpace\snake\server\node_modules\mydog\lib\components\msgCoder.js:53:28)
    at TcpClient.onData (D:\fangyuan\gitWrokSpace\snake\server\node_modules\mydog\lib\components\tcpClient.js:66:31)
    at Socket.emit (node:events:514:28)
    at addChunk (node:internal/streams/readable:324:12)
    at readableAddChunk (node:internal/streams/readable:297:9)
    at Readable.push (node:internal/streams/readable:234:10)
[2024-01-03T23:19:00.817] [ERROR] gameLog - TypeError: cb is not a function
    at Remote.getClientNum (D:\fangyuan\gitWrokSpace\snake\server\dist\servers\center\net\remote\main.js:7:9)
    at Object.handleMsgAwait (D:\fangyuan\gitWrokSpace\snake\server\node_modules\mydog\lib\components\rpcService.js:113:52)
    at RpcClientSocket.onData (D:\fangyuan\gitWrokSpace\snake\server\node_modules\mydog\lib\components\rpcClient.js:193:32)
    at TcpClient.emit (node:events:514:28)
    at decode (D:\fangyuan\gitWrokSpace\snake\server\node_modules\mydog\lib\components\msgCoder.js:53:28)
    at TcpClient.onData (D:\fangyuan\gitWrokSpace\snake\server\node_modules\mydog\lib\components\tcpClient.js:66:31)
    at Socket.emit (node:events:514:28)
    at addChunk (node:internal/streams/readable:324:12)
    at readableAddChunk (node:internal/streams/readable:297:9)
    at Readable.push (node:internal/streams/readable:234:10)
[2024-01-03T23:19:01.353] [ERROR] gameLog - TypeError: cb is not a function
    at Remote.getClientNum (D:\fangyuan\gitWrokSpace\snake\server\dist\servers\center\net\remote\main.js:7:9)
    at Object.handleMsgAwait (D:\fangyuan\gitWrokSpace\snake\server\node_modules\mydog\lib\components\rpcService.js:113:52)
    at RpcClientSocket.onData (D:\fangyuan\gitWrokSpace\snake\server\node_modules\mydog\lib\components\rpcClient.js:193:32)
    at TcpClient.emit (node:events:514:28)
    at decode (D:\fangyuan\gitWrokSpace\snake\server\node_modules\mydog\lib\components\msgCoder.js:53:28)
    at TcpClient.onData (D:\fangyuan\gitWrokSpace\snake\server\node_modules\mydog\lib\components\tcpClient.js:66:31)
    at Socket.emit (node:events:514:28)
    at addChunk (node:internal/streams/readable:324:12)
    at readableAddChunk (node:internal/streams/readable:297:9)
    at Readable.push (node:internal/streams/readable:234:10)
[2024-01-03T23:19:01.880] [ERROR] gameLog - TypeError: cb is not a function
    at Remote.getClientNum (D:\fangyuan\gitWrokSpace\snake\server\dist\servers\center\net\remote\main.js:7:9)
    at Object.handleMsgAwait (D:\fangyuan\gitWrokSpace\snake\server\node_modules\mydog\lib\components\rpcService.js:113:52)
    at RpcClientSocket.onData (D:\fangyuan\gitWrokSpace\snake\server\node_modules\mydog\lib\components\rpcClient.js:193:32)
    at TcpClient.emit (node:events:514:28)
    at decode (D:\fangyuan\gitWrokSpace\snake\server\node_modules\mydog\lib\components\msgCoder.js:53:28)
    at TcpClient.onData (D:\fangyuan\gitWrokSpace\snake\server\node_modules\mydog\lib\components\tcpClient.js:66:31)
    at Socket.emit (node:events:514:28)
    at addChunk (node:internal/streams/readable:324:12)
    at readableAddChunk (node:internal/streams/readable:297:9)
    at Readable.push (node:internal/streams/readable:234:10)
[2024-01-03T23:19:02.340] [ERROR] gameLog - TypeError: cb is not a function
    at Remote.getClientNum (D:\fangyuan\gitWrokSpace\snake\server\dist\servers\center\net\remote\main.js:7:9)
    at Object.handleMsgAwait (D:\fangyuan\gitWrokSpace\snake\server\node_modules\mydog\lib\components\rpcService.js:113:52)
    at RpcClientSocket.onData (D:\fangyuan\gitWrokSpace\snake\server\node_modules\mydog\lib\components\rpcClient.js:193:32)
    at TcpClient.emit (node:events:514:28)
    at decode (D:\fangyuan\gitWrokSpace\snake\server\node_modules\mydog\lib\components\msgCoder.js:53:28)
    at TcpClient.onData (D:\fangyuan\gitWrokSpace\snake\server\node_modules\mydog\lib\components\tcpClient.js:66:31)
    at Socket.emit (node:events:514:28)
    at addChunk (node:internal/streams/readable:324:12)
    at readableAddChunk (node:internal/streams/readable:297:9)
    at Readable.push (node:internal/streams/readable:234:10)
[2024-01-03T23:19:02.865] [ERROR] gameLog - TypeError: cb is not a function
    at Remote.getClientNum (D:\fangyuan\gitWrokSpace\snake\server\dist\servers\center\net\remote\main.js:7:9)
    at Object.handleMsgAwait (D:\fangyuan\gitWrokSpace\snake\server\node_modules\mydog\lib\components\rpcService.js:113:52)
    at RpcClientSocket.onData (D:\fangyuan\gitWrokSpace\snake\server\node_modules\mydog\lib\components\rpcClient.js:193:32)
    at TcpClient.emit (node:events:514:28)
    at decode (D:\fangyuan\gitWrokSpace\snake\server\node_modules\mydog\lib\components\msgCoder.js:53:28)
    at TcpClient.onData (D:\fangyuan\gitWrokSpace\snake\server\node_modules\mydog\lib\components\tcpClient.js:66:31)
    at Socket.emit (node:events:514:28)
    at addChunk (node:internal/streams/readable:324:12)
    at readableAddChunk (node:internal/streams/readable:297:9)
    at Readable.push (node:internal/streams/readable:234:10)
[2024-01-03T23:19:03.351] [ERROR] gameLog - TypeError: cb is not a function
    at Remote.getClientNum (D:\fangyuan\gitWrokSpace\snake\server\dist\servers\center\net\remote\main.js:7:9)
    at Object.handleMsgAwait (D:\fangyuan\gitWrokSpace\snake\server\node_modules\mydog\lib\components\rpcService.js:113:52)
    at RpcClientSocket.onData (D:\fangyuan\gitWrokSpace\snake\server\node_modules\mydog\lib\components\rpcClient.js:193:32)
    at TcpClient.emit (node:events:514:28)
    at decode (D:\fangyuan\gitWrokSpace\snake\server\node_modules\mydog\lib\components\msgCoder.js:53:28)
    at TcpClient.onData (D:\fangyuan\gitWrokSpace\snake\server\node_modules\mydog\lib\components\tcpClient.js:66:31)
    at Socket.emit (node:events:514:28)
    at addChunk (node:internal/streams/readable:324:12)
    at readableAddChunk (node:internal/streams/readable:297:9)
    at Readable.push (node:internal/streams/readable:234:10)
[2024-01-03T23:19:03.855] [ERROR] gameLog - TypeError: cb is not a function
    at Remote.getClientNum (D:\fangyuan\gitWrokSpace\snake\server\dist\servers\center\net\remote\main.js:7:9)
    at Object.handleMsgAwait (D:\fangyuan\gitWrokSpace\snake\server\node_modules\mydog\lib\components\rpcService.js:113:52)
    at RpcClientSocket.onData (D:\fangyuan\gitWrokSpace\snake\server\node_modules\mydog\lib\components\rpcClient.js:193:32)
    at TcpClient.emit (node:events:514:28)
    at decode (D:\fangyuan\gitWrokSpace\snake\server\node_modules\mydog\lib\components\msgCoder.js:53:28)
    at TcpClient.onData (D:\fangyuan\gitWrokSpace\snake\server\node_modules\mydog\lib\components\tcpClient.js:66:31)
    at Socket.emit (node:events:514:28)
    at addChunk (node:internal/streams/readable:324:12)
    at readableAddChunk (node:internal/streams/readable:297:9)
    at Readable.push (node:internal/streams/readable:234:10)
[2024-01-03T23:19:04.372] [ERROR] gameLog - TypeError: cb is not a function
    at Remote.getClientNum (D:\fangyuan\gitWrokSpace\snake\server\dist\servers\center\net\remote\main.js:7:9)
    at Object.handleMsgAwait (D:\fangyuan\gitWrokSpace\snake\server\node_modules\mydog\lib\components\rpcService.js:113:52)
    at RpcClientSocket.onData (D:\fangyuan\gitWrokSpace\snake\server\node_modules\mydog\lib\components\rpcClient.js:193:32)
    at TcpClient.emit (node:events:514:28)
    at decode (D:\fangyuan\gitWrokSpace\snake\server\node_modules\mydog\lib\components\msgCoder.js:53:28)
    at TcpClient.onData (D:\fangyuan\gitWrokSpace\snake\server\node_modules\mydog\lib\components\tcpClient.js:66:31)
    at Socket.emit (node:events:514:28)
    at addChunk (node:internal/streams/readable:324:12)
    at readableAddChunk (node:internal/streams/readable:297:9)
    at Readable.push (node:internal/streams/readable:234:10)
[2024-01-03T23:19:04.875] [ERROR] gameLog - TypeError: cb is not a function
    at Remote.getClientNum (D:\fangyuan\gitWrokSpace\snake\server\dist\servers\center\net\remote\main.js:7:9)
    at Object.handleMsgAwait (D:\fangyuan\gitWrokSpace\snake\server\node_modules\mydog\lib\components\rpcService.js:113:52)
    at RpcClientSocket.onData (D:\fangyuan\gitWrokSpace\snake\server\node_modules\mydog\lib\components\rpcClient.js:193:32)
    at TcpClient.emit (node:events:514:28)
    at decode (D:\fangyuan\gitWrokSpace\snake\server\node_modules\mydog\lib\components\msgCoder.js:53:28)
    at TcpClient.onData (D:\fangyuan\gitWrokSpace\snake\server\node_modules\mydog\lib\components\tcpClient.js:66:31)
    at Socket.emit (node:events:514:28)
    at addChunk (node:internal/streams/readable:324:12)
    at readableAddChunk (node:internal/streams/readable:297:9)
    at Readable.push (node:internal/streams/readable:234:10)
[2024-01-03T23:19:05.400] [ERROR] gameLog - TypeError: cb is not a function
    at Remote.getClientNum (D:\fangyuan\gitWrokSpace\snake\server\dist\servers\center\net\remote\main.js:7:9)
    at Object.handleMsgAwait (D:\fangyuan\gitWrokSpace\snake\server\node_modules\mydog\lib\components\rpcService.js:113:52)
    at RpcClientSocket.onData (D:\fangyuan\gitWrokSpace\snake\server\node_modules\mydog\lib\components\rpcClient.js:193:32)
    at TcpClient.emit (node:events:514:28)
    at decode (D:\fangyuan\gitWrokSpace\snake\server\node_modules\mydog\lib\components\msgCoder.js:53:28)
    at TcpClient.onData (D:\fangyuan\gitWrokSpace\snake\server\node_modules\mydog\lib\components\tcpClient.js:66:31)
    at Socket.emit (node:events:514:28)
    at addChunk (node:internal/streams/readable:324:12)
    at readableAddChunk (node:internal/streams/readable:297:9)
    at Readable.push (node:internal/streams/readable:234:10)
[2024-01-03T23:19:05.912] [ERROR] gameLog - TypeError: cb is not a function
    at Remote.getClientNum (D:\fangyuan\gitWrokSpace\snake\server\dist\servers\center\net\remote\main.js:7:9)
    at Object.handleMsgAwait (D:\fangyuan\gitWrokSpace\snake\server\node_modules\mydog\lib\components\rpcService.js:113:52)
    at RpcClientSocket.onData (D:\fangyuan\gitWrokSpace\snake\server\node_modules\mydog\lib\components\rpcClient.js:193:32)
    at TcpClient.emit (node:events:514:28)
    at decode (D:\fangyuan\gitWrokSpace\snake\server\node_modules\mydog\lib\components\msgCoder.js:53:28)
    at TcpClient.onData (D:\fangyuan\gitWrokSpace\snake\server\node_modules\mydog\lib\components\tcpClient.js:66:31)
    at Socket.emit (node:events:514:28)
    at addChunk (node:internal/streams/readable:324:12)
    at readableAddChunk (node:internal/streams/readable:297:9)
    at Readable.push (node:internal/streams/readable:234:10)
[2024-01-03T23:19:06.389] [ERROR] gameLog - TypeError: cb is not a function
    at Remote.getClientNum (D:\fangyuan\gitWrokSpace\snake\server\dist\servers\center\net\remote\main.js:7:9)
    at Object.handleMsgAwait (D:\fangyuan\gitWrokSpace\snake\server\node_modules\mydog\lib\components\rpcService.js:113:52)
    at RpcClientSocket.onData (D:\fangyuan\gitWrokSpace\snake\server\node_modules\mydog\lib\components\rpcClient.js:193:32)
    at TcpClient.emit (node:events:514:28)
    at decode (D:\fangyuan\gitWrokSpace\snake\server\node_modules\mydog\lib\components\msgCoder.js:53:28)
    at TcpClient.onData (D:\fangyuan\gitWrokSpace\snake\server\node_modules\mydog\lib\components\tcpClient.js:66:31)
    at Socket.emit (node:events:514:28)
    at addChunk (node:internal/streams/readable:324:12)
    at readableAddChunk (node:internal/streams/readable:297:9)
    at Readable.push (node:internal/streams/readable:234:10)
[2024-01-03T23:19:06.890] [ERROR] gameLog - TypeError: cb is not a function
    at Remote.getClientNum (D:\fangyuan\gitWrokSpace\snake\server\dist\servers\center\net\remote\main.js:7:9)
    at Object.handleMsgAwait (D:\fangyuan\gitWrokSpace\snake\server\node_modules\mydog\lib\components\rpcService.js:113:52)
    at RpcClientSocket.onData (D:\fangyuan\gitWrokSpace\snake\server\node_modules\mydog\lib\components\rpcClient.js:193:32)
    at TcpClient.emit (node:events:514:28)
    at decode (D:\fangyuan\gitWrokSpace\snake\server\node_modules\mydog\lib\components\msgCoder.js:53:28)
    at TcpClient.onData (D:\fangyuan\gitWrokSpace\snake\server\node_modules\mydog\lib\components\tcpClient.js:66:31)
    at Socket.emit (node:events:514:28)
    at addChunk (node:internal/streams/readable:324:12)
    at readableAddChunk (node:internal/streams/readable:297:9)
    at Readable.push (node:internal/streams/readable:234:10)
[2024-01-03T23:19:07.422] [ERROR] gameLog - TypeError: cb is not a function
    at Remote.getClientNum (D:\fangyuan\gitWrokSpace\snake\server\dist\servers\center\net\remote\main.js:7:9)
    at Object.handleMsgAwait (D:\fangyuan\gitWrokSpace\snake\server\node_modules\mydog\lib\components\rpcService.js:113:52)
    at RpcClientSocket.onData (D:\fangyuan\gitWrokSpace\snake\server\node_modules\mydog\lib\components\rpcClient.js:193:32)
    at TcpClient.emit (node:events:514:28)
    at decode (D:\fangyuan\gitWrokSpace\snake\server\node_modules\mydog\lib\components\msgCoder.js:53:28)
    at TcpClient.onData (D:\fangyuan\gitWrokSpace\snake\server\node_modules\mydog\lib\components\tcpClient.js:66:31)
    at Socket.emit (node:events:514:28)
    at addChunk (node:internal/streams/readable:324:12)
    at readableAddChunk (node:internal/streams/readable:297:9)
    at Readable.push (node:internal/streams/readable:234:10)
[2024-01-03T23:25:09.754] [ERROR] gameLog - [rpcClient.ts] heartbeat timeout, close the rpc socket: login
[2024-01-03T23:25:09.757] [ERROR] gameLog - [rpcClient.ts] socket closed, reconnect the rpc server later: login
[2024-01-03T23:26:05.933] [ERROR] gameLog - [rpcClient.ts] socket closed, reconnect the rpc server later: login
[2024-01-03T23:30:47.210] [ERROR] gameLog - [rpcClient.ts] heartbeat timeout, close the rpc socket: login
[2024-01-03T23:30:47.213] [ERROR] gameLog - [rpcClient.ts] socket closed, reconnect the rpc server later: login
[2024-01-03T23:31:41.932] [ERROR] gameLog - [rpcClient.ts] socket closed, reconnect the rpc server later: login
[2024-01-04T13:40:35.960] [ERROR] gameLog - [rpcClient.ts] heartbeat timeout, close the rpc socket: login
[2024-01-04T13:40:35.969] [ERROR] gameLog - [rpcClient.ts] socket closed, reconnect the rpc server later: login
[2024-01-04T13:41:28.058] [ERROR] gameLog - [rpcClient.ts] socket closed, reconnect the rpc server later: login
[2024-01-04T14:30:44.531] [ERROR] gameLog - [rpcClient.ts] socket closed, reconnect the rpc server later: info-0
[2024-01-04T14:30:45.247] [ERROR] gameLog - [monitor.ts] socket closed, try to reconnect master later
[2024-01-04T14:30:45.263] [ERROR] gameLog - [rpcClient.ts] socket closed, reconnect the rpc server later: login
[2024-01-04T14:44:20.481] [ERROR] gameLog - [rpcClient.ts] socket closed, reconnect the rpc server later: login
[2024-01-14T15:02:58.697] [ERROR] gameLog - [rpcClient.ts] socket closed, reconnect the rpc server later: info-0
[2024-01-14T15:02:58.701] [ERROR] gameLog - [rpcClient.ts] socket closed, reconnect the rpc server later: login
[2024-01-14T15:02:58.702] [ERROR] gameLog - [monitor.ts] socket closed, try to reconnect master later
[2024-01-15T21:28:02.313] [ERROR] gameLog - [rpcClient.ts] socket closed, reconnect the rpc server later: info-0
[2024-01-15T21:28:02.316] [ERROR] gameLog - [rpcClient.ts] socket closed, reconnect the rpc server later: login
[2024-01-15T21:28:02.317] [ERROR] gameLog - [monitor.ts] socket closed, try to reconnect master later
[2024-01-17T22:40:16.936] [ERROR] gameLog - Error: ENOENT: no such file or directory, open '../proto/center.proto'
    at Object.openSync (node:fs:603:3)
    at Object.readFileSync (node:fs:471:35)
    at fetch (D:\fangyuan\gitWrokSpace\snake\server\node_modules\protobufjs\src\root.js:173:34)
    at Root.load (D:\fangyuan\gitWrokSpace\snake\server\node_modules\protobufjs\src\root.js:207:13)
    at Root.loadSync (D:\fangyuan\gitWrokSpace\snake\server\node_modules\protobufjs\src\root.js:248:17)
    at loadSync (D:\fangyuan\gitWrokSpace\snake\server\node_modules\protobufjs\src\index-light.js:69:17)
    at ProtoManager.getEncodeDecodeFunc (D:\fangyuan\gitWrokSpace\snake\server\dist\common\manager\ProtoManager.js:15:55)
    at ProtoManager.decode (D:\fangyuan\gitWrokSpace\snake\server\dist\common\manager\ProtoManager.js:26:21)
    at D:\fangyuan\gitWrokSpace\snake\server\node_modules\mydog\lib\components\frontendServer.js:164:40
    at cbFunc (D:\fangyuan\gitWrokSpace\snake\server\node_modules\mydog\lib\components\filter.js:48:17) {
  errno: -4058,
  syscall: 'open',
  code: 'ENOENT',
  path: '../proto/center.proto'
}
[2024-01-17T22:42:00.712] [ERROR] gameLog - Error: no such type: center.CS_test
    at Root.lookupType (D:\fangyuan\gitWrokSpace\snake\server\node_modules\protobufjs\src\namespace.js:382:15)
    at ProtoManager.getEncodeDecodeFunc (D:\fangyuan\gitWrokSpace\snake\server\dist\common\manager\ProtoManager.js:17:58)
    at ProtoManager.decode (D:\fangyuan\gitWrokSpace\snake\server\dist\common\manager\ProtoManager.js:26:21)
    at D:\fangyuan\gitWrokSpace\snake\server\node_modules\mydog\lib\components\frontendServer.js:164:40
    at cbFunc (D:\fangyuan\gitWrokSpace\snake\server\node_modules\mydog\lib\components\filter.js:48:17)
    at Filter.globalBeforeFilter (D:\fangyuan\gitWrokSpace\snake\server\node_modules\mydog\lib\components\filter.js:55:9)
    at ClientManager.handleMsg (D:\fangyuan\gitWrokSpace\snake\server\node_modules\mydog\lib\components\frontendServer.js:158:29)
    at ClientSocket.onData (D:\fangyuan\gitWrokSpace\snake\server\node_modules\mydog\lib\connector\connectorProxyWs.js:129:32)
    at WsSocket.emit (node:events:514:28)
    at WsSocket.onData (D:\fangyuan\gitWrokSpace\snake\server\node_modules\mydog\lib\connector\connectorProxyWs.js:277:18)
[2024-01-17T22:42:03.531] [ERROR] gameLog - Error: no such type: center.CS_test
    at Root.lookupType (D:\fangyuan\gitWrokSpace\snake\server\node_modules\protobufjs\src\namespace.js:382:15)
    at ProtoManager.getEncodeDecodeFunc (D:\fangyuan\gitWrokSpace\snake\server\dist\common\manager\ProtoManager.js:17:58)
    at ProtoManager.decode (D:\fangyuan\gitWrokSpace\snake\server\dist\common\manager\ProtoManager.js:26:21)
    at D:\fangyuan\gitWrokSpace\snake\server\node_modules\mydog\lib\components\frontendServer.js:164:40
    at cbFunc (D:\fangyuan\gitWrokSpace\snake\server\node_modules\mydog\lib\components\filter.js:48:17)
    at Filter.globalBeforeFilter (D:\fangyuan\gitWrokSpace\snake\server\node_modules\mydog\lib\components\filter.js:55:9)
    at ClientManager.handleMsg (D:\fangyuan\gitWrokSpace\snake\server\node_modules\mydog\lib\components\frontendServer.js:158:29)
    at ClientSocket.onData (D:\fangyuan\gitWrokSpace\snake\server\node_modules\mydog\lib\connector\connectorProxyWs.js:129:32)
    at WsSocket.emit (node:events:514:28)
    at WsSocket.onData (D:\fangyuan\gitWrokSpace\snake\server\node_modules\mydog\lib\connector\connectorProxyWs.js:277:18)
[2024-01-17T22:44:29.763] [ERROR] gameLog - TypeError: this.msgHandler[cmdArr[1]][cmdArr[2]] is not a function
    at D:\fangyuan\gitWrokSpace\snake\server\node_modules\mydog\lib\components\frontendServer.js:169:62
    at cbFunc (D:\fangyuan\gitWrokSpace\snake\server\node_modules\mydog\lib\components\filter.js:23:17)
    at Filter.beforeFilter (D:\fangyuan\gitWrokSpace\snake\server\node_modules\mydog\lib\components\filter.js:30:9)
    at D:\fangyuan\gitWrokSpace\snake\server\node_modules\mydog\lib\components\frontendServer.js:165:37
    at cbFunc (D:\fangyuan\gitWrokSpace\snake\server\node_modules\mydog\lib\components\filter.js:48:17)
    at Filter.globalBeforeFilter (D:\fangyuan\gitWrokSpace\snake\server\node_modules\mydog\lib\components\filter.js:55:9)
    at ClientManager.handleMsg (D:\fangyuan\gitWrokSpace\snake\server\node_modules\mydog\lib\components\frontendServer.js:158:29)
    at ClientSocket.onData (D:\fangyuan\gitWrokSpace\snake\server\node_modules\mydog\lib\connector\connectorProxyWs.js:129:32)
    at WsSocket.emit (node:events:514:28)
    at WsSocket.onData (D:\fangyuan\gitWrokSpace\snake\server\node_modules\mydog\lib\connector\connectorProxyWs.js:277:18)
[2024-01-17T22:44:49.145] [ERROR] gameLog - TypeError: this.msgHandler[cmdArr[1]][cmdArr[2]] is not a function
    at D:\fangyuan\gitWrokSpace\snake\server\node_modules\mydog\lib\components\frontendServer.js:169:62
    at cbFunc (D:\fangyuan\gitWrokSpace\snake\server\node_modules\mydog\lib\components\filter.js:23:17)
    at Filter.beforeFilter (D:\fangyuan\gitWrokSpace\snake\server\node_modules\mydog\lib\components\filter.js:30:9)
    at D:\fangyuan\gitWrokSpace\snake\server\node_modules\mydog\lib\components\frontendServer.js:165:37
    at cbFunc (D:\fangyuan\gitWrokSpace\snake\server\node_modules\mydog\lib\components\filter.js:48:17)
    at Filter.globalBeforeFilter (D:\fangyuan\gitWrokSpace\snake\server\node_modules\mydog\lib\components\filter.js:55:9)
    at ClientManager.handleMsg (D:\fangyuan\gitWrokSpace\snake\server\node_modules\mydog\lib\components\frontendServer.js:158:29)
    at ClientSocket.onData (D:\fangyuan\gitWrokSpace\snake\server\node_modules\mydog\lib\connector\connectorProxyWs.js:129:32)
    at WsSocket.emit (node:events:514:28)
    at WsSocket.onData (D:\fangyuan\gitWrokSpace\snake\server\node_modules\mydog\lib\connector\connectorProxyWs.js:277:18)
[2024-01-17T22:45:26.098] [ERROR] gameLog - TypeError: this.msgHandler[cmdArr[1]][cmdArr[2]] is not a function
    at D:\fangyuan\gitWrokSpace\snake\server\node_modules\mydog\lib\components\frontendServer.js:169:62
    at cbFunc (D:\fangyuan\gitWrokSpace\snake\server\node_modules\mydog\lib\components\filter.js:23:17)
    at Filter.beforeFilter (D:\fangyuan\gitWrokSpace\snake\server\node_modules\mydog\lib\components\filter.js:30:9)
    at D:\fangyuan\gitWrokSpace\snake\server\node_modules\mydog\lib\components\frontendServer.js:165:37
    at cbFunc (D:\fangyuan\gitWrokSpace\snake\server\node_modules\mydog\lib\components\filter.js:48:17)
    at Filter.globalBeforeFilter (D:\fangyuan\gitWrokSpace\snake\server\node_modules\mydog\lib\components\filter.js:55:9)
    at ClientManager.handleMsg (D:\fangyuan\gitWrokSpace\snake\server\node_modules\mydog\lib\components\frontendServer.js:158:29)
    at ClientSocket.onData (D:\fangyuan\gitWrokSpace\snake\server\node_modules\mydog\lib\connector\connectorProxyWs.js:129:32)
    at WsSocket.emit (node:events:514:28)
    at WsSocket.onData (D:\fangyuan\gitWrokSpace\snake\server\node_modules\mydog\lib\connector\connectorProxyWs.js:277:18)
[2024-01-21T22:07:42.233] [ERROR] gameLog - [rpcClient.ts] socket closed, reconnect the rpc server later: login
[2024-01-23T17:00:59.216] [ERROR] gameLog - [rpcClient.ts] socket closed, reconnect the rpc server later: login
[2024-01-23T22:45:33.747] [ERROR] gameLog - [rpcClient.ts] heartbeat timeout, close the rpc socket: info-0
[2024-01-23T22:45:33.749] [ERROR] gameLog - [rpcClient.ts] socket closed, reconnect the rpc server later: info-0
[2024-01-23T22:49:12.919] [ERROR] gameLog - [rpcClient.ts] heartbeat timeout, close the rpc socket: info-0
[2024-01-23T22:49:12.922] [ERROR] gameLog - [rpcClient.ts] socket closed, reconnect the rpc server later: info-0
[2024-01-23T22:51:17.714] [ERROR] gameLog - [rpcClient.ts] heartbeat timeout, close the rpc socket: info-0
[2024-01-23T22:51:17.715] [ERROR] gameLog - [rpcClient.ts] socket closed, reconnect the rpc server later: info-0
[2024-01-23T22:56:20.096] [ERROR] gameLog - [rpcClient.ts] heartbeat timeout, close the rpc socket: info-0
[2024-01-23T22:56:20.100] [ERROR] gameLog - [rpcClient.ts] socket closed, reconnect the rpc server later: info-0
[2024-01-23T22:59:40.555] [ERROR] gameLog - [rpcClient.ts] heartbeat timeout, close the rpc socket: info-0
[2024-01-23T22:59:40.558] [ERROR] gameLog - [rpcClient.ts] socket closed, reconnect the rpc server later: info-0
[2024-01-23T23:01:28.187] [ERROR] gameLog - [rpcClient.ts] socket closed, reconnect the rpc server later: info-0
[2024-01-23T23:04:24.446] [ERROR] gameLog - [rpcClient.ts] heartbeat timeout, close the rpc socket: info-0
[2024-01-23T23:04:24.449] [ERROR] gameLog - [rpcClient.ts] socket closed, reconnect the rpc server later: info-0
[2024-01-23T23:11:10.169] [ERROR] gameLog - [rpcClient.ts] heartbeat timeout, close the rpc socket: info-0
[2024-01-23T23:11:10.172] [ERROR] gameLog - [rpcClient.ts] socket closed, reconnect the rpc server later: info-0
